[0.301s] Invoking command in '/home/adi673/test_ws/build/my_robo_chassis': CMAKE_PREFIX_PATH=${CMAKE_PREFIX_PATH}:/opt/ros/humble /usr/bin/cmake --build /home/adi673/test_ws/build/my_robo_chassis -- -j4 -l4
[0.382s] Invoked command in '/home/adi673/test_ws/build/my_robo_chassis' returned '0': CMAKE_PREFIX_PATH=${CMAKE_PREFIX_PATH}:/opt/ros/humble /usr/bin/cmake --build /home/adi673/test_ws/build/my_robo_chassis -- -j4 -l4
[0.465s] Invoking command in '/home/adi673/test_ws/build/my_robo_chassis': CMAKE_PREFIX_PATH=${CMAKE_PREFIX_PATH}:/opt/ros/humble /usr/bin/cmake --install /home/adi673/test_ws/build/my_robo_chassis
[0.493s] -- Install configuration: ""
[0.495s] -- Execute custom install script
[0.496s] -- Up-to-date symlink: /home/adi673/test_ws/install/my_robo_chassis/share/my_robo_chassis/description/inertial_macros.xacro
[0.496s] -- Up-to-date symlink: /home/adi673/test_ws/install/my_robo_chassis/share/my_robo_chassis/description/robot.urdf.xacro
[0.497s] -- Up-to-date symlink: /home/adi673/test_ws/install/my_robo_chassis/share/my_robo_chassis/description/robot_core.xacro
[0.497s] -- Up-to-date symlink: /home/adi673/test_ws/install/my_robo_chassis/share/my_robo_chassis/launch/launch_sim.launch.py
[0.498s] -- Up-to-date symlink: /home/adi673/test_ws/install/my_robo_chassis/share/my_robo_chassis/launch/rsp.launch.py
[0.498s] -- Up-to-date symlink: /home/adi673/test_ws/install/my_robo_chassis/share/my_robo_chassis/worlds/empty.world
[0.498s] -- Up-to-date symlink: /home/adi673/test_ws/install/my_robo_chassis/share/my_robo_chassis/worlds/obstacles.world
[0.499s] -- Up-to-date symlink: /home/adi673/test_ws/install/my_robo_chassis/share/ament_index/resource_index/package_run_dependencies/my_robo_chassis
[0.499s] -- Up-to-date symlink: /home/adi673/test_ws/install/my_robo_chassis/share/ament_index/resource_index/parent_prefix_path/my_robo_chassis
[0.500s] -- Up-to-date symlink: /home/adi673/test_ws/install/my_robo_chassis/share/my_robo_chassis/environment/ament_prefix_path.sh
[0.501s] -- Up-to-date symlink: /home/adi673/test_ws/install/my_robo_chassis/share/my_robo_chassis/environment/ament_prefix_path.dsv
[0.503s] -- Up-to-date symlink: /home/adi673/test_ws/install/my_robo_chassis/share/my_robo_chassis/environment/path.sh
[0.503s] -- Up-to-date symlink: /home/adi673/test_ws/install/my_robo_chassis/share/my_robo_chassis/environment/path.dsv
[0.504s] -- Up-to-date symlink: /home/adi673/test_ws/install/my_robo_chassis/share/my_robo_chassis/local_setup.bash
[0.504s] -- Up-to-date symlink: /home/adi673/test_ws/install/my_robo_chassis/share/my_robo_chassis/local_setup.sh
[0.504s] -- Up-to-date symlink: /home/adi673/test_ws/install/my_robo_chassis/share/my_robo_chassis/local_setup.zsh
[0.504s] -- Up-to-date symlink: /home/adi673/test_ws/install/my_robo_chassis/share/my_robo_chassis/local_setup.dsv
[0.505s] -- Symlinking: /home/adi673/test_ws/install/my_robo_chassis/share/my_robo_chassis/package.dsv
[0.522s] -- Up-to-date symlink: /home/adi673/test_ws/install/my_robo_chassis/share/ament_index/resource_index/packages/my_robo_chassis
[0.523s] -- Up-to-date symlink: /home/adi673/test_ws/install/my_robo_chassis/share/my_robo_chassis/cmake/my_robo_chassisConfig.cmake
[0.523s] -- Up-to-date symlink: /home/adi673/test_ws/install/my_robo_chassis/share/my_robo_chassis/cmake/my_robo_chassisConfig-version.cmake
[0.523s] -- Up-to-date symlink: /home/adi673/test_ws/install/my_robo_chassis/share/my_robo_chassis/package.xml
[0.530s] Invoked command in '/home/adi673/test_ws/build/my_robo_chassis' returned '0': CMAKE_PREFIX_PATH=${CMAKE_PREFIX_PATH}:/opt/ros/humble /usr/bin/cmake --install /home/adi673/test_ws/build/my_robo_chassis
