[0.423s] Invoking command in '/home/adi673/test_ws/build/my_robo_chassis': CMAKE_PREFIX_PATH=${CMAKE_PREFIX_PATH}:/home/adi673/test_ws/install/my_robo_chassis:/opt/ros/humble /usr/bin/cmake /home/adi673/test_ws/src/my_robo_chassis -DCMAKE_INSTALL_PREFIX=/home/adi673/test_ws/install/my_robo_chassis
[0.588s] -- The C compiler identification is GNU 11.4.0
[0.739s] -- The CXX compiler identification is GNU 11.4.0
[0.754s] -- Detecting C compiler ABI info
[0.957s] -- Detecting C compiler ABI info - done
[0.977s] -- Check for working C compiler: /usr/bin/cc - skipped
[0.977s] -- Detecting C compile features
[0.978s] -- Detecting C compile features - done
[0.985s] -- Detecting CXX compiler ABI info
[1.169s] -- Detecting CXX compiler ABI info - done
[1.189s] -- Check for working CXX compiler: /usr/bin/c++ - skipped
[1.190s] -- Detecting CXX compile features
[1.191s] -- Detecting CXX compile features - done
[1.200s] -- Found ament_cmake: 1.3.5 (/opt/ros/humble/share/ament_cmake/cmake)
[1.636s] -- Found Python3: /usr/bin/python3.10 (found version "3.10.12") found components: Interpreter 
[1.891s] -- Found ament_lint_auto: 0.12.8 (/opt/ros/humble/share/ament_lint_auto/cmake)
[2.131s] -- Added test 'copyright' to check source files copyright and LICENSE
[2.138s] -- Added test 'flake8' to check Python code syntax and style conventions
[2.140s] -- Added test 'lint_cmake' to check CMake code style
[2.142s] -- Added test 'pep257' to check Python code against some of the docstring style conventions in PEP 257
[2.145s] -- Added test 'xmllint' to check XML markup files
[2.149s] -- Configuring done
[2.158s] -- Generating done
[2.158s] -- Build files have been written to: /home/adi673/test_ws/build/my_robo_chassis
[2.166s] Invoked command in '/home/adi673/test_ws/build/my_robo_chassis' returned '0': CMAKE_PREFIX_PATH=${CMAKE_PREFIX_PATH}:/home/adi673/test_ws/install/my_robo_chassis:/opt/ros/humble /usr/bin/cmake /home/adi673/test_ws/src/my_robo_chassis -DCMAKE_INSTALL_PREFIX=/home/adi673/test_ws/install/my_robo_chassis
[2.170s] Invoking command in '/home/adi673/test_ws/build/my_robo_chassis': CMAKE_PREFIX_PATH=${CMAKE_PREFIX_PATH}:/home/adi673/test_ws/install/my_robo_chassis:/opt/ros/humble /usr/bin/cmake --build /home/adi673/test_ws/build/my_robo_chassis -- -j4 -l4
[2.259s] Invoked command in '/home/adi673/test_ws/build/my_robo_chassis' returned '0': CMAKE_PREFIX_PATH=${CMAKE_PREFIX_PATH}:/home/adi673/test_ws/install/my_robo_chassis:/opt/ros/humble /usr/bin/cmake --build /home/adi673/test_ws/build/my_robo_chassis -- -j4 -l4
[2.313s] Invoking command in '/home/adi673/test_ws/build/my_robo_chassis': CMAKE_PREFIX_PATH=${CMAKE_PREFIX_PATH}:/home/adi673/test_ws/install/my_robo_chassis:/opt/ros/humble /usr/bin/cmake --install /home/adi673/test_ws/build/my_robo_chassis
[2.331s] -- Install configuration: ""
[2.332s] -- Installing: /home/adi673/test_ws/install/my_robo_chassis/share/my_robo_chassis/config
[2.332s] -- Installing: /home/adi673/test_ws/install/my_robo_chassis/share/my_robo_chassis/config/gaz_ros2_ctl_use_sim.yaml
[2.332s] -- Installing: /home/adi673/test_ws/install/my_robo_chassis/share/my_robo_chassis/config/twist_mux.yaml
[2.332s] -- Installing: /home/adi673/test_ws/install/my_robo_chassis/share/my_robo_chassis/config/gazebo_params.yaml
[2.333s] -- Installing: /home/adi673/test_ws/install/my_robo_chassis/share/my_robo_chassis/config/joystick.yaml
[2.333s] -- Installing: /home/adi673/test_ws/install/my_robo_chassis/share/my_robo_chassis/config/view_bot.rviz
[2.333s] -- Installing: /home/adi673/test_ws/install/my_robo_chassis/share/my_robo_chassis/config/nav2_params.yaml
[2.334s] -- Installing: /home/adi673/test_ws/install/my_robo_chassis/share/my_robo_chassis/config/drive_bot.rviz
[2.334s] -- Installing: /home/adi673/test_ws/install/my_robo_chassis/share/my_robo_chassis/config/mapper_params_online_async.yaml
[2.334s] -- Installing: /home/adi673/test_ws/install/my_robo_chassis/share/my_robo_chassis/config/my_controllers.yaml
[2.335s] -- Installing: /home/adi673/test_ws/install/my_robo_chassis/share/my_robo_chassis/config/main.rviz
[2.335s] -- Installing: /home/adi673/test_ws/install/my_robo_chassis/share/my_robo_chassis/config/map.rviz
[2.335s] -- Installing: /home/adi673/test_ws/install/my_robo_chassis/share/my_robo_chassis/config/empty.yaml
[2.336s] -- Installing: /home/adi673/test_ws/install/my_robo_chassis/share/my_robo_chassis/config/ball_tracker_params_robot.yaml
[2.336s] -- Installing: /home/adi673/test_ws/install/my_robo_chassis/share/my_robo_chassis/config/ball_tracker_params_sim.yaml
[2.337s] -- Installing: /home/adi673/test_ws/install/my_robo_chassis/share/my_robo_chassis/description
[2.337s] -- Installing: /home/adi673/test_ws/install/my_robo_chassis/share/my_robo_chassis/description/robot_core.xacro
[2.337s] -- Installing: /home/adi673/test_ws/install/my_robo_chassis/share/my_robo_chassis/description/robot.urdf.xacro
[2.338s] -- Installing: /home/adi673/test_ws/install/my_robo_chassis/share/my_robo_chassis/launch
[2.338s] -- Installing: /home/adi673/test_ws/install/my_robo_chassis/share/my_robo_chassis/launch/rsp.launch.py
[2.338s] -- Installing: /home/adi673/test_ws/install/my_robo_chassis/share/my_robo_chassis/worlds
[2.338s] -- Installing: /home/adi673/test_ws/install/my_robo_chassis/share/my_robo_chassis/worlds/empty.world
[2.338s] -- Installing: /home/adi673/test_ws/install/my_robo_chassis/share/my_robo_chassis/worlds/obstacles.world
[2.339s] -- Installing: /home/adi673/test_ws/install/my_robo_chassis/share/ament_index/resource_index/package_run_dependencies/my_robo_chassis
[2.339s] -- Installing: /home/adi673/test_ws/install/my_robo_chassis/share/ament_index/resource_index/parent_prefix_path/my_robo_chassis
[2.339s] -- Installing: /home/adi673/test_ws/install/my_robo_chassis/share/my_robo_chassis/environment/ament_prefix_path.sh
[2.339s] -- Installing: /home/adi673/test_ws/install/my_robo_chassis/share/my_robo_chassis/environment/ament_prefix_path.dsv
[2.340s] -- Installing: /home/adi673/test_ws/install/my_robo_chassis/share/my_robo_chassis/environment/path.sh
[2.341s] -- Installing: /home/adi673/test_ws/install/my_robo_chassis/share/my_robo_chassis/environment/path.dsv
[2.341s] -- Installing: /home/adi673/test_ws/install/my_robo_chassis/share/my_robo_chassis/local_setup.bash
[2.341s] -- Installing: /home/adi673/test_ws/install/my_robo_chassis/share/my_robo_chassis/local_setup.sh
[2.341s] -- Installing: /home/adi673/test_ws/install/my_robo_chassis/share/my_robo_chassis/local_setup.zsh
[2.342s] -- Installing: /home/adi673/test_ws/install/my_robo_chassis/share/my_robo_chassis/local_setup.dsv
[2.342s] -- Installing: /home/adi673/test_ws/install/my_robo_chassis/share/my_robo_chassis/package.dsv
[2.343s] -- Installing: /home/adi673/test_ws/install/my_robo_chassis/share/ament_index/resource_index/packages/my_robo_chassis
[2.343s] -- Installing: /home/adi673/test_ws/install/my_robo_chassis/share/my_robo_chassis/cmake/my_robo_chassisConfig.cmake
[2.343s] -- Installing: /home/adi673/test_ws/install/my_robo_chassis/share/my_robo_chassis/cmake/my_robo_chassisConfig-version.cmake
[2.343s] -- Installing: /home/adi673/test_ws/install/my_robo_chassis/share/my_robo_chassis/package.xml
[2.351s] Invoked command in '/home/adi673/test_ws/build/my_robo_chassis' returned '0': CMAKE_PREFIX_PATH=${CMAKE_PREFIX_PATH}:/home/adi673/test_ws/install/my_robo_chassis:/opt/ros/humble /usr/bin/cmake --install /home/adi673/test_ws/build/my_robo_chassis
