[1.970s] DEBUG:colcon:Command line arguments: ['/usr/bin/colcon', 'build', '--symlink-install']
[1.970s] DEBUG:colcon:Parsed command line arguments: Namespace(log_base=None, log_level=None, verb_name='build', build_base='build', install_base='install', merge_install=False, symlink_install=True, test_result_base=None, continue_on_error=False, executor='parallel', parallel_workers=4, event_handlers=None, ignore_user_meta=False, metas=['./colcon.meta'], base_paths=['.'], packages_ignore=None, packages_ignore_regex=None, paths=None, packages_up_to=None, packages_up_to_regex=None, packages_above=None, packages_above_and_dependencies=None, packages_above_depth=None, packages_select_by_dep=None, packages_skip_by_dep=None, packages_skip_up_to=None, packages_select_build_failed=False, packages_skip_build_finished=False, packages_select_test_failures=False, packages_skip_test_passed=False, packages_select=None, packages_skip=None, packages_select_regex=None, packages_skip_regex=None, packages_start=None, packages_end=None, allow_overriding=[], cmake_args=None, cmake_target=None, cmake_target_skip_unavailable=False, cmake_clean_cache=False, cmake_clean_first=False, cmake_force_configure=False, ament_cmake_args=None, catkin_cmake_args=None, catkin_skip_building_tests=False, verb_parser=<colcon_defaults.argument_parser.defaults.DefaultArgumentsDecorator object at 0x7fe7053d0280>, verb_extension=<colcon_core.verb.build.BuildVerb object at 0x7fe7053d24a0>, main=<bound method BuildVerb.main of <colcon_core.verb.build.BuildVerb object at 0x7fe7053d24a0>>)
[2.086s] Level 1:colcon.colcon_core.package_discovery:discover_packages(colcon_meta) check parameters
[2.086s] Level 1:colcon.colcon_core.package_discovery:discover_packages(recursive) check parameters
[2.086s] Level 1:colcon.colcon_core.package_discovery:discover_packages(ignore) check parameters
[2.086s] Level 1:colcon.colcon_core.package_discovery:discover_packages(path) check parameters
[2.086s] Level 1:colcon.colcon_core.package_discovery:discover_packages(colcon_meta) discover
[2.086s] Level 1:colcon.colcon_core.package_discovery:discover_packages(recursive) discover
[2.087s] INFO:colcon.colcon_core.package_discovery:Crawling recursively for packages in '/home/adi673/test_ws'
[2.087s] Level 1:colcon.colcon_core.package_identification:_identify(.) by extensions ['ignore', 'ignore_ament_install']
[2.087s] Level 1:colcon.colcon_core.package_identification:_identify(.) by extension 'ignore'
[2.087s] Level 1:colcon.colcon_core.package_identification:_identify(.) by extension 'ignore_ament_install'
[2.087s] Level 1:colcon.colcon_core.package_identification:_identify(.) by extensions ['colcon_pkg']
[2.087s] Level 1:colcon.colcon_core.package_identification:_identify(.) by extension 'colcon_pkg'
[2.087s] Level 1:colcon.colcon_core.package_identification:_identify(.) by extensions ['colcon_meta']
[2.088s] Level 1:colcon.colcon_core.package_identification:_identify(.) by extension 'colcon_meta'
[2.088s] Level 1:colcon.colcon_core.package_identification:_identify(.) by extensions ['ros']
[2.088s] Level 1:colcon.colcon_core.package_identification:_identify(.) by extension 'ros'
[2.111s] Level 1:colcon.colcon_core.package_identification:_identify(.) by extensions ['cmake', 'python']
[2.111s] Level 1:colcon.colcon_core.package_identification:_identify(.) by extension 'cmake'
[2.111s] Level 1:colcon.colcon_core.package_identification:_identify(.) by extension 'python'
[2.111s] Level 1:colcon.colcon_core.package_identification:_identify(.) by extensions ['python_setup_py']
[2.111s] Level 1:colcon.colcon_core.package_identification:_identify(.) by extension 'python_setup_py'
[2.112s] Level 1:colcon.colcon_core.package_identification:_identify(build) by extensions ['ignore', 'ignore_ament_install']
[2.112s] Level 1:colcon.colcon_core.package_identification:_identify(build) by extension 'ignore'
[2.112s] Level 1:colcon.colcon_core.package_identification:_identify(build) ignored
[2.112s] Level 1:colcon.colcon_core.package_identification:_identify(install) by extensions ['ignore', 'ignore_ament_install']
[2.113s] Level 1:colcon.colcon_core.package_identification:_identify(install) by extension 'ignore'
[2.113s] Level 1:colcon.colcon_core.package_identification:_identify(install) ignored
[2.113s] Level 1:colcon.colcon_core.package_identification:_identify(log) by extensions ['ignore', 'ignore_ament_install']
[2.113s] Level 1:colcon.colcon_core.package_identification:_identify(log) by extension 'ignore'
[2.113s] Level 1:colcon.colcon_core.package_identification:_identify(log) ignored
[2.113s] Level 1:colcon.colcon_core.package_identification:_identify(src) by extensions ['ignore', 'ignore_ament_install']
[2.114s] Level 1:colcon.colcon_core.package_identification:_identify(src) by extension 'ignore'
[2.114s] Level 1:colcon.colcon_core.package_identification:_identify(src) by extension 'ignore_ament_install'
[2.114s] Level 1:colcon.colcon_core.package_identification:_identify(src) by extensions ['colcon_pkg']
[2.114s] Level 1:colcon.colcon_core.package_identification:_identify(src) by extension 'colcon_pkg'
[2.114s] Level 1:colcon.colcon_core.package_identification:_identify(src) by extensions ['colcon_meta']
[2.114s] Level 1:colcon.colcon_core.package_identification:_identify(src) by extension 'colcon_meta'
[2.114s] Level 1:colcon.colcon_core.package_identification:_identify(src) by extensions ['ros']
[2.114s] Level 1:colcon.colcon_core.package_identification:_identify(src) by extension 'ros'
[2.114s] Level 1:colcon.colcon_core.package_identification:_identify(src) by extensions ['cmake', 'python']
[2.114s] Level 1:colcon.colcon_core.package_identification:_identify(src) by extension 'cmake'
[2.115s] Level 1:colcon.colcon_core.package_identification:_identify(src) by extension 'python'
[2.115s] Level 1:colcon.colcon_core.package_identification:_identify(src) by extensions ['python_setup_py']
[2.115s] Level 1:colcon.colcon_core.package_identification:_identify(src) by extension 'python_setup_py'
[2.115s] Level 1:colcon.colcon_core.package_identification:_identify(src/articubot_one) by extensions ['ignore', 'ignore_ament_install']
[2.115s] Level 1:colcon.colcon_core.package_identification:_identify(src/articubot_one) by extension 'ignore'
[2.115s] Level 1:colcon.colcon_core.package_identification:_identify(src/articubot_one) by extension 'ignore_ament_install'
[2.115s] Level 1:colcon.colcon_core.package_identification:_identify(src/articubot_one) by extensions ['colcon_pkg']
[2.115s] Level 1:colcon.colcon_core.package_identification:_identify(src/articubot_one) by extension 'colcon_pkg'
[2.116s] Level 1:colcon.colcon_core.package_identification:_identify(src/articubot_one) by extensions ['colcon_meta']
[2.116s] Level 1:colcon.colcon_core.package_identification:_identify(src/articubot_one) by extension 'colcon_meta'
[2.116s] Level 1:colcon.colcon_core.package_identification:_identify(src/articubot_one) by extensions ['ros']
[2.116s] Level 1:colcon.colcon_core.package_identification:_identify(src/articubot_one) by extension 'ros'
[2.121s] DEBUG:colcon.colcon_core.package_identification:Package 'src/articubot_one' with type 'ros.ament_cmake' and name 'articubot_one'
[2.121s] Level 1:colcon.colcon_core.package_identification:_identify(src/my_robo_chassis) by extensions ['ignore', 'ignore_ament_install']
[2.121s] Level 1:colcon.colcon_core.package_identification:_identify(src/my_robo_chassis) by extension 'ignore'
[2.121s] Level 1:colcon.colcon_core.package_identification:_identify(src/my_robo_chassis) by extension 'ignore_ament_install'
[2.122s] Level 1:colcon.colcon_core.package_identification:_identify(src/my_robo_chassis) by extensions ['colcon_pkg']
[2.122s] Level 1:colcon.colcon_core.package_identification:_identify(src/my_robo_chassis) by extension 'colcon_pkg'
[2.122s] Level 1:colcon.colcon_core.package_identification:_identify(src/my_robo_chassis) by extensions ['colcon_meta']
[2.122s] Level 1:colcon.colcon_core.package_identification:_identify(src/my_robo_chassis) by extension 'colcon_meta'
[2.122s] Level 1:colcon.colcon_core.package_identification:_identify(src/my_robo_chassis) by extensions ['ros']
[2.122s] Level 1:colcon.colcon_core.package_identification:_identify(src/my_robo_chassis) by extension 'ros'
[2.123s] DEBUG:colcon.colcon_core.package_identification:Package 'src/my_robo_chassis' with type 'ros.ament_cmake' and name 'my_robo_chassis'
[2.123s] Level 1:colcon.colcon_core.package_discovery:discover_packages(recursive) using defaults
[2.123s] Level 1:colcon.colcon_core.package_discovery:discover_packages(ignore) discover
[2.123s] Level 1:colcon.colcon_core.package_discovery:discover_packages(ignore) using defaults
[2.123s] Level 1:colcon.colcon_core.package_discovery:discover_packages(path) discover
[2.123s] Level 1:colcon.colcon_core.package_discovery:discover_packages(path) using defaults
[2.350s] Level 1:colcon.colcon_core.package_discovery:discover_packages(prefix_path) check parameters
[2.350s] Level 1:colcon.colcon_core.package_discovery:discover_packages(prefix_path) discover
[2.427s] DEBUG:colcon.colcon_installed_package_information.package_discovery:Found 2 installed packages in /home/adi673/test_ws/install
[2.464s] DEBUG:colcon.colcon_installed_package_information.package_discovery:Found 3 installed packages in /home/adi673/gazebo2/install
[2.501s] DEBUG:colcon.colcon_installed_package_information.package_discovery:Found 1 installed packages in /home/adi673/ws/install
[2.569s] DEBUG:colcon.colcon_installed_package_information.package_discovery:Found 11 installed packages in /home/adi673/colcon_ws/install
[2.610s] DEBUG:colcon.colcon_installed_package_information.package_discovery:Found 397 installed packages in /opt/ros/humble
[2.615s] Level 1:colcon.colcon_core.package_discovery:discover_packages(prefix_path) using defaults
[2.870s] Level 5:colcon.colcon_core.verb:set package 'articubot_one' build argument 'cmake_args' from command line to 'None'
[2.871s] Level 5:colcon.colcon_core.verb:set package 'articubot_one' build argument 'cmake_target' from command line to 'None'
[2.871s] Level 5:colcon.colcon_core.verb:set package 'articubot_one' build argument 'cmake_target_skip_unavailable' from command line to 'False'
[2.871s] Level 5:colcon.colcon_core.verb:set package 'articubot_one' build argument 'cmake_clean_cache' from command line to 'False'
[2.871s] Level 5:colcon.colcon_core.verb:set package 'articubot_one' build argument 'cmake_clean_first' from command line to 'False'
[2.871s] Level 5:colcon.colcon_core.verb:set package 'articubot_one' build argument 'cmake_force_configure' from command line to 'False'
[2.871s] Level 5:colcon.colcon_core.verb:set package 'articubot_one' build argument 'ament_cmake_args' from command line to 'None'
[2.871s] Level 5:colcon.colcon_core.verb:set package 'articubot_one' build argument 'catkin_cmake_args' from command line to 'None'
[2.871s] Level 5:colcon.colcon_core.verb:set package 'articubot_one' build argument 'catkin_skip_building_tests' from command line to 'False'
[2.871s] DEBUG:colcon.colcon_core.verb:Building package 'articubot_one' with the following arguments: {'ament_cmake_args': None, 'build_base': '/home/adi673/test_ws/build/articubot_one', 'catkin_cmake_args': None, 'catkin_skip_building_tests': False, 'cmake_args': None, 'cmake_clean_cache': False, 'cmake_clean_first': False, 'cmake_force_configure': False, 'cmake_target': None, 'cmake_target_skip_unavailable': False, 'install_base': '/home/adi673/test_ws/install/articubot_one', 'merge_install': False, 'path': '/home/adi673/test_ws/src/articubot_one', 'symlink_install': True, 'test_result_base': None}
[2.911s] Level 5:colcon.colcon_core.verb:set package 'my_robo_chassis' build argument 'cmake_args' from command line to 'None'
[2.912s] Level 5:colcon.colcon_core.verb:set package 'my_robo_chassis' build argument 'cmake_target' from command line to 'None'
[2.912s] Level 5:colcon.colcon_core.verb:set package 'my_robo_chassis' build argument 'cmake_target_skip_unavailable' from command line to 'False'
[2.912s] Level 5:colcon.colcon_core.verb:set package 'my_robo_chassis' build argument 'cmake_clean_cache' from command line to 'False'
[2.912s] Level 5:colcon.colcon_core.verb:set package 'my_robo_chassis' build argument 'cmake_clean_first' from command line to 'False'
[2.912s] Level 5:colcon.colcon_core.verb:set package 'my_robo_chassis' build argument 'cmake_force_configure' from command line to 'False'
[2.912s] Level 5:colcon.colcon_core.verb:set package 'my_robo_chassis' build argument 'ament_cmake_args' from command line to 'None'
[2.912s] Level 5:colcon.colcon_core.verb:set package 'my_robo_chassis' build argument 'catkin_cmake_args' from command line to 'None'
[2.912s] Level 5:colcon.colcon_core.verb:set package 'my_robo_chassis' build argument 'catkin_skip_building_tests' from command line to 'False'
[2.912s] DEBUG:colcon.colcon_core.verb:Building package 'my_robo_chassis' with the following arguments: {'ament_cmake_args': None, 'build_base': '/home/adi673/test_ws/build/my_robo_chassis', 'catkin_cmake_args': None, 'catkin_skip_building_tests': False, 'cmake_args': None, 'cmake_clean_cache': False, 'cmake_clean_first': False, 'cmake_force_configure': False, 'cmake_target': None, 'cmake_target_skip_unavailable': False, 'install_base': '/home/adi673/test_ws/install/my_robo_chassis', 'merge_install': False, 'path': '/home/adi673/test_ws/src/my_robo_chassis', 'symlink_install': True, 'test_result_base': None}
[2.949s] INFO:colcon.colcon_core.executor:Executing jobs using 'parallel' executor
[2.987s] DEBUG:colcon.colcon_parallel_executor.executor.parallel:run_until_complete
[2.988s] INFO:colcon.colcon_ros.task.ament_cmake.build:Building ROS package in '/home/adi673/test_ws/src/articubot_one' with build type 'ament_cmake'
[2.988s] INFO:colcon.colcon_cmake.task.cmake.build:Building CMake package in '/home/adi673/test_ws/src/articubot_one'
[3.041s] INFO:colcon.colcon_core.plugin_system:Skipping extension 'colcon_core.shell.bat': Not used on non-Windows systems
[3.042s] INFO:colcon.colcon_core.shell:Skip shell extension 'powershell' for command environment: Not usable outside of PowerShell
[3.042s] DEBUG:colcon.colcon_core.shell:Skip shell extension 'dsv' for command environment
[3.286s] INFO:colcon.colcon_ros.task.ament_cmake.build:Building ROS package in '/home/adi673/test_ws/src/my_robo_chassis' with build type 'ament_cmake'
[3.286s] INFO:colcon.colcon_cmake.task.cmake.build:Building CMake package in '/home/adi673/test_ws/src/my_robo_chassis'
[3.328s] INFO:colcon.colcon_core.shell:Skip shell extension 'powershell' for command environment: Not usable outside of PowerShell
[3.328s] DEBUG:colcon.colcon_core.shell:Skip shell extension 'dsv' for command environment
[3.586s] DEBUG:colcon.colcon_core.event_handler.log_command:Invoking command in '/home/adi673/test_ws/build/articubot_one': CMAKE_PREFIX_PATH=${CMAKE_PREFIX_PATH}:/home/adi673/test_ws/install/my_robo_chassis:/opt/ros/humble /usr/bin/cmake --build /home/adi673/test_ws/build/articubot_one -- -j4 -l4
[3.594s] DEBUG:colcon.colcon_core.event_handler.log_command:Invoking command in '/home/adi673/test_ws/build/my_robo_chassis': CMAKE_PREFIX_PATH=${CMAKE_PREFIX_PATH}:/home/adi673/test_ws/install/my_robo_chassis:/opt/ros/humble /usr/bin/cmake --build /home/adi673/test_ws/build/my_robo_chassis -- -j4 -l4
[3.687s] DEBUG:colcon.colcon_core.event_handler.log_command:Invoked command in '/home/adi673/test_ws/build/my_robo_chassis' returned '0': CMAKE_PREFIX_PATH=${CMAKE_PREFIX_PATH}:/home/adi673/test_ws/install/my_robo_chassis:/opt/ros/humble /usr/bin/cmake --build /home/adi673/test_ws/build/my_robo_chassis -- -j4 -l4
[3.688s] DEBUG:colcon.colcon_core.event_handler.log_command:Invoked command in '/home/adi673/test_ws/build/articubot_one' returned '0': CMAKE_PREFIX_PATH=${CMAKE_PREFIX_PATH}:/home/adi673/test_ws/install/my_robo_chassis:/opt/ros/humble /usr/bin/cmake --build /home/adi673/test_ws/build/articubot_one -- -j4 -l4
[3.773s] DEBUG:colcon.colcon_core.event_handler.log_command:Invoking command in '/home/adi673/test_ws/build/my_robo_chassis': CMAKE_PREFIX_PATH=${CMAKE_PREFIX_PATH}:/home/adi673/test_ws/install/my_robo_chassis:/opt/ros/humble /usr/bin/cmake --install /home/adi673/test_ws/build/my_robo_chassis
[3.775s] DEBUG:colcon.colcon_core.event_handler.log_command:Invoking command in '/home/adi673/test_ws/build/articubot_one': CMAKE_PREFIX_PATH=${CMAKE_PREFIX_PATH}:/home/adi673/test_ws/install/my_robo_chassis:/opt/ros/humble /usr/bin/cmake --install /home/adi673/test_ws/build/articubot_one
[3.831s] Level 1:colcon.colcon_core.environment:create_environment_scripts_only(my_robo_chassis)
[3.833s] DEBUG:colcon.colcon_core.event_handler.log_command:Invoked command in '/home/adi673/test_ws/build/my_robo_chassis' returned '0': CMAKE_PREFIX_PATH=${CMAKE_PREFIX_PATH}:/home/adi673/test_ws/install/my_robo_chassis:/opt/ros/humble /usr/bin/cmake --install /home/adi673/test_ws/build/my_robo_chassis
[3.881s] Level 1:colcon.colcon_core.environment:checking '/home/adi673/test_ws/install/my_robo_chassis' for CMake module files
[3.882s] Level 1:colcon.colcon_core.environment:checking '/home/adi673/test_ws/install/my_robo_chassis' for CMake config files
[3.883s] Level 1:colcon.colcon_core.shell:create_environment_hook('my_robo_chassis', 'cmake_prefix_path')
[3.922s] INFO:colcon.colcon_core.shell:Creating environment hook '/home/adi673/test_ws/install/my_robo_chassis/share/my_robo_chassis/hook/cmake_prefix_path.ps1'
[3.924s] INFO:colcon.colcon_core.shell:Creating environment descriptor '/home/adi673/test_ws/install/my_robo_chassis/share/my_robo_chassis/hook/cmake_prefix_path.dsv'
[3.926s] INFO:colcon.colcon_core.shell:Creating environment hook '/home/adi673/test_ws/install/my_robo_chassis/share/my_robo_chassis/hook/cmake_prefix_path.sh'
[3.929s] Level 1:colcon.colcon_core.environment:checking '/home/adi673/test_ws/install/my_robo_chassis/lib'
[3.930s] Level 1:colcon.colcon_core.environment:checking '/home/adi673/test_ws/install/my_robo_chassis/bin'
[3.930s] Level 1:colcon.colcon_core.environment:checking '/home/adi673/test_ws/install/my_robo_chassis/lib/pkgconfig/my_robo_chassis.pc'
[3.931s] Level 1:colcon.colcon_core.environment:checking '/home/adi673/test_ws/install/my_robo_chassis/lib/python3.10/site-packages'
[3.932s] Level 1:colcon.colcon_core.shell:create_environment_hook('my_robo_chassis', 'pythonpath')
[3.971s] INFO:colcon.colcon_core.shell:Creating environment hook '/home/adi673/test_ws/install/my_robo_chassis/share/my_robo_chassis/hook/pythonpath.ps1'
[3.972s] INFO:colcon.colcon_core.shell:Creating environment descriptor '/home/adi673/test_ws/install/my_robo_chassis/share/my_robo_chassis/hook/pythonpath.dsv'
[3.973s] INFO:colcon.colcon_core.shell:Creating environment hook '/home/adi673/test_ws/install/my_robo_chassis/share/my_robo_chassis/hook/pythonpath.sh'
[3.975s] Level 1:colcon.colcon_core.environment:checking '/home/adi673/test_ws/install/my_robo_chassis/bin'
[4.013s] INFO:colcon.colcon_core.shell:Creating package script '/home/adi673/test_ws/install/my_robo_chassis/share/my_robo_chassis/package.ps1'
[4.015s] INFO:colcon.colcon_core.shell:Creating package descriptor '/home/adi673/test_ws/install/my_robo_chassis/share/my_robo_chassis/package.dsv'
[4.016s] INFO:colcon.colcon_core.shell:Creating package script '/home/adi673/test_ws/install/my_robo_chassis/share/my_robo_chassis/package.sh'
[4.018s] INFO:colcon.colcon_core.shell:Creating package script '/home/adi673/test_ws/install/my_robo_chassis/share/my_robo_chassis/package.bash'
[4.020s] INFO:colcon.colcon_core.shell:Creating package script '/home/adi673/test_ws/install/my_robo_chassis/share/my_robo_chassis/package.zsh'
[4.022s] Level 1:colcon.colcon_core.environment:create_file_with_runtime_dependencies(/home/adi673/test_ws/install/my_robo_chassis/share/colcon-core/packages/my_robo_chassis)
[4.026s] Level 1:colcon.colcon_core.environment:create_environment_scripts_only(articubot_one)
[4.030s] DEBUG:colcon.colcon_core.event_handler.log_command:Invoked command in '/home/adi673/test_ws/build/articubot_one' returned '0': CMAKE_PREFIX_PATH=${CMAKE_PREFIX_PATH}:/home/adi673/test_ws/install/my_robo_chassis:/opt/ros/humble /usr/bin/cmake --install /home/adi673/test_ws/build/articubot_one
[4.070s] Level 1:colcon.colcon_core.environment:checking '/home/adi673/test_ws/install/articubot_one' for CMake module files
[4.071s] Level 1:colcon.colcon_core.environment:checking '/home/adi673/test_ws/install/articubot_one' for CMake config files
[4.072s] Level 1:colcon.colcon_core.shell:create_environment_hook('articubot_one', 'cmake_prefix_path')
[4.117s] INFO:colcon.colcon_core.shell:Creating environment hook '/home/adi673/test_ws/install/articubot_one/share/articubot_one/hook/cmake_prefix_path.ps1'
[4.119s] INFO:colcon.colcon_core.shell:Creating environment descriptor '/home/adi673/test_ws/install/articubot_one/share/articubot_one/hook/cmake_prefix_path.dsv'
[4.121s] INFO:colcon.colcon_core.shell:Creating environment hook '/home/adi673/test_ws/install/articubot_one/share/articubot_one/hook/cmake_prefix_path.sh'
[4.122s] Level 1:colcon.colcon_core.environment:checking '/home/adi673/test_ws/install/articubot_one/bin'
[4.123s] Level 1:colcon.colcon_core.environment:checking '/home/adi673/test_ws/install/articubot_one/lib/pkgconfig/articubot_one.pc'
[4.123s] Level 1:colcon.colcon_core.environment:checking '/home/adi673/test_ws/install/articubot_one/lib/python3.10/site-packages'
[4.124s] Level 1:colcon.colcon_core.environment:checking '/home/adi673/test_ws/install/articubot_one/bin'
[4.163s] INFO:colcon.colcon_core.shell:Creating package script '/home/adi673/test_ws/install/articubot_one/share/articubot_one/package.ps1'
[4.164s] INFO:colcon.colcon_core.shell:Creating package descriptor '/home/adi673/test_ws/install/articubot_one/share/articubot_one/package.dsv'
[4.165s] INFO:colcon.colcon_core.shell:Creating package script '/home/adi673/test_ws/install/articubot_one/share/articubot_one/package.sh'
[4.166s] INFO:colcon.colcon_core.shell:Creating package script '/home/adi673/test_ws/install/articubot_one/share/articubot_one/package.bash'
[4.167s] INFO:colcon.colcon_core.shell:Creating package script '/home/adi673/test_ws/install/articubot_one/share/articubot_one/package.zsh'
[4.168s] Level 1:colcon.colcon_core.environment:create_file_with_runtime_dependencies(/home/adi673/test_ws/install/articubot_one/share/colcon-core/packages/articubot_one)
[4.211s] Level 1:colcon.colcon_core.environment:create_environment_scripts_only(my_robo_chassis)
[4.254s] Level 1:colcon.colcon_core.environment:checking '/home/adi673/test_ws/install/my_robo_chassis' for CMake module files
[4.255s] Level 1:colcon.colcon_core.environment:checking '/home/adi673/test_ws/install/my_robo_chassis' for CMake config files
[4.255s] Level 1:colcon.colcon_core.shell:create_environment_hook('my_robo_chassis', 'cmake_prefix_path')
[4.294s] INFO:colcon.colcon_core.shell:Creating environment hook '/home/adi673/test_ws/install/my_robo_chassis/share/my_robo_chassis/hook/cmake_prefix_path.ps1'
[4.295s] INFO:colcon.colcon_core.shell:Creating environment descriptor '/home/adi673/test_ws/install/my_robo_chassis/share/my_robo_chassis/hook/cmake_prefix_path.dsv'
[4.296s] INFO:colcon.colcon_core.shell:Creating environment hook '/home/adi673/test_ws/install/my_robo_chassis/share/my_robo_chassis/hook/cmake_prefix_path.sh'
[4.297s] Level 1:colcon.colcon_core.environment:checking '/home/adi673/test_ws/install/my_robo_chassis/lib'
[4.298s] Level 1:colcon.colcon_core.environment:checking '/home/adi673/test_ws/install/my_robo_chassis/bin'
[4.298s] Level 1:colcon.colcon_core.environment:checking '/home/adi673/test_ws/install/my_robo_chassis/lib/pkgconfig/my_robo_chassis.pc'
[4.298s] Level 1:colcon.colcon_core.environment:checking '/home/adi673/test_ws/install/my_robo_chassis/lib/python3.10/site-packages'
[4.298s] Level 1:colcon.colcon_core.shell:create_environment_hook('my_robo_chassis', 'pythonpath')
[4.337s] INFO:colcon.colcon_core.shell:Creating environment hook '/home/adi673/test_ws/install/my_robo_chassis/share/my_robo_chassis/hook/pythonpath.ps1'
[4.339s] INFO:colcon.colcon_core.shell:Creating environment descriptor '/home/adi673/test_ws/install/my_robo_chassis/share/my_robo_chassis/hook/pythonpath.dsv'
[4.340s] INFO:colcon.colcon_core.shell:Creating environment hook '/home/adi673/test_ws/install/my_robo_chassis/share/my_robo_chassis/hook/pythonpath.sh'
[4.342s] Level 1:colcon.colcon_core.environment:checking '/home/adi673/test_ws/install/my_robo_chassis/bin'
[4.380s] INFO:colcon.colcon_core.shell:Creating package script '/home/adi673/test_ws/install/my_robo_chassis/share/my_robo_chassis/package.ps1'
[4.382s] INFO:colcon.colcon_core.shell:Creating package descriptor '/home/adi673/test_ws/install/my_robo_chassis/share/my_robo_chassis/package.dsv'
[4.383s] INFO:colcon.colcon_core.shell:Creating package script '/home/adi673/test_ws/install/my_robo_chassis/share/my_robo_chassis/package.sh'
[4.385s] INFO:colcon.colcon_core.shell:Creating package script '/home/adi673/test_ws/install/my_robo_chassis/share/my_robo_chassis/package.bash'
[4.386s] INFO:colcon.colcon_core.shell:Creating package script '/home/adi673/test_ws/install/my_robo_chassis/share/my_robo_chassis/package.zsh'
[4.387s] Level 1:colcon.colcon_core.environment:create_file_with_runtime_dependencies(/home/adi673/test_ws/install/my_robo_chassis/share/colcon-core/packages/my_robo_chassis)
[4.434s] Level 1:colcon.colcon_core.environment:create_environment_scripts_only(articubot_one)
[4.475s] Level 1:colcon.colcon_core.environment:checking '/home/adi673/test_ws/install/articubot_one' for CMake module files
[4.476s] Level 1:colcon.colcon_core.environment:checking '/home/adi673/test_ws/install/articubot_one' for CMake config files
[4.477s] Level 1:colcon.colcon_core.shell:create_environment_hook('articubot_one', 'cmake_prefix_path')
[4.519s] INFO:colcon.colcon_core.shell:Creating environment hook '/home/adi673/test_ws/install/articubot_one/share/articubot_one/hook/cmake_prefix_path.ps1'
[4.521s] INFO:colcon.colcon_core.shell:Creating environment descriptor '/home/adi673/test_ws/install/articubot_one/share/articubot_one/hook/cmake_prefix_path.dsv'
[4.522s] INFO:colcon.colcon_core.shell:Creating environment hook '/home/adi673/test_ws/install/articubot_one/share/articubot_one/hook/cmake_prefix_path.sh'
[4.523s] Level 1:colcon.colcon_core.environment:checking '/home/adi673/test_ws/install/articubot_one/bin'
[4.523s] Level 1:colcon.colcon_core.environment:checking '/home/adi673/test_ws/install/articubot_one/lib/pkgconfig/articubot_one.pc'
[4.524s] Level 1:colcon.colcon_core.environment:checking '/home/adi673/test_ws/install/articubot_one/lib/python3.10/site-packages'
[4.524s] Level 1:colcon.colcon_core.environment:checking '/home/adi673/test_ws/install/articubot_one/bin'
[4.564s] INFO:colcon.colcon_core.shell:Creating package script '/home/adi673/test_ws/install/articubot_one/share/articubot_one/package.ps1'
[4.565s] INFO:colcon.colcon_core.shell:Creating package descriptor '/home/adi673/test_ws/install/articubot_one/share/articubot_one/package.dsv'
[4.567s] INFO:colcon.colcon_core.shell:Creating package script '/home/adi673/test_ws/install/articubot_one/share/articubot_one/package.sh'
[4.568s] INFO:colcon.colcon_core.shell:Creating package script '/home/adi673/test_ws/install/articubot_one/share/articubot_one/package.bash'
[4.569s] INFO:colcon.colcon_core.shell:Creating package script '/home/adi673/test_ws/install/articubot_one/share/articubot_one/package.zsh'
[4.570s] Level 1:colcon.colcon_core.environment:create_file_with_runtime_dependencies(/home/adi673/test_ws/install/articubot_one/share/colcon-core/packages/articubot_one)
[4.571s] DEBUG:colcon.colcon_parallel_executor.executor.parallel:closing loop
[4.572s] DEBUG:colcon.colcon_parallel_executor.executor.parallel:loop closed
[4.572s] DEBUG:colcon.colcon_parallel_executor.executor.parallel:run_until_complete finished with '0'
[4.572s] DEBUG:colcon.colcon_core.event_reactor:joining thread
[4.629s] INFO:colcon.colcon_core.plugin_system:Skipping extension 'colcon_notification.desktop_notification.terminal_notifier': Not used on non-Darwin systems
[4.629s] INFO:colcon.colcon_core.plugin_system:Skipping extension 'colcon_notification.desktop_notification.win32': Not used on non-Windows systems
[4.630s] INFO:colcon.colcon_notification.desktop_notification:Sending desktop notification using 'notify2'
[4.658s] DEBUG:colcon.colcon_core.event_reactor:joined thread
[4.699s] INFO:colcon.colcon_core.shell:Creating prefix script '/home/adi673/test_ws/install/local_setup.ps1'
[4.702s] INFO:colcon.colcon_core.shell:Creating prefix util module '/home/adi673/test_ws/install/_local_setup_util_ps1.py'
[4.705s] INFO:colcon.colcon_core.shell:Creating prefix chain script '/home/adi673/test_ws/install/setup.ps1'
[4.758s] INFO:colcon.colcon_core.shell:Creating prefix script '/home/adi673/test_ws/install/local_setup.sh'
[4.760s] INFO:colcon.colcon_core.shell:Creating prefix util module '/home/adi673/test_ws/install/_local_setup_util_sh.py'
[4.761s] INFO:colcon.colcon_core.shell:Creating prefix chain script '/home/adi673/test_ws/install/setup.sh'
[4.804s] INFO:colcon.colcon_core.shell:Creating prefix script '/home/adi673/test_ws/install/local_setup.bash'
[4.805s] INFO:colcon.colcon_core.shell:Creating prefix chain script '/home/adi673/test_ws/install/setup.bash'
[4.850s] INFO:colcon.colcon_core.shell:Creating prefix script '/home/adi673/test_ws/install/local_setup.zsh'
[4.852s] INFO:colcon.colcon_core.shell:Creating prefix chain script '/home/adi673/test_ws/install/setup.zsh'
