[0.231s] Invoking command in '/home/adi673/test_ws/build/my_robo_chassis': CMAKE_PREFIX_PATH=${CMAKE_PREFIX_PATH}:/opt/ros/humble /usr/bin/cmake /home/adi673/test_ws/src/my_robo_chassis -DCMAKE_INSTALL_PREFIX=/home/adi673/test_ws/install/my_robo_chassis
[0.252s] -- Found ament_cmake: 1.3.5 (/opt/ros/humble/share/ament_cmake/cmake)
[0.488s] -- Override CMake install command with custom implementation using symlinks instead of copying resources
[0.498s] -- Found ament_lint_auto: 0.12.8 (/opt/ros/humble/share/ament_lint_auto/cmake)
[0.618s] -- Added test 'copyright' to check source files copyright and LICENSE
[0.623s] -- Added test 'flake8' to check Python code syntax and style conventions
[0.625s] -- Added test 'lint_cmake' to check CMake code style
[0.626s] -- Added test 'pep257' to check Python code against some of the docstring style conventions in PEP 257
[0.631s] -- Added test 'xmllint' to check XML markup files
[0.633s] -- Configuring done
[0.640s] -- Generating done
[0.643s] -- Build files have been written to: /home/adi673/test_ws/build/my_robo_chassis
[0.648s] Invoked command in '/home/adi673/test_ws/build/my_robo_chassis' returned '0': CMAKE_PREFIX_PATH=${CMAKE_PREFIX_PATH}:/opt/ros/humble /usr/bin/cmake /home/adi673/test_ws/src/my_robo_chassis -DCMAKE_INSTALL_PREFIX=/home/adi673/test_ws/install/my_robo_chassis
[0.652s] Invoking command in '/home/adi673/test_ws/build/my_robo_chassis': CMAKE_PREFIX_PATH=${CMAKE_PREFIX_PATH}:/opt/ros/humble /usr/bin/cmake --build /home/adi673/test_ws/build/my_robo_chassis -- -j4 -l4
[0.717s] Invoked command in '/home/adi673/test_ws/build/my_robo_chassis' returned '0': CMAKE_PREFIX_PATH=${CMAKE_PREFIX_PATH}:/opt/ros/humble /usr/bin/cmake --build /home/adi673/test_ws/build/my_robo_chassis -- -j4 -l4
[0.781s] Invoking command in '/home/adi673/test_ws/build/my_robo_chassis': CMAKE_PREFIX_PATH=${CMAKE_PREFIX_PATH}:/opt/ros/humble /usr/bin/cmake --install /home/adi673/test_ws/build/my_robo_chassis
[0.795s] -- Install configuration: ""
[0.796s] -- Execute custom install script
[0.796s] -- Up-to-date symlink: /home/adi673/test_ws/install/my_robo_chassis/share/my_robo_chassis/config/ball_tracker_params_robot.yaml
[0.797s] -- Up-to-date symlink: /home/adi673/test_ws/install/my_robo_chassis/share/my_robo_chassis/config/ball_tracker_params_sim.yaml
[0.797s] -- Up-to-date symlink: /home/adi673/test_ws/install/my_robo_chassis/share/my_robo_chassis/config/drive_bot.rviz
[0.797s] -- Up-to-date symlink: /home/adi673/test_ws/install/my_robo_chassis/share/my_robo_chassis/config/empty.yaml
[0.797s] -- Up-to-date symlink: /home/adi673/test_ws/install/my_robo_chassis/share/my_robo_chassis/config/gaz_ros2_ctl_use_sim.yaml
[0.797s] -- Up-to-date symlink: /home/adi673/test_ws/install/my_robo_chassis/share/my_robo_chassis/config/gazebo_params.yaml
[0.798s] -- Up-to-date symlink: /home/adi673/test_ws/install/my_robo_chassis/share/my_robo_chassis/config/joystick.yaml
[0.798s] -- Up-to-date symlink: /home/adi673/test_ws/install/my_robo_chassis/share/my_robo_chassis/config/main.rviz
[0.799s] -- Up-to-date symlink: /home/adi673/test_ws/install/my_robo_chassis/share/my_robo_chassis/config/map.rviz
[0.799s] -- Up-to-date symlink: /home/adi673/test_ws/install/my_robo_chassis/share/my_robo_chassis/config/mapper_params_online_async.yaml
[0.799s] -- Up-to-date symlink: /home/adi673/test_ws/install/my_robo_chassis/share/my_robo_chassis/config/my_controllers.yaml
[0.799s] -- Up-to-date symlink: /home/adi673/test_ws/install/my_robo_chassis/share/my_robo_chassis/config/nav2_params.yaml
[0.800s] -- Up-to-date symlink: /home/adi673/test_ws/install/my_robo_chassis/share/my_robo_chassis/config/twist_mux.yaml
[0.800s] -- Up-to-date symlink: /home/adi673/test_ws/install/my_robo_chassis/share/my_robo_chassis/config/view_bot.rviz
[0.800s] -- Up-to-date symlink: /home/adi673/test_ws/install/my_robo_chassis/share/my_robo_chassis/description/robot.urdf.xacro
[0.801s] -- Up-to-date symlink: /home/adi673/test_ws/install/my_robo_chassis/share/my_robo_chassis/description/robot_core.xacro
[0.801s] -- Up-to-date symlink: /home/adi673/test_ws/install/my_robo_chassis/share/my_robo_chassis/launch/rsp.launch.py
[0.802s] -- Up-to-date symlink: /home/adi673/test_ws/install/my_robo_chassis/share/my_robo_chassis/worlds/empty.world
[0.802s] -- Up-to-date symlink: /home/adi673/test_ws/install/my_robo_chassis/share/my_robo_chassis/worlds/obstacles.world
[0.803s] -- Up-to-date symlink: /home/adi673/test_ws/install/my_robo_chassis/share/ament_index/resource_index/package_run_dependencies/my_robo_chassis
[0.803s] -- Up-to-date symlink: /home/adi673/test_ws/install/my_robo_chassis/share/ament_index/resource_index/parent_prefix_path/my_robo_chassis
[0.803s] -- Up-to-date symlink: /home/adi673/test_ws/install/my_robo_chassis/share/my_robo_chassis/environment/ament_prefix_path.sh
[0.804s] -- Up-to-date symlink: /home/adi673/test_ws/install/my_robo_chassis/share/my_robo_chassis/environment/ament_prefix_path.dsv
[0.804s] -- Up-to-date symlink: /home/adi673/test_ws/install/my_robo_chassis/share/my_robo_chassis/environment/path.sh
[0.805s] -- Up-to-date symlink: /home/adi673/test_ws/install/my_robo_chassis/share/my_robo_chassis/environment/path.dsv
[0.806s] -- Up-to-date symlink: /home/adi673/test_ws/install/my_robo_chassis/share/my_robo_chassis/local_setup.bash
[0.807s] -- Up-to-date symlink: /home/adi673/test_ws/install/my_robo_chassis/share/my_robo_chassis/local_setup.sh
[0.807s] -- Up-to-date symlink: /home/adi673/test_ws/install/my_robo_chassis/share/my_robo_chassis/local_setup.zsh
[0.808s] -- Up-to-date symlink: /home/adi673/test_ws/install/my_robo_chassis/share/my_robo_chassis/local_setup.dsv
[0.808s] -- Symlinking: /home/adi673/test_ws/install/my_robo_chassis/share/my_robo_chassis/package.dsv
[0.824s] -- Up-to-date symlink: /home/adi673/test_ws/install/my_robo_chassis/share/ament_index/resource_index/packages/my_robo_chassis
[0.824s] -- Up-to-date symlink: /home/adi673/test_ws/install/my_robo_chassis/share/my_robo_chassis/cmake/my_robo_chassisConfig.cmake
[0.824s] -- Up-to-date symlink: /home/adi673/test_ws/install/my_robo_chassis/share/my_robo_chassis/cmake/my_robo_chassisConfig-version.cmake
[0.824s] -- Up-to-date symlink: /home/adi673/test_ws/install/my_robo_chassis/share/my_robo_chassis/package.xml
[0.828s] Invoked command in '/home/adi673/test_ws/build/my_robo_chassis' returned '0': CMAKE_PREFIX_PATH=${CMAKE_PREFIX_PATH}:/opt/ros/humble /usr/bin/cmake --install /home/adi673/test_ws/build/my_robo_chassis
