[0.624s] Invoking command in '/home/adi673/test_ws/build/articubot_one': CMAKE_PREFIX_PATH=${CMAKE_PREFIX_PATH}:/opt/ros/humble /usr/bin/cmake --build /home/adi673/test_ws/build/articubot_one -- -j4 -l4
[0.876s] Invoked command in '/home/adi673/test_ws/build/articubot_one' returned '0': CMAKE_PREFIX_PATH=${CMAKE_PREFIX_PATH}:/opt/ros/humble /usr/bin/cmake --build /home/adi673/test_ws/build/articubot_one -- -j4 -l4
[0.951s] Invoking command in '/home/adi673/test_ws/build/articubot_one': CMAKE_PREFIX_PATH=${CMAKE_PREFIX_PATH}:/opt/ros/humble /usr/bin/cmake --install /home/adi673/test_ws/build/articubot_one
[0.970s] -- Install configuration: ""
[0.974s] -- Execute custom install script
[0.977s] -- Up-to-date symlink: /home/adi673/test_ws/install/articubot_one/share/articubot_one/config/ball_tracker_params_robot.yaml
[0.977s] -- Up-to-date symlink: /home/adi673/test_ws/install/articubot_one/share/articubot_one/config/ball_tracker_params_sim.yaml
[0.978s] -- Up-to-date symlink: /home/adi673/test_ws/install/articubot_one/share/articubot_one/config/drive_bot.rviz
[0.979s] -- Up-to-date symlink: /home/adi673/test_ws/install/articubot_one/share/articubot_one/config/empty.yaml
[0.980s] -- Up-to-date symlink: /home/adi673/test_ws/install/articubot_one/share/articubot_one/config/gaz_ros2_ctl_use_sim.yaml
[0.981s] -- Up-to-date symlink: /home/adi673/test_ws/install/articubot_one/share/articubot_one/config/gazebo_params.yaml
[0.981s] -- Up-to-date symlink: /home/adi673/test_ws/install/articubot_one/share/articubot_one/config/joystick.yaml
[0.982s] -- Up-to-date symlink: /home/adi673/test_ws/install/articubot_one/share/articubot_one/config/main.rviz
[0.985s] -- Up-to-date symlink: /home/adi673/test_ws/install/articubot_one/share/articubot_one/config/map.rviz
[0.986s] -- Up-to-date symlink: /home/adi673/test_ws/install/articubot_one/share/articubot_one/config/mapper_params_online_async.yaml
[0.986s] -- Up-to-date symlink: /home/adi673/test_ws/install/articubot_one/share/articubot_one/config/my_controllers.yaml
[0.988s] -- Up-to-date symlink: /home/adi673/test_ws/install/articubot_one/share/articubot_one/config/nav2_params.yaml
[0.989s] -- Up-to-date symlink: /home/adi673/test_ws/install/articubot_one/share/articubot_one/config/twist_mux.yaml
[0.989s] -- Up-to-date symlink: /home/adi673/test_ws/install/articubot_one/share/articubot_one/config/view_bot.rviz
[0.992s] -- Up-to-date symlink: /home/adi673/test_ws/install/articubot_one/share/articubot_one/description/camera.xacro
[0.992s] -- Up-to-date symlink: /home/adi673/test_ws/install/articubot_one/share/articubot_one/description/depth_camera.xacro
[0.995s] -- Up-to-date symlink: /home/adi673/test_ws/install/articubot_one/share/articubot_one/description/face.xacro
[0.995s] -- Up-to-date symlink: /home/adi673/test_ws/install/articubot_one/share/articubot_one/description/gazebo_control.xacro
[0.997s] -- Up-to-date symlink: /home/adi673/test_ws/install/articubot_one/share/articubot_one/description/inertial_macros.xacro
[0.999s] -- Up-to-date symlink: /home/adi673/test_ws/install/articubot_one/share/articubot_one/description/lidar.xacro
[1.000s] -- Up-to-date symlink: /home/adi673/test_ws/install/articubot_one/share/articubot_one/description/robot.urdf.xacro
[1.004s] -- Up-to-date symlink: /home/adi673/test_ws/install/articubot_one/share/articubot_one/description/robot_core.xacro
[1.006s] -- Up-to-date symlink: /home/adi673/test_ws/install/articubot_one/share/articubot_one/description/ros2_control.xacro
[1.007s] -- Up-to-date symlink: /home/adi673/test_ws/install/articubot_one/share/articubot_one/launch/ball_tracker.launch.py
[1.007s] -- Up-to-date symlink: /home/adi673/test_ws/install/articubot_one/share/articubot_one/launch/camera.launch.py
[1.007s] -- Up-to-date symlink: /home/adi673/test_ws/install/articubot_one/share/articubot_one/launch/joystick.launch.py
[1.007s] -- Up-to-date symlink: /home/adi673/test_ws/install/articubot_one/share/articubot_one/launch/launch_robot.launch.py
[1.008s] -- Up-to-date symlink: /home/adi673/test_ws/install/articubot_one/share/articubot_one/launch/launch_sim.launch.py
[1.008s] -- Up-to-date symlink: /home/adi673/test_ws/install/articubot_one/share/articubot_one/launch/localization_launch.py
[1.009s] -- Up-to-date symlink: /home/adi673/test_ws/install/articubot_one/share/articubot_one/launch/navigation_launch.py
[1.010s] -- Up-to-date symlink: /home/adi673/test_ws/install/articubot_one/share/articubot_one/launch/online_async_launch.py
[1.011s] -- Up-to-date symlink: /home/adi673/test_ws/install/articubot_one/share/articubot_one/launch/rplidar.launch.py
[1.011s] -- Up-to-date symlink: /home/adi673/test_ws/install/articubot_one/share/articubot_one/launch/rsp.launch.py
[1.013s] -- Up-to-date symlink: /home/adi673/test_ws/install/articubot_one/share/articubot_one/worlds/empty.world
[1.014s] -- Up-to-date symlink: /home/adi673/test_ws/install/articubot_one/share/articubot_one/worlds/obstacles.world
[1.014s] -- Up-to-date symlink: /home/adi673/test_ws/install/articubot_one/share/ament_index/resource_index/package_run_dependencies/articubot_one
[1.017s] -- Up-to-date symlink: /home/adi673/test_ws/install/articubot_one/share/ament_index/resource_index/parent_prefix_path/articubot_one
[1.018s] -- Up-to-date symlink: /home/adi673/test_ws/install/articubot_one/share/articubot_one/environment/ament_prefix_path.sh
[1.019s] -- Up-to-date symlink: /home/adi673/test_ws/install/articubot_one/share/articubot_one/environment/ament_prefix_path.dsv
[1.020s] -- Up-to-date symlink: /home/adi673/test_ws/install/articubot_one/share/articubot_one/environment/path.sh
[1.021s] -- Up-to-date symlink: /home/adi673/test_ws/install/articubot_one/share/articubot_one/environment/path.dsv
[1.022s] -- Up-to-date symlink: /home/adi673/test_ws/install/articubot_one/share/articubot_one/local_setup.bash
[1.023s] -- Up-to-date symlink: /home/adi673/test_ws/install/articubot_one/share/articubot_one/local_setup.sh
[1.024s] -- Up-to-date symlink: /home/adi673/test_ws/install/articubot_one/share/articubot_one/local_setup.zsh
[1.024s] -- Up-to-date symlink: /home/adi673/test_ws/install/articubot_one/share/articubot_one/local_setup.dsv
[1.025s] -- Symlinking: /home/adi673/test_ws/install/articubot_one/share/articubot_one/package.dsv
[1.056s] -- Up-to-date symlink: /home/adi673/test_ws/install/articubot_one/share/ament_index/resource_index/packages/articubot_one
[1.058s] -- Up-to-date symlink: /home/adi673/test_ws/install/articubot_one/share/articubot_one/cmake/articubot_oneConfig.cmake
[1.059s] -- Up-to-date symlink: /home/adi673/test_ws/install/articubot_one/share/articubot_one/cmake/articubot_oneConfig-version.cmake
[1.060s] -- Up-to-date symlink: /home/adi673/test_ws/install/articubot_one/share/articubot_one/package.xml
[1.255s] Invoked command in '/home/adi673/test_ws/build/articubot_one' returned '0': CMAKE_PREFIX_PATH=${CMAKE_PREFIX_PATH}:/opt/ros/humble /usr/bin/cmake --install /home/adi673/test_ws/build/articubot_one
