[1.523s] DEBUG:colcon:Command line arguments: ['/usr/bin/colcon', 'build']
[1.523s] DEBUG:colcon:Parsed command line arguments: Namespace(log_base=None, log_level=None, verb_name='build', build_base='build', install_base='install', merge_install=False, symlink_install=False, test_result_base=None, continue_on_error=False, executor='parallel', parallel_workers=4, event_handlers=None, ignore_user_meta=False, metas=['./colcon.meta'], base_paths=['.'], packages_ignore=None, packages_ignore_regex=None, paths=None, packages_up_to=None, packages_up_to_regex=None, packages_above=None, packages_above_and_dependencies=None, packages_above_depth=None, packages_select_by_dep=None, packages_skip_by_dep=None, packages_skip_up_to=None, packages_select_build_failed=False, packages_skip_build_finished=False, packages_select_test_failures=False, packages_skip_test_passed=False, packages_select=None, packages_skip=None, packages_select_regex=None, packages_skip_regex=None, packages_start=None, packages_end=None, allow_overriding=[], cmake_args=None, cmake_target=None, cmake_target_skip_unavailable=False, cmake_clean_cache=False, cmake_clean_first=False, cmake_force_configure=False, ament_cmake_args=None, catkin_cmake_args=None, catkin_skip_building_tests=False, verb_parser=<colcon_defaults.argument_parser.defaults.DefaultArgumentsDecorator object at 0x7f32f33996c0>, verb_extension=<colcon_core.verb.build.BuildVerb object at 0x7f32f339b010>, main=<bound method BuildVerb.main of <colcon_core.verb.build.BuildVerb object at 0x7f32f339b010>>)
[1.586s] Level 1:colcon.colcon_core.package_discovery:discover_packages(colcon_meta) check parameters
[1.587s] Level 1:colcon.colcon_core.package_discovery:discover_packages(recursive) check parameters
[1.587s] Level 1:colcon.colcon_core.package_discovery:discover_packages(ignore) check parameters
[1.587s] Level 1:colcon.colcon_core.package_discovery:discover_packages(path) check parameters
[1.587s] Level 1:colcon.colcon_core.package_discovery:discover_packages(colcon_meta) discover
[1.587s] Level 1:colcon.colcon_core.package_discovery:discover_packages(recursive) discover
[1.587s] INFO:colcon.colcon_core.package_discovery:Crawling recursively for packages in '/home/adi673/test_ws'
[1.587s] Level 1:colcon.colcon_core.package_identification:_identify(.) by extensions ['ignore', 'ignore_ament_install']
[1.587s] Level 1:colcon.colcon_core.package_identification:_identify(.) by extension 'ignore'
[1.587s] Level 1:colcon.colcon_core.package_identification:_identify(.) by extension 'ignore_ament_install'
[1.587s] Level 1:colcon.colcon_core.package_identification:_identify(.) by extensions ['colcon_pkg']
[1.587s] Level 1:colcon.colcon_core.package_identification:_identify(.) by extension 'colcon_pkg'
[1.587s] Level 1:colcon.colcon_core.package_identification:_identify(.) by extensions ['colcon_meta']
[1.587s] Level 1:colcon.colcon_core.package_identification:_identify(.) by extension 'colcon_meta'
[1.587s] Level 1:colcon.colcon_core.package_identification:_identify(.) by extensions ['ros']
[1.588s] Level 1:colcon.colcon_core.package_identification:_identify(.) by extension 'ros'
[1.601s] Level 1:colcon.colcon_core.package_identification:_identify(.) by extensions ['cmake', 'python']
[1.601s] Level 1:colcon.colcon_core.package_identification:_identify(.) by extension 'cmake'
[1.601s] Level 1:colcon.colcon_core.package_identification:_identify(.) by extension 'python'
[1.601s] Level 1:colcon.colcon_core.package_identification:_identify(.) by extensions ['python_setup_py']
[1.601s] Level 1:colcon.colcon_core.package_identification:_identify(.) by extension 'python_setup_py'
[1.602s] Level 1:colcon.colcon_core.package_identification:_identify(build) by extensions ['ignore', 'ignore_ament_install']
[1.602s] Level 1:colcon.colcon_core.package_identification:_identify(build) by extension 'ignore'
[1.602s] Level 1:colcon.colcon_core.package_identification:_identify(build) ignored
[1.602s] Level 1:colcon.colcon_core.package_identification:_identify(install) by extensions ['ignore', 'ignore_ament_install']
[1.602s] Level 1:colcon.colcon_core.package_identification:_identify(install) by extension 'ignore'
[1.602s] Level 1:colcon.colcon_core.package_identification:_identify(install) ignored
[1.602s] Level 1:colcon.colcon_core.package_identification:_identify(log) by extensions ['ignore', 'ignore_ament_install']
[1.603s] Level 1:colcon.colcon_core.package_identification:_identify(log) by extension 'ignore'
[1.603s] Level 1:colcon.colcon_core.package_identification:_identify(log) ignored
[1.603s] Level 1:colcon.colcon_core.package_identification:_identify(src) by extensions ['ignore', 'ignore_ament_install']
[1.603s] Level 1:colcon.colcon_core.package_identification:_identify(src) by extension 'ignore'
[1.603s] Level 1:colcon.colcon_core.package_identification:_identify(src) by extension 'ignore_ament_install'
[1.603s] Level 1:colcon.colcon_core.package_identification:_identify(src) by extensions ['colcon_pkg']
[1.603s] Level 1:colcon.colcon_core.package_identification:_identify(src) by extension 'colcon_pkg'
[1.603s] Level 1:colcon.colcon_core.package_identification:_identify(src) by extensions ['colcon_meta']
[1.603s] Level 1:colcon.colcon_core.package_identification:_identify(src) by extension 'colcon_meta'
[1.603s] Level 1:colcon.colcon_core.package_identification:_identify(src) by extensions ['ros']
[1.603s] Level 1:colcon.colcon_core.package_identification:_identify(src) by extension 'ros'
[1.603s] Level 1:colcon.colcon_core.package_identification:_identify(src) by extensions ['cmake', 'python']
[1.603s] Level 1:colcon.colcon_core.package_identification:_identify(src) by extension 'cmake'
[1.603s] Level 1:colcon.colcon_core.package_identification:_identify(src) by extension 'python'
[1.603s] Level 1:colcon.colcon_core.package_identification:_identify(src) by extensions ['python_setup_py']
[1.603s] Level 1:colcon.colcon_core.package_identification:_identify(src) by extension 'python_setup_py'
[1.604s] Level 1:colcon.colcon_core.package_identification:_identify(src/articubot_one) by extensions ['ignore', 'ignore_ament_install']
[1.604s] Level 1:colcon.colcon_core.package_identification:_identify(src/articubot_one) by extension 'ignore'
[1.604s] Level 1:colcon.colcon_core.package_identification:_identify(src/articubot_one) by extension 'ignore_ament_install'
[1.604s] Level 1:colcon.colcon_core.package_identification:_identify(src/articubot_one) by extensions ['colcon_pkg']
[1.604s] Level 1:colcon.colcon_core.package_identification:_identify(src/articubot_one) by extension 'colcon_pkg'
[1.604s] Level 1:colcon.colcon_core.package_identification:_identify(src/articubot_one) by extensions ['colcon_meta']
[1.604s] Level 1:colcon.colcon_core.package_identification:_identify(src/articubot_one) by extension 'colcon_meta'
[1.604s] Level 1:colcon.colcon_core.package_identification:_identify(src/articubot_one) by extensions ['ros']
[1.604s] Level 1:colcon.colcon_core.package_identification:_identify(src/articubot_one) by extension 'ros'
[1.607s] DEBUG:colcon.colcon_core.package_identification:Package 'src/articubot_one' with type 'ros.ament_cmake' and name 'articubot_one'
[1.607s] Level 1:colcon.colcon_core.package_identification:_identify(src/my_robo_chassis) by extensions ['ignore', 'ignore_ament_install']
[1.607s] Level 1:colcon.colcon_core.package_identification:_identify(src/my_robo_chassis) by extension 'ignore'
[1.607s] Level 1:colcon.colcon_core.package_identification:_identify(src/my_robo_chassis) by extension 'ignore_ament_install'
[1.608s] Level 1:colcon.colcon_core.package_identification:_identify(src/my_robo_chassis) by extensions ['colcon_pkg']
[1.608s] Level 1:colcon.colcon_core.package_identification:_identify(src/my_robo_chassis) by extension 'colcon_pkg'
[1.608s] Level 1:colcon.colcon_core.package_identification:_identify(src/my_robo_chassis) by extensions ['colcon_meta']
[1.608s] Level 1:colcon.colcon_core.package_identification:_identify(src/my_robo_chassis) by extension 'colcon_meta'
[1.608s] Level 1:colcon.colcon_core.package_identification:_identify(src/my_robo_chassis) by extensions ['ros']
[1.608s] Level 1:colcon.colcon_core.package_identification:_identify(src/my_robo_chassis) by extension 'ros'
[1.608s] DEBUG:colcon.colcon_core.package_identification:Package 'src/my_robo_chassis' with type 'ros.ament_cmake' and name 'my_robo_chassis'
[1.609s] Level 1:colcon.colcon_core.package_discovery:discover_packages(recursive) using defaults
[1.609s] Level 1:colcon.colcon_core.package_discovery:discover_packages(ignore) discover
[1.609s] Level 1:colcon.colcon_core.package_discovery:discover_packages(ignore) using defaults
[1.609s] Level 1:colcon.colcon_core.package_discovery:discover_packages(path) discover
[1.609s] Level 1:colcon.colcon_core.package_discovery:discover_packages(path) using defaults
[1.750s] Level 1:colcon.colcon_core.package_discovery:discover_packages(prefix_path) check parameters
[1.751s] Level 1:colcon.colcon_core.package_discovery:discover_packages(prefix_path) discover
[1.808s] DEBUG:colcon.colcon_installed_package_information.package_discovery:Found 2 installed packages in /home/adi673/test_ws/install
[1.832s] DEBUG:colcon.colcon_installed_package_information.package_discovery:Found 3 installed packages in /home/adi673/gazebo2/install
[1.859s] DEBUG:colcon.colcon_installed_package_information.package_discovery:Found 1 installed packages in /home/adi673/ws/install
[1.905s] DEBUG:colcon.colcon_installed_package_information.package_discovery:Found 11 installed packages in /home/adi673/colcon_ws/install
[1.930s] DEBUG:colcon.colcon_installed_package_information.package_discovery:Found 397 installed packages in /opt/ros/humble
[1.933s] Level 1:colcon.colcon_core.package_discovery:discover_packages(prefix_path) using defaults
[2.103s] Level 5:colcon.colcon_core.verb:set package 'articubot_one' build argument 'cmake_args' from command line to 'None'
[2.103s] Level 5:colcon.colcon_core.verb:set package 'articubot_one' build argument 'cmake_target' from command line to 'None'
[2.103s] Level 5:colcon.colcon_core.verb:set package 'articubot_one' build argument 'cmake_target_skip_unavailable' from command line to 'False'
[2.103s] Level 5:colcon.colcon_core.verb:set package 'articubot_one' build argument 'cmake_clean_cache' from command line to 'False'
[2.103s] Level 5:colcon.colcon_core.verb:set package 'articubot_one' build argument 'cmake_clean_first' from command line to 'False'
[2.103s] Level 5:colcon.colcon_core.verb:set package 'articubot_one' build argument 'cmake_force_configure' from command line to 'False'
[2.103s] Level 5:colcon.colcon_core.verb:set package 'articubot_one' build argument 'ament_cmake_args' from command line to 'None'
[2.103s] Level 5:colcon.colcon_core.verb:set package 'articubot_one' build argument 'catkin_cmake_args' from command line to 'None'
[2.104s] Level 5:colcon.colcon_core.verb:set package 'articubot_one' build argument 'catkin_skip_building_tests' from command line to 'False'
[2.104s] DEBUG:colcon.colcon_core.verb:Building package 'articubot_one' with the following arguments: {'ament_cmake_args': None, 'build_base': '/home/adi673/test_ws/build/articubot_one', 'catkin_cmake_args': None, 'catkin_skip_building_tests': False, 'cmake_args': None, 'cmake_clean_cache': False, 'cmake_clean_first': False, 'cmake_force_configure': False, 'cmake_target': None, 'cmake_target_skip_unavailable': False, 'install_base': '/home/adi673/test_ws/install/articubot_one', 'merge_install': False, 'path': '/home/adi673/test_ws/src/articubot_one', 'symlink_install': False, 'test_result_base': None}
[2.127s] Level 5:colcon.colcon_core.verb:set package 'my_robo_chassis' build argument 'cmake_args' from command line to 'None'
[2.127s] Level 5:colcon.colcon_core.verb:set package 'my_robo_chassis' build argument 'cmake_target' from command line to 'None'
[2.127s] Level 5:colcon.colcon_core.verb:set package 'my_robo_chassis' build argument 'cmake_target_skip_unavailable' from command line to 'False'
[2.127s] Level 5:colcon.colcon_core.verb:set package 'my_robo_chassis' build argument 'cmake_clean_cache' from command line to 'False'
[2.127s] Level 5:colcon.colcon_core.verb:set package 'my_robo_chassis' build argument 'cmake_clean_first' from command line to 'False'
[2.127s] Level 5:colcon.colcon_core.verb:set package 'my_robo_chassis' build argument 'cmake_force_configure' from command line to 'False'
[2.127s] Level 5:colcon.colcon_core.verb:set package 'my_robo_chassis' build argument 'ament_cmake_args' from command line to 'None'
[2.127s] Level 5:colcon.colcon_core.verb:set package 'my_robo_chassis' build argument 'catkin_cmake_args' from command line to 'None'
[2.127s] Level 5:colcon.colcon_core.verb:set package 'my_robo_chassis' build argument 'catkin_skip_building_tests' from command line to 'False'
[2.127s] DEBUG:colcon.colcon_core.verb:Building package 'my_robo_chassis' with the following arguments: {'ament_cmake_args': None, 'build_base': '/home/adi673/test_ws/build/my_robo_chassis', 'catkin_cmake_args': None, 'catkin_skip_building_tests': False, 'cmake_args': None, 'cmake_clean_cache': False, 'cmake_clean_first': False, 'cmake_force_configure': False, 'cmake_target': None, 'cmake_target_skip_unavailable': False, 'install_base': '/home/adi673/test_ws/install/my_robo_chassis', 'merge_install': False, 'path': '/home/adi673/test_ws/src/my_robo_chassis', 'symlink_install': False, 'test_result_base': None}
[2.151s] INFO:colcon.colcon_core.executor:Executing jobs using 'parallel' executor
[2.177s] DEBUG:colcon.colcon_parallel_executor.executor.parallel:run_until_complete
[2.178s] INFO:colcon.colcon_ros.task.ament_cmake.build:Building ROS package in '/home/adi673/test_ws/src/articubot_one' with build type 'ament_cmake'
[2.178s] INFO:colcon.colcon_cmake.task.cmake.build:Building CMake package in '/home/adi673/test_ws/src/articubot_one'
[2.218s] INFO:colcon.colcon_core.plugin_system:Skipping extension 'colcon_core.shell.bat': Not used on non-Windows systems
[2.218s] INFO:colcon.colcon_core.shell:Skip shell extension 'powershell' for command environment: Not usable outside of PowerShell
[2.219s] DEBUG:colcon.colcon_core.shell:Skip shell extension 'dsv' for command environment
[2.382s] INFO:colcon.colcon_ros.task.ament_cmake.build:Building ROS package in '/home/adi673/test_ws/src/my_robo_chassis' with build type 'ament_cmake'
[2.382s] INFO:colcon.colcon_cmake.task.cmake.build:Building CMake package in '/home/adi673/test_ws/src/my_robo_chassis'
[2.419s] INFO:colcon.colcon_core.shell:Skip shell extension 'powershell' for command environment: Not usable outside of PowerShell
[2.420s] DEBUG:colcon.colcon_core.shell:Skip shell extension 'dsv' for command environment
[2.615s] DEBUG:colcon.colcon_core.event_handler.log_command:Invoking command in '/home/adi673/test_ws/build/articubot_one': CMAKE_PREFIX_PATH=${CMAKE_PREFIX_PATH}:/opt/ros/humble /usr/bin/cmake --build /home/adi673/test_ws/build/articubot_one -- -j4 -l4
[2.620s] DEBUG:colcon.colcon_core.event_handler.log_command:Invoking command in '/home/adi673/test_ws/build/my_robo_chassis': CMAKE_PREFIX_PATH=${CMAKE_PREFIX_PATH}:/opt/ros/humble /usr/bin/cmake --build /home/adi673/test_ws/build/my_robo_chassis -- -j4 -l4
[2.684s] DEBUG:colcon.colcon_core.event_handler.log_command:Invoked command in '/home/adi673/test_ws/build/articubot_one' returned '0': CMAKE_PREFIX_PATH=${CMAKE_PREFIX_PATH}:/opt/ros/humble /usr/bin/cmake --build /home/adi673/test_ws/build/articubot_one -- -j4 -l4
[2.702s] DEBUG:colcon.colcon_core.event_handler.log_command:Invoked command in '/home/adi673/test_ws/build/my_robo_chassis' returned '0': CMAKE_PREFIX_PATH=${CMAKE_PREFIX_PATH}:/opt/ros/humble /usr/bin/cmake --build /home/adi673/test_ws/build/my_robo_chassis -- -j4 -l4
[2.750s] DEBUG:colcon.colcon_core.event_handler.log_command:Invoking command in '/home/adi673/test_ws/build/articubot_one': CMAKE_PREFIX_PATH=${CMAKE_PREFIX_PATH}:/opt/ros/humble /usr/bin/cmake --install /home/adi673/test_ws/build/articubot_one
[2.757s] DEBUG:colcon.colcon_core.event_handler.log_command:Invoking command in '/home/adi673/test_ws/build/my_robo_chassis': CMAKE_PREFIX_PATH=${CMAKE_PREFIX_PATH}:/opt/ros/humble /usr/bin/cmake --install /home/adi673/test_ws/build/my_robo_chassis
[2.792s] Level 1:colcon.colcon_core.environment:create_environment_scripts_only(articubot_one)
[2.795s] DEBUG:colcon.colcon_core.event_handler.log_command:Invoked command in '/home/adi673/test_ws/build/articubot_one' returned '0': CMAKE_PREFIX_PATH=${CMAKE_PREFIX_PATH}:/opt/ros/humble /usr/bin/cmake --install /home/adi673/test_ws/build/articubot_one
[2.826s] Level 1:colcon.colcon_core.environment:checking '/home/adi673/test_ws/install/articubot_one' for CMake module files
[2.827s] Level 1:colcon.colcon_core.environment:checking '/home/adi673/test_ws/install/articubot_one' for CMake config files
[2.827s] Level 1:colcon.colcon_core.shell:create_environment_hook('articubot_one', 'cmake_prefix_path')
[2.851s] INFO:colcon.colcon_core.shell:Creating environment hook '/home/adi673/test_ws/install/articubot_one/share/articubot_one/hook/cmake_prefix_path.ps1'
[2.852s] INFO:colcon.colcon_core.shell:Creating environment descriptor '/home/adi673/test_ws/install/articubot_one/share/articubot_one/hook/cmake_prefix_path.dsv'
[2.853s] INFO:colcon.colcon_core.shell:Creating environment hook '/home/adi673/test_ws/install/articubot_one/share/articubot_one/hook/cmake_prefix_path.sh'
[2.855s] Level 1:colcon.colcon_core.environment:checking '/home/adi673/test_ws/install/articubot_one/bin'
[2.855s] Level 1:colcon.colcon_core.environment:checking '/home/adi673/test_ws/install/articubot_one/lib/pkgconfig/articubot_one.pc'
[2.855s] Level 1:colcon.colcon_core.environment:checking '/home/adi673/test_ws/install/articubot_one/lib/python3.10/site-packages'
[2.856s] Level 1:colcon.colcon_core.environment:checking '/home/adi673/test_ws/install/articubot_one/bin'
[2.879s] INFO:colcon.colcon_core.shell:Creating package script '/home/adi673/test_ws/install/articubot_one/share/articubot_one/package.ps1'
[2.881s] INFO:colcon.colcon_core.shell:Creating package descriptor '/home/adi673/test_ws/install/articubot_one/share/articubot_one/package.dsv'
[2.883s] INFO:colcon.colcon_core.shell:Creating package script '/home/adi673/test_ws/install/articubot_one/share/articubot_one/package.sh'
[2.885s] INFO:colcon.colcon_core.shell:Creating package script '/home/adi673/test_ws/install/articubot_one/share/articubot_one/package.bash'
[2.887s] INFO:colcon.colcon_core.shell:Creating package script '/home/adi673/test_ws/install/articubot_one/share/articubot_one/package.zsh'
[2.889s] Level 1:colcon.colcon_core.environment:create_file_with_runtime_dependencies(/home/adi673/test_ws/install/articubot_one/share/colcon-core/packages/articubot_one)
[2.893s] Level 1:colcon.colcon_core.environment:create_environment_scripts_only(my_robo_chassis)
[2.895s] DEBUG:colcon.colcon_core.event_handler.log_command:Invoked command in '/home/adi673/test_ws/build/my_robo_chassis' returned '0': CMAKE_PREFIX_PATH=${CMAKE_PREFIX_PATH}:/opt/ros/humble /usr/bin/cmake --install /home/adi673/test_ws/build/my_robo_chassis
[2.936s] Level 1:colcon.colcon_core.environment:checking '/home/adi673/test_ws/install/my_robo_chassis' for CMake module files
[2.937s] Level 1:colcon.colcon_core.environment:checking '/home/adi673/test_ws/install/my_robo_chassis' for CMake config files
[2.938s] Level 1:colcon.colcon_core.shell:create_environment_hook('my_robo_chassis', 'cmake_prefix_path')
[2.964s] INFO:colcon.colcon_core.shell:Creating environment hook '/home/adi673/test_ws/install/my_robo_chassis/share/my_robo_chassis/hook/cmake_prefix_path.ps1'
[2.965s] INFO:colcon.colcon_core.shell:Creating environment descriptor '/home/adi673/test_ws/install/my_robo_chassis/share/my_robo_chassis/hook/cmake_prefix_path.dsv'
[2.965s] INFO:colcon.colcon_core.shell:Creating environment hook '/home/adi673/test_ws/install/my_robo_chassis/share/my_robo_chassis/hook/cmake_prefix_path.sh'
[2.967s] Level 1:colcon.colcon_core.environment:checking '/home/adi673/test_ws/install/my_robo_chassis/lib'
[2.967s] Level 1:colcon.colcon_core.environment:checking '/home/adi673/test_ws/install/my_robo_chassis/bin'
[2.967s] Level 1:colcon.colcon_core.environment:checking '/home/adi673/test_ws/install/my_robo_chassis/lib/pkgconfig/my_robo_chassis.pc'
[2.967s] Level 1:colcon.colcon_core.environment:checking '/home/adi673/test_ws/install/my_robo_chassis/lib/python3.10/site-packages'
[2.967s] Level 1:colcon.colcon_core.shell:create_environment_hook('my_robo_chassis', 'pythonpath')
[2.994s] INFO:colcon.colcon_core.shell:Creating environment hook '/home/adi673/test_ws/install/my_robo_chassis/share/my_robo_chassis/hook/pythonpath.ps1'
[2.995s] INFO:colcon.colcon_core.shell:Creating environment descriptor '/home/adi673/test_ws/install/my_robo_chassis/share/my_robo_chassis/hook/pythonpath.dsv'
[2.996s] INFO:colcon.colcon_core.shell:Creating environment hook '/home/adi673/test_ws/install/my_robo_chassis/share/my_robo_chassis/hook/pythonpath.sh'
[2.997s] Level 1:colcon.colcon_core.environment:checking '/home/adi673/test_ws/install/my_robo_chassis/bin'
[3.023s] INFO:colcon.colcon_core.shell:Creating package script '/home/adi673/test_ws/install/my_robo_chassis/share/my_robo_chassis/package.ps1'
[3.024s] INFO:colcon.colcon_core.shell:Creating package descriptor '/home/adi673/test_ws/install/my_robo_chassis/share/my_robo_chassis/package.dsv'
[3.025s] INFO:colcon.colcon_core.shell:Creating package script '/home/adi673/test_ws/install/my_robo_chassis/share/my_robo_chassis/package.sh'
[3.027s] INFO:colcon.colcon_core.shell:Creating package script '/home/adi673/test_ws/install/my_robo_chassis/share/my_robo_chassis/package.bash'
[3.027s] INFO:colcon.colcon_core.shell:Creating package script '/home/adi673/test_ws/install/my_robo_chassis/share/my_robo_chassis/package.zsh'
[3.028s] Level 1:colcon.colcon_core.environment:create_file_with_runtime_dependencies(/home/adi673/test_ws/install/my_robo_chassis/share/colcon-core/packages/my_robo_chassis)
[3.055s] Level 1:colcon.colcon_core.environment:create_environment_scripts_only(articubot_one)
[3.079s] Level 1:colcon.colcon_core.environment:checking '/home/adi673/test_ws/install/articubot_one' for CMake module files
[3.080s] Level 1:colcon.colcon_core.environment:checking '/home/adi673/test_ws/install/articubot_one' for CMake config files
[3.080s] Level 1:colcon.colcon_core.shell:create_environment_hook('articubot_one', 'cmake_prefix_path')
[3.105s] INFO:colcon.colcon_core.shell:Creating environment hook '/home/adi673/test_ws/install/articubot_one/share/articubot_one/hook/cmake_prefix_path.ps1'
[3.106s] INFO:colcon.colcon_core.shell:Creating environment descriptor '/home/adi673/test_ws/install/articubot_one/share/articubot_one/hook/cmake_prefix_path.dsv'
[3.107s] INFO:colcon.colcon_core.shell:Creating environment hook '/home/adi673/test_ws/install/articubot_one/share/articubot_one/hook/cmake_prefix_path.sh'
[3.108s] Level 1:colcon.colcon_core.environment:checking '/home/adi673/test_ws/install/articubot_one/bin'
[3.108s] Level 1:colcon.colcon_core.environment:checking '/home/adi673/test_ws/install/articubot_one/lib/pkgconfig/articubot_one.pc'
[3.108s] Level 1:colcon.colcon_core.environment:checking '/home/adi673/test_ws/install/articubot_one/lib/python3.10/site-packages'
[3.108s] Level 1:colcon.colcon_core.environment:checking '/home/adi673/test_ws/install/articubot_one/bin'
[3.131s] INFO:colcon.colcon_core.shell:Creating package script '/home/adi673/test_ws/install/articubot_one/share/articubot_one/package.ps1'
[3.132s] INFO:colcon.colcon_core.shell:Creating package descriptor '/home/adi673/test_ws/install/articubot_one/share/articubot_one/package.dsv'
[3.133s] INFO:colcon.colcon_core.shell:Creating package script '/home/adi673/test_ws/install/articubot_one/share/articubot_one/package.sh'
[3.134s] INFO:colcon.colcon_core.shell:Creating package script '/home/adi673/test_ws/install/articubot_one/share/articubot_one/package.bash'
[3.135s] INFO:colcon.colcon_core.shell:Creating package script '/home/adi673/test_ws/install/articubot_one/share/articubot_one/package.zsh'
[3.136s] Level 1:colcon.colcon_core.environment:create_file_with_runtime_dependencies(/home/adi673/test_ws/install/articubot_one/share/colcon-core/packages/articubot_one)
[3.164s] Level 1:colcon.colcon_core.environment:create_environment_scripts_only(my_robo_chassis)
[3.189s] Level 1:colcon.colcon_core.environment:checking '/home/adi673/test_ws/install/my_robo_chassis' for CMake module files
[3.190s] Level 1:colcon.colcon_core.environment:checking '/home/adi673/test_ws/install/my_robo_chassis' for CMake config files
[3.191s] Level 1:colcon.colcon_core.shell:create_environment_hook('my_robo_chassis', 'cmake_prefix_path')
[3.215s] INFO:colcon.colcon_core.shell:Creating environment hook '/home/adi673/test_ws/install/my_robo_chassis/share/my_robo_chassis/hook/cmake_prefix_path.ps1'
[3.216s] INFO:colcon.colcon_core.shell:Creating environment descriptor '/home/adi673/test_ws/install/my_robo_chassis/share/my_robo_chassis/hook/cmake_prefix_path.dsv'
[3.217s] INFO:colcon.colcon_core.shell:Creating environment hook '/home/adi673/test_ws/install/my_robo_chassis/share/my_robo_chassis/hook/cmake_prefix_path.sh'
[3.219s] Level 1:colcon.colcon_core.environment:checking '/home/adi673/test_ws/install/my_robo_chassis/lib'
[3.219s] Level 1:colcon.colcon_core.environment:checking '/home/adi673/test_ws/install/my_robo_chassis/bin'
[3.219s] Level 1:colcon.colcon_core.environment:checking '/home/adi673/test_ws/install/my_robo_chassis/lib/pkgconfig/my_robo_chassis.pc'
[3.219s] Level 1:colcon.colcon_core.environment:checking '/home/adi673/test_ws/install/my_robo_chassis/lib/python3.10/site-packages'
[3.219s] Level 1:colcon.colcon_core.shell:create_environment_hook('my_robo_chassis', 'pythonpath')
[3.252s] INFO:colcon.colcon_core.shell:Creating environment hook '/home/adi673/test_ws/install/my_robo_chassis/share/my_robo_chassis/hook/pythonpath.ps1'
[3.253s] INFO:colcon.colcon_core.shell:Creating environment descriptor '/home/adi673/test_ws/install/my_robo_chassis/share/my_robo_chassis/hook/pythonpath.dsv'
[3.254s] INFO:colcon.colcon_core.shell:Creating environment hook '/home/adi673/test_ws/install/my_robo_chassis/share/my_robo_chassis/hook/pythonpath.sh'
[3.255s] Level 1:colcon.colcon_core.environment:checking '/home/adi673/test_ws/install/my_robo_chassis/bin'
[3.285s] INFO:colcon.colcon_core.shell:Creating package script '/home/adi673/test_ws/install/my_robo_chassis/share/my_robo_chassis/package.ps1'
[3.286s] INFO:colcon.colcon_core.shell:Creating package descriptor '/home/adi673/test_ws/install/my_robo_chassis/share/my_robo_chassis/package.dsv'
[3.287s] INFO:colcon.colcon_core.shell:Creating package script '/home/adi673/test_ws/install/my_robo_chassis/share/my_robo_chassis/package.sh'
[3.288s] INFO:colcon.colcon_core.shell:Creating package script '/home/adi673/test_ws/install/my_robo_chassis/share/my_robo_chassis/package.bash'
[3.289s] INFO:colcon.colcon_core.shell:Creating package script '/home/adi673/test_ws/install/my_robo_chassis/share/my_robo_chassis/package.zsh'
[3.290s] Level 1:colcon.colcon_core.environment:create_file_with_runtime_dependencies(/home/adi673/test_ws/install/my_robo_chassis/share/colcon-core/packages/my_robo_chassis)
[3.291s] DEBUG:colcon.colcon_parallel_executor.executor.parallel:closing loop
[3.292s] DEBUG:colcon.colcon_parallel_executor.executor.parallel:loop closed
[3.292s] DEBUG:colcon.colcon_parallel_executor.executor.parallel:run_until_complete finished with '0'
[3.292s] DEBUG:colcon.colcon_core.event_reactor:joining thread
[3.328s] INFO:colcon.colcon_core.plugin_system:Skipping extension 'colcon_notification.desktop_notification.terminal_notifier': Not used on non-Darwin systems
[3.328s] INFO:colcon.colcon_core.plugin_system:Skipping extension 'colcon_notification.desktop_notification.win32': Not used on non-Windows systems
[3.328s] INFO:colcon.colcon_notification.desktop_notification:Sending desktop notification using 'notify2'
[3.357s] DEBUG:colcon.colcon_core.event_reactor:joined thread
[3.392s] INFO:colcon.colcon_core.shell:Creating prefix script '/home/adi673/test_ws/install/local_setup.ps1'
[3.394s] INFO:colcon.colcon_core.shell:Creating prefix util module '/home/adi673/test_ws/install/_local_setup_util_ps1.py'
[3.397s] INFO:colcon.colcon_core.shell:Creating prefix chain script '/home/adi673/test_ws/install/setup.ps1'
[3.425s] INFO:colcon.colcon_core.shell:Creating prefix script '/home/adi673/test_ws/install/local_setup.sh'
[3.427s] INFO:colcon.colcon_core.shell:Creating prefix util module '/home/adi673/test_ws/install/_local_setup_util_sh.py'
[3.428s] INFO:colcon.colcon_core.shell:Creating prefix chain script '/home/adi673/test_ws/install/setup.sh'
[3.454s] INFO:colcon.colcon_core.shell:Creating prefix script '/home/adi673/test_ws/install/local_setup.bash'
[3.456s] INFO:colcon.colcon_core.shell:Creating prefix chain script '/home/adi673/test_ws/install/setup.bash'
[3.482s] INFO:colcon.colcon_core.shell:Creating prefix script '/home/adi673/test_ws/install/local_setup.zsh'
[3.483s] INFO:colcon.colcon_core.shell:Creating prefix chain script '/home/adi673/test_ws/install/setup.zsh'
