[0.218s] Invoking command in '/home/adi673/test_ws/build/my_robo_chassis': CMAKE_PREFIX_PATH=${CMAKE_PREFIX_PATH}:/opt/ros/humble /usr/bin/cmake --build /home/adi673/test_ws/build/my_robo_chassis -- -j4 -l4
[0.313s] Invoked command in '/home/adi673/test_ws/build/my_robo_chassis' returned '0': CMAKE_PREFIX_PATH=${CMAKE_PREFIX_PATH}:/opt/ros/humble /usr/bin/cmake --build /home/adi673/test_ws/build/my_robo_chassis -- -j4 -l4
[0.369s] Invoking command in '/home/adi673/test_ws/build/my_robo_chassis': CMAKE_PREFIX_PATH=${CMAKE_PREFIX_PATH}:/opt/ros/humble /usr/bin/cmake --install /home/adi673/test_ws/build/my_robo_chassis
[0.386s] -- Install configuration: ""
[0.388s] -- Execute custom install script
[0.389s] -- Up-to-date symlink: /home/adi673/test_ws/install/my_robo_chassis/share/my_robo_chassis/config/ball_tracker_params_robot.yaml
[0.389s] -- Up-to-date symlink: /home/adi673/test_ws/install/my_robo_chassis/share/my_robo_chassis/config/ball_tracker_params_sim.yaml
[0.389s] -- Up-to-date symlink: /home/adi673/test_ws/install/my_robo_chassis/share/my_robo_chassis/config/drive_bot.rviz
[0.389s] -- Up-to-date symlink: /home/adi673/test_ws/install/my_robo_chassis/share/my_robo_chassis/config/empty.yaml
[0.390s] -- Up-to-date symlink: /home/adi673/test_ws/install/my_robo_chassis/share/my_robo_chassis/config/gaz_ros2_ctl_use_sim.yaml
[0.390s] -- Up-to-date symlink: /home/adi673/test_ws/install/my_robo_chassis/share/my_robo_chassis/config/gazebo_params.yaml
[0.390s] -- Up-to-date symlink: /home/adi673/test_ws/install/my_robo_chassis/share/my_robo_chassis/config/joystick.yaml
[0.390s] -- Up-to-date symlink: /home/adi673/test_ws/install/my_robo_chassis/share/my_robo_chassis/config/main.rviz
[0.390s] -- Up-to-date symlink: /home/adi673/test_ws/install/my_robo_chassis/share/my_robo_chassis/config/map.rviz
[0.390s] -- Up-to-date symlink: /home/adi673/test_ws/install/my_robo_chassis/share/my_robo_chassis/config/mapper_params_online_async.yaml
[0.391s] -- Up-to-date symlink: /home/adi673/test_ws/install/my_robo_chassis/share/my_robo_chassis/config/my_controllers.yaml
[0.391s] -- Up-to-date symlink: /home/adi673/test_ws/install/my_robo_chassis/share/my_robo_chassis/config/nav2_params.yaml
[0.391s] -- Up-to-date symlink: /home/adi673/test_ws/install/my_robo_chassis/share/my_robo_chassis/config/twist_mux.yaml
[0.391s] -- Up-to-date symlink: /home/adi673/test_ws/install/my_robo_chassis/share/my_robo_chassis/config/view_bot.rviz
[0.391s] -- Symlinking: /home/adi673/test_ws/install/my_robo_chassis/share/my_robo_chassis/description/inertial_macros.xacro
[0.405s] -- Up-to-date symlink: /home/adi673/test_ws/install/my_robo_chassis/share/my_robo_chassis/description/robot.urdf.xacro
[0.405s] -- Up-to-date symlink: /home/adi673/test_ws/install/my_robo_chassis/share/my_robo_chassis/description/robot_core.xacro
[0.406s] -- Up-to-date symlink: /home/adi673/test_ws/install/my_robo_chassis/share/my_robo_chassis/launch/rsp.launch.py
[0.406s] -- Up-to-date symlink: /home/adi673/test_ws/install/my_robo_chassis/share/my_robo_chassis/worlds/empty.world
[0.406s] -- Up-to-date symlink: /home/adi673/test_ws/install/my_robo_chassis/share/my_robo_chassis/worlds/obstacles.world
[0.407s] -- Up-to-date symlink: /home/adi673/test_ws/install/my_robo_chassis/share/ament_index/resource_index/package_run_dependencies/my_robo_chassis
[0.407s] -- Up-to-date symlink: /home/adi673/test_ws/install/my_robo_chassis/share/ament_index/resource_index/parent_prefix_path/my_robo_chassis
[0.407s] -- Up-to-date symlink: /home/adi673/test_ws/install/my_robo_chassis/share/my_robo_chassis/environment/ament_prefix_path.sh
[0.407s] -- Up-to-date symlink: /home/adi673/test_ws/install/my_robo_chassis/share/my_robo_chassis/environment/ament_prefix_path.dsv
[0.407s] -- Up-to-date symlink: /home/adi673/test_ws/install/my_robo_chassis/share/my_robo_chassis/environment/path.sh
[0.407s] -- Up-to-date symlink: /home/adi673/test_ws/install/my_robo_chassis/share/my_robo_chassis/environment/path.dsv
[0.413s] -- Up-to-date symlink: /home/adi673/test_ws/install/my_robo_chassis/share/my_robo_chassis/local_setup.bash
[0.413s] -- Up-to-date symlink: /home/adi673/test_ws/install/my_robo_chassis/share/my_robo_chassis/local_setup.sh
[0.413s] -- Up-to-date symlink: /home/adi673/test_ws/install/my_robo_chassis/share/my_robo_chassis/local_setup.zsh
[0.414s] -- Up-to-date symlink: /home/adi673/test_ws/install/my_robo_chassis/share/my_robo_chassis/local_setup.dsv
[0.414s] -- Symlinking: /home/adi673/test_ws/install/my_robo_chassis/share/my_robo_chassis/package.dsv
[0.433s] -- Up-to-date symlink: /home/adi673/test_ws/install/my_robo_chassis/share/ament_index/resource_index/packages/my_robo_chassis
[0.433s] -- Up-to-date symlink: /home/adi673/test_ws/install/my_robo_chassis/share/my_robo_chassis/cmake/my_robo_chassisConfig.cmake
[0.433s] -- Up-to-date symlink: /home/adi673/test_ws/install/my_robo_chassis/share/my_robo_chassis/cmake/my_robo_chassisConfig-version.cmake
[0.436s] -- Up-to-date symlink: /home/adi673/test_ws/install/my_robo_chassis/share/my_robo_chassis/package.xml
[0.535s] Invoked command in '/home/adi673/test_ws/build/my_robo_chassis' returned '0': CMAKE_PREFIX_PATH=${CMAKE_PREFIX_PATH}:/opt/ros/humble /usr/bin/cmake --install /home/adi673/test_ws/build/my_robo_chassis
