[4.130s] DEBUG:colcon:Command line arguments: ['/usr/bin/colcon', 'build', '--symlink-install']
[4.130s] DEBUG:colcon:Parsed command line arguments: Namespace(log_base=None, log_level=None, verb_name='build', build_base='build', install_base='install', merge_install=False, symlink_install=True, test_result_base=None, continue_on_error=False, executor='parallel', parallel_workers=4, event_handlers=None, ignore_user_meta=False, metas=['./colcon.meta'], base_paths=['.'], packages_ignore=None, packages_ignore_regex=None, paths=None, packages_up_to=None, packages_up_to_regex=None, packages_above=None, packages_above_and_dependencies=None, packages_above_depth=None, packages_select_by_dep=None, packages_skip_by_dep=None, packages_skip_up_to=None, packages_select_build_failed=False, packages_skip_build_finished=False, packages_select_test_failures=False, packages_skip_test_passed=False, packages_select=None, packages_skip=None, packages_select_regex=None, packages_skip_regex=None, packages_start=None, packages_end=None, allow_overriding=[], cmake_args=None, cmake_target=None, cmake_target_skip_unavailable=False, cmake_clean_cache=False, cmake_clean_first=False, cmake_force_configure=False, ament_cmake_args=None, catkin_cmake_args=None, catkin_skip_building_tests=False, verb_parser=<colcon_defaults.argument_parser.defaults.DefaultArgumentsDecorator object at 0x7f2e474dc190>, verb_extension=<colcon_core.verb.build.BuildVerb object at 0x7f2e474de2f0>, main=<bound method BuildVerb.main of <colcon_core.verb.build.BuildVerb object at 0x7f2e474de2f0>>)
[4.253s] Level 1:colcon.colcon_core.package_discovery:discover_packages(colcon_meta) check parameters
[4.253s] Level 1:colcon.colcon_core.package_discovery:discover_packages(recursive) check parameters
[4.253s] Level 1:colcon.colcon_core.package_discovery:discover_packages(ignore) check parameters
[4.253s] Level 1:colcon.colcon_core.package_discovery:discover_packages(path) check parameters
[4.254s] Level 1:colcon.colcon_core.package_discovery:discover_packages(colcon_meta) discover
[4.254s] Level 1:colcon.colcon_core.package_discovery:discover_packages(recursive) discover
[4.254s] INFO:colcon.colcon_core.package_discovery:Crawling recursively for packages in '/home/adi673/test_ws'
[4.254s] Level 1:colcon.colcon_core.package_identification:_identify(.) by extensions ['ignore', 'ignore_ament_install']
[4.254s] Level 1:colcon.colcon_core.package_identification:_identify(.) by extension 'ignore'
[4.254s] Level 1:colcon.colcon_core.package_identification:_identify(.) by extension 'ignore_ament_install'
[4.254s] Level 1:colcon.colcon_core.package_identification:_identify(.) by extensions ['colcon_pkg']
[4.255s] Level 1:colcon.colcon_core.package_identification:_identify(.) by extension 'colcon_pkg'
[4.255s] Level 1:colcon.colcon_core.package_identification:_identify(.) by extensions ['colcon_meta']
[4.255s] Level 1:colcon.colcon_core.package_identification:_identify(.) by extension 'colcon_meta'
[4.255s] Level 1:colcon.colcon_core.package_identification:_identify(.) by extensions ['ros']
[4.255s] Level 1:colcon.colcon_core.package_identification:_identify(.) by extension 'ros'
[4.280s] Level 1:colcon.colcon_core.package_identification:_identify(.) by extensions ['cmake', 'python']
[4.280s] Level 1:colcon.colcon_core.package_identification:_identify(.) by extension 'cmake'
[4.280s] Level 1:colcon.colcon_core.package_identification:_identify(.) by extension 'python'
[4.280s] Level 1:colcon.colcon_core.package_identification:_identify(.) by extensions ['python_setup_py']
[4.280s] Level 1:colcon.colcon_core.package_identification:_identify(.) by extension 'python_setup_py'
[4.281s] Level 1:colcon.colcon_core.package_identification:_identify(build) by extensions ['ignore', 'ignore_ament_install']
[4.281s] Level 1:colcon.colcon_core.package_identification:_identify(build) by extension 'ignore'
[4.281s] Level 1:colcon.colcon_core.package_identification:_identify(build) ignored
[4.281s] Level 1:colcon.colcon_core.package_identification:_identify(install) by extensions ['ignore', 'ignore_ament_install']
[4.281s] Level 1:colcon.colcon_core.package_identification:_identify(install) by extension 'ignore'
[4.282s] Level 1:colcon.colcon_core.package_identification:_identify(install) ignored
[4.282s] Level 1:colcon.colcon_core.package_identification:_identify(log) by extensions ['ignore', 'ignore_ament_install']
[4.282s] Level 1:colcon.colcon_core.package_identification:_identify(log) by extension 'ignore'
[4.282s] Level 1:colcon.colcon_core.package_identification:_identify(log) ignored
[4.282s] Level 1:colcon.colcon_core.package_identification:_identify(src) by extensions ['ignore', 'ignore_ament_install']
[4.282s] Level 1:colcon.colcon_core.package_identification:_identify(src) by extension 'ignore'
[4.283s] Level 1:colcon.colcon_core.package_identification:_identify(src) by extension 'ignore_ament_install'
[4.283s] Level 1:colcon.colcon_core.package_identification:_identify(src) by extensions ['colcon_pkg']
[4.283s] Level 1:colcon.colcon_core.package_identification:_identify(src) by extension 'colcon_pkg'
[4.283s] Level 1:colcon.colcon_core.package_identification:_identify(src) by extensions ['colcon_meta']
[4.283s] Level 1:colcon.colcon_core.package_identification:_identify(src) by extension 'colcon_meta'
[4.283s] Level 1:colcon.colcon_core.package_identification:_identify(src) by extensions ['ros']
[4.283s] Level 1:colcon.colcon_core.package_identification:_identify(src) by extension 'ros'
[4.283s] Level 1:colcon.colcon_core.package_identification:_identify(src) by extensions ['cmake', 'python']
[4.283s] Level 1:colcon.colcon_core.package_identification:_identify(src) by extension 'cmake'
[4.283s] Level 1:colcon.colcon_core.package_identification:_identify(src) by extension 'python'
[4.284s] Level 1:colcon.colcon_core.package_identification:_identify(src) by extensions ['python_setup_py']
[4.284s] Level 1:colcon.colcon_core.package_identification:_identify(src) by extension 'python_setup_py'
[4.284s] Level 1:colcon.colcon_core.package_identification:_identify(src/articubot_one) by extensions ['ignore', 'ignore_ament_install']
[4.284s] Level 1:colcon.colcon_core.package_identification:_identify(src/articubot_one) by extension 'ignore'
[4.284s] Level 1:colcon.colcon_core.package_identification:_identify(src/articubot_one) by extension 'ignore_ament_install'
[4.284s] Level 1:colcon.colcon_core.package_identification:_identify(src/articubot_one) by extensions ['colcon_pkg']
[4.284s] Level 1:colcon.colcon_core.package_identification:_identify(src/articubot_one) by extension 'colcon_pkg'
[4.284s] Level 1:colcon.colcon_core.package_identification:_identify(src/articubot_one) by extensions ['colcon_meta']
[4.284s] Level 1:colcon.colcon_core.package_identification:_identify(src/articubot_one) by extension 'colcon_meta'
[4.285s] Level 1:colcon.colcon_core.package_identification:_identify(src/articubot_one) by extensions ['ros']
[4.285s] Level 1:colcon.colcon_core.package_identification:_identify(src/articubot_one) by extension 'ros'
[4.290s] DEBUG:colcon.colcon_core.package_identification:Package 'src/articubot_one' with type 'ros.ament_cmake' and name 'articubot_one'
[4.290s] Level 1:colcon.colcon_core.package_identification:_identify(src/my_robo_chassis) by extensions ['ignore', 'ignore_ament_install']
[4.290s] Level 1:colcon.colcon_core.package_identification:_identify(src/my_robo_chassis) by extension 'ignore'
[4.291s] Level 1:colcon.colcon_core.package_identification:_identify(src/my_robo_chassis) by extension 'ignore_ament_install'
[4.291s] Level 1:colcon.colcon_core.package_identification:_identify(src/my_robo_chassis) by extensions ['colcon_pkg']
[4.291s] Level 1:colcon.colcon_core.package_identification:_identify(src/my_robo_chassis) by extension 'colcon_pkg'
[4.291s] Level 1:colcon.colcon_core.package_identification:_identify(src/my_robo_chassis) by extensions ['colcon_meta']
[4.291s] Level 1:colcon.colcon_core.package_identification:_identify(src/my_robo_chassis) by extension 'colcon_meta'
[4.291s] Level 1:colcon.colcon_core.package_identification:_identify(src/my_robo_chassis) by extensions ['ros']
[4.291s] Level 1:colcon.colcon_core.package_identification:_identify(src/my_robo_chassis) by extension 'ros'
[4.292s] DEBUG:colcon.colcon_core.package_identification:Package 'src/my_robo_chassis' with type 'ros.ament_python' and name 'my_robo_chassis'
[4.292s] Level 1:colcon.colcon_core.package_discovery:discover_packages(recursive) using defaults
[4.293s] Level 1:colcon.colcon_core.package_discovery:discover_packages(ignore) discover
[4.293s] Level 1:colcon.colcon_core.package_discovery:discover_packages(ignore) using defaults
[4.293s] Level 1:colcon.colcon_core.package_discovery:discover_packages(path) discover
[4.293s] Level 1:colcon.colcon_core.package_discovery:discover_packages(path) using defaults
[4.526s] Level 1:colcon.colcon_core.package_discovery:discover_packages(prefix_path) check parameters
[4.526s] Level 1:colcon.colcon_core.package_discovery:discover_packages(prefix_path) discover
[4.747s] DEBUG:colcon.colcon_installed_package_information.package_discovery:Found 3 installed packages in /home/adi673/gazebo2/install
[4.785s] DEBUG:colcon.colcon_installed_package_information.package_discovery:Found 1 installed packages in /home/adi673/ws/install
[4.824s] DEBUG:colcon.colcon_installed_package_information.package_discovery:Found 11 installed packages in /home/adi673/colcon_ws/install
[4.981s] DEBUG:colcon.colcon_installed_package_information.package_discovery:Found 397 installed packages in /opt/ros/humble
[4.985s] Level 1:colcon.colcon_core.package_discovery:discover_packages(prefix_path) using defaults
[5.282s] Level 5:colcon.colcon_core.verb:set package 'articubot_one' build argument 'cmake_args' from command line to 'None'
[5.282s] Level 5:colcon.colcon_core.verb:set package 'articubot_one' build argument 'cmake_target' from command line to 'None'
[5.282s] Level 5:colcon.colcon_core.verb:set package 'articubot_one' build argument 'cmake_target_skip_unavailable' from command line to 'False'
[5.282s] Level 5:colcon.colcon_core.verb:set package 'articubot_one' build argument 'cmake_clean_cache' from command line to 'False'
[5.282s] Level 5:colcon.colcon_core.verb:set package 'articubot_one' build argument 'cmake_clean_first' from command line to 'False'
[5.282s] Level 5:colcon.colcon_core.verb:set package 'articubot_one' build argument 'cmake_force_configure' from command line to 'False'
[5.282s] Level 5:colcon.colcon_core.verb:set package 'articubot_one' build argument 'ament_cmake_args' from command line to 'None'
[5.282s] Level 5:colcon.colcon_core.verb:set package 'articubot_one' build argument 'catkin_cmake_args' from command line to 'None'
[5.282s] Level 5:colcon.colcon_core.verb:set package 'articubot_one' build argument 'catkin_skip_building_tests' from command line to 'False'
[5.283s] DEBUG:colcon.colcon_core.verb:Building package 'articubot_one' with the following arguments: {'ament_cmake_args': None, 'build_base': '/home/adi673/test_ws/build/articubot_one', 'catkin_cmake_args': None, 'catkin_skip_building_tests': False, 'cmake_args': None, 'cmake_clean_cache': False, 'cmake_clean_first': False, 'cmake_force_configure': False, 'cmake_target': None, 'cmake_target_skip_unavailable': False, 'install_base': '/home/adi673/test_ws/install/articubot_one', 'merge_install': False, 'path': '/home/adi673/test_ws/src/articubot_one', 'symlink_install': True, 'test_result_base': None}
[5.320s] Level 5:colcon.colcon_core.verb:set package 'my_robo_chassis' build argument 'cmake_args' from command line to 'None'
[5.320s] Level 5:colcon.colcon_core.verb:set package 'my_robo_chassis' build argument 'cmake_target' from command line to 'None'
[5.320s] Level 5:colcon.colcon_core.verb:set package 'my_robo_chassis' build argument 'cmake_target_skip_unavailable' from command line to 'False'
[5.320s] Level 5:colcon.colcon_core.verb:set package 'my_robo_chassis' build argument 'cmake_clean_cache' from command line to 'False'
[5.320s] Level 5:colcon.colcon_core.verb:set package 'my_robo_chassis' build argument 'cmake_clean_first' from command line to 'False'
[5.321s] Level 5:colcon.colcon_core.verb:set package 'my_robo_chassis' build argument 'cmake_force_configure' from command line to 'False'
[5.321s] Level 5:colcon.colcon_core.verb:set package 'my_robo_chassis' build argument 'ament_cmake_args' from command line to 'None'
[5.321s] Level 5:colcon.colcon_core.verb:set package 'my_robo_chassis' build argument 'catkin_cmake_args' from command line to 'None'
[5.321s] Level 5:colcon.colcon_core.verb:set package 'my_robo_chassis' build argument 'catkin_skip_building_tests' from command line to 'False'
[5.321s] DEBUG:colcon.colcon_core.verb:Building package 'my_robo_chassis' with the following arguments: {'ament_cmake_args': None, 'build_base': '/home/adi673/test_ws/build/my_robo_chassis', 'catkin_cmake_args': None, 'catkin_skip_building_tests': False, 'cmake_args': None, 'cmake_clean_cache': False, 'cmake_clean_first': False, 'cmake_force_configure': False, 'cmake_target': None, 'cmake_target_skip_unavailable': False, 'install_base': '/home/adi673/test_ws/install/my_robo_chassis', 'merge_install': False, 'path': '/home/adi673/test_ws/src/my_robo_chassis', 'symlink_install': True, 'test_result_base': None}
[5.358s] INFO:colcon.colcon_core.executor:Executing jobs using 'parallel' executor
[5.398s] DEBUG:colcon.colcon_parallel_executor.executor.parallel:run_until_complete
[5.398s] INFO:colcon.colcon_ros.task.ament_cmake.build:Building ROS package in '/home/adi673/test_ws/src/articubot_one' with build type 'ament_cmake'
[5.399s] INFO:colcon.colcon_cmake.task.cmake.build:Building CMake package in '/home/adi673/test_ws/src/articubot_one'
[5.446s] INFO:colcon.colcon_core.plugin_system:Skipping extension 'colcon_core.shell.bat': Not used on non-Windows systems
[5.446s] INFO:colcon.colcon_core.shell:Skip shell extension 'powershell' for command environment: Not usable outside of PowerShell
[5.446s] DEBUG:colcon.colcon_core.shell:Skip shell extension 'dsv' for command environment
[5.646s] INFO:colcon.colcon_ros.task.ament_python.build:Building ROS package in '/home/adi673/test_ws/src/my_robo_chassis' with build type 'ament_python'
[5.646s] Level 1:colcon.colcon_core.shell:create_environment_hook('my_robo_chassis', 'ament_prefix_path')
[5.688s] INFO:colcon.colcon_core.shell:Creating environment hook '/home/adi673/test_ws/install/my_robo_chassis/share/my_robo_chassis/hook/ament_prefix_path.ps1'
[5.690s] INFO:colcon.colcon_core.shell:Creating environment descriptor '/home/adi673/test_ws/install/my_robo_chassis/share/my_robo_chassis/hook/ament_prefix_path.dsv'
[5.691s] INFO:colcon.colcon_core.shell:Creating environment hook '/home/adi673/test_ws/install/my_robo_chassis/share/my_robo_chassis/hook/ament_prefix_path.sh'
[5.729s] INFO:colcon.colcon_core.shell:Skip shell extension 'powershell' for command environment: Not usable outside of PowerShell
[5.729s] DEBUG:colcon.colcon_core.shell:Skip shell extension 'dsv' for command environment
[5.941s] DEBUG:colcon.colcon_core.event_handler.log_command:Invoking command in '/home/adi673/test_ws/build/articubot_one': CMAKE_PREFIX_PATH=${CMAKE_PREFIX_PATH}:/opt/ros/humble /usr/bin/cmake /home/adi673/test_ws/src/articubot_one -DAMENT_CMAKE_SYMLINK_INSTALL=1 -DCMAKE_INSTALL_PREFIX=/home/adi673/test_ws/install/articubot_one
[6.717s] INFO:colcon.colcon_core.task.python.build:Building Python package in '/home/adi673/test_ws/src/my_robo_chassis'
[6.759s] INFO:colcon.colcon_core.shell:Skip shell extension 'powershell' for command environment: Not usable outside of PowerShell
[6.759s] DEBUG:colcon.colcon_core.shell:Skip shell extension 'dsv' for command environment
[7.981s] DEBUG:colcon.colcon_core.task.python.build:While undoing a previous installation files outside the Python library path are being ignored: /home/adi673/test_ws/install/my_robo_chassis/share/ament_index/resource_index/packages/my_robo_chassis
[7.981s] DEBUG:colcon.colcon_core.task.python.build:While undoing a previous installation files outside the Python library path are being ignored: /home/adi673/test_ws/install/my_robo_chassis/share/my_robo_chassis/package.xml
[7.988s] DEBUG:colcon.colcon_core.event_handler.log_command:Invoking command in '/home/adi673/test_ws/build/my_robo_chassis': PYTHONPATH=/home/adi673/test_ws/build/my_robo_chassis/prefix_override:/home/adi673/test_ws/install/my_robo_chassis/lib/python3.10/site-packages:${PYTHONPATH} /usr/bin/python3 setup.py develop --editable --build-directory /home/adi673/test_ws/build/my_robo_chassis/build --no-deps install_data
[9.143s] Level 1:colcon.colcon_core.shell:create_environment_hook('my_robo_chassis', 'pythonpath_develop')
[9.146s] DEBUG:colcon.colcon_core.event_handler.log_command:Invoked command in '/home/adi673/test_ws/build/my_robo_chassis' returned '0': PYTHONPATH=/home/adi673/test_ws/build/my_robo_chassis/prefix_override:/home/adi673/test_ws/install/my_robo_chassis/lib/python3.10/site-packages:${PYTHONPATH} /usr/bin/python3 setup.py develop --editable --build-directory /home/adi673/test_ws/build/my_robo_chassis/build --no-deps install_data
[9.187s] INFO:colcon.colcon_core.shell:Creating environment hook '/home/adi673/test_ws/build/my_robo_chassis/share/my_robo_chassis/hook/pythonpath_develop.ps1'
[9.188s] INFO:colcon.colcon_core.shell:Creating environment descriptor '/home/adi673/test_ws/build/my_robo_chassis/share/my_robo_chassis/hook/pythonpath_develop.dsv'
[9.189s] INFO:colcon.colcon_core.shell:Creating environment hook '/home/adi673/test_ws/build/my_robo_chassis/share/my_robo_chassis/hook/pythonpath_develop.sh'
[9.240s] Level 1:colcon.colcon_core.environment:checking '/home/adi673/test_ws/install/my_robo_chassis' for CMake module files
[9.241s] Level 1:colcon.colcon_core.environment:checking '/home/adi673/test_ws/install/my_robo_chassis' for CMake config files
[9.242s] Level 1:colcon.colcon_core.environment:checking '/home/adi673/test_ws/install/my_robo_chassis/lib'
[9.243s] Level 1:colcon.colcon_core.environment:checking '/home/adi673/test_ws/install/my_robo_chassis/bin'
[9.243s] Level 1:colcon.colcon_core.environment:checking '/home/adi673/test_ws/install/my_robo_chassis/lib/pkgconfig/my_robo_chassis.pc'
[9.243s] Level 1:colcon.colcon_core.environment:checking '/home/adi673/test_ws/install/my_robo_chassis/lib/python3.10/site-packages'
[9.244s] Level 1:colcon.colcon_core.shell:create_environment_hook('my_robo_chassis', 'pythonpath')
[9.282s] INFO:colcon.colcon_core.shell:Creating environment hook '/home/adi673/test_ws/install/my_robo_chassis/share/my_robo_chassis/hook/pythonpath.ps1'
[9.284s] INFO:colcon.colcon_core.shell:Creating environment descriptor '/home/adi673/test_ws/install/my_robo_chassis/share/my_robo_chassis/hook/pythonpath.dsv'
[9.285s] INFO:colcon.colcon_core.shell:Creating environment hook '/home/adi673/test_ws/install/my_robo_chassis/share/my_robo_chassis/hook/pythonpath.sh'
[9.286s] Level 1:colcon.colcon_core.environment:checking '/home/adi673/test_ws/install/my_robo_chassis/bin'
[9.286s] Level 1:colcon.colcon_core.environment:create_environment_scripts_only(my_robo_chassis)
[9.324s] INFO:colcon.colcon_core.shell:Creating package script '/home/adi673/test_ws/install/my_robo_chassis/share/my_robo_chassis/package.ps1'
[9.327s] INFO:colcon.colcon_core.shell:Creating package descriptor '/home/adi673/test_ws/install/my_robo_chassis/share/my_robo_chassis/package.dsv'
[9.328s] INFO:colcon.colcon_core.shell:Creating package script '/home/adi673/test_ws/install/my_robo_chassis/share/my_robo_chassis/package.sh'
[9.331s] INFO:colcon.colcon_core.shell:Creating package script '/home/adi673/test_ws/install/my_robo_chassis/share/my_robo_chassis/package.bash'
[9.333s] INFO:colcon.colcon_core.shell:Creating package script '/home/adi673/test_ws/install/my_robo_chassis/share/my_robo_chassis/package.zsh'
[9.335s] Level 1:colcon.colcon_core.environment:create_file_with_runtime_dependencies(/home/adi673/test_ws/install/my_robo_chassis/share/colcon-core/packages/my_robo_chassis)
[10.348s] DEBUG:colcon.colcon_core.event_handler.log_command:Invoked command in '/home/adi673/test_ws/build/articubot_one' returned '0': CMAKE_PREFIX_PATH=${CMAKE_PREFIX_PATH}:/opt/ros/humble /usr/bin/cmake /home/adi673/test_ws/src/articubot_one -DAMENT_CMAKE_SYMLINK_INSTALL=1 -DCMAKE_INSTALL_PREFIX=/home/adi673/test_ws/install/articubot_one
[10.353s] DEBUG:colcon.colcon_core.event_handler.log_command:Invoking command in '/home/adi673/test_ws/build/articubot_one': CMAKE_PREFIX_PATH=${CMAKE_PREFIX_PATH}:/opt/ros/humble /usr/bin/cmake --build /home/adi673/test_ws/build/articubot_one -- -j4 -l4
[10.453s] DEBUG:colcon.colcon_core.event_handler.log_command:Invoked command in '/home/adi673/test_ws/build/articubot_one' returned '0': CMAKE_PREFIX_PATH=${CMAKE_PREFIX_PATH}:/opt/ros/humble /usr/bin/cmake --build /home/adi673/test_ws/build/articubot_one -- -j4 -l4
[10.535s] DEBUG:colcon.colcon_core.event_handler.log_command:Invoking command in '/home/adi673/test_ws/build/articubot_one': CMAKE_PREFIX_PATH=${CMAKE_PREFIX_PATH}:/opt/ros/humble /usr/bin/cmake --install /home/adi673/test_ws/build/articubot_one
[11.565s] Level 1:colcon.colcon_core.environment:create_environment_scripts_only(articubot_one)
[11.566s] DEBUG:colcon.colcon_core.event_handler.log_command:Invoked command in '/home/adi673/test_ws/build/articubot_one' returned '0': CMAKE_PREFIX_PATH=${CMAKE_PREFIX_PATH}:/opt/ros/humble /usr/bin/cmake --install /home/adi673/test_ws/build/articubot_one
[11.604s] Level 1:colcon.colcon_core.environment:checking '/home/adi673/test_ws/install/articubot_one' for CMake module files
[11.605s] Level 1:colcon.colcon_core.environment:checking '/home/adi673/test_ws/install/articubot_one' for CMake config files
[11.606s] Level 1:colcon.colcon_core.shell:create_environment_hook('articubot_one', 'cmake_prefix_path')
[11.645s] INFO:colcon.colcon_core.shell:Creating environment hook '/home/adi673/test_ws/install/articubot_one/share/articubot_one/hook/cmake_prefix_path.ps1'
[11.646s] INFO:colcon.colcon_core.shell:Creating environment descriptor '/home/adi673/test_ws/install/articubot_one/share/articubot_one/hook/cmake_prefix_path.dsv'
[11.647s] INFO:colcon.colcon_core.shell:Creating environment hook '/home/adi673/test_ws/install/articubot_one/share/articubot_one/hook/cmake_prefix_path.sh'
[11.648s] Level 1:colcon.colcon_core.environment:checking '/home/adi673/test_ws/install/articubot_one/bin'
[11.648s] Level 1:colcon.colcon_core.environment:checking '/home/adi673/test_ws/install/articubot_one/lib/pkgconfig/articubot_one.pc'
[11.648s] Level 1:colcon.colcon_core.environment:checking '/home/adi673/test_ws/install/articubot_one/lib/python3.10/site-packages'
[11.649s] Level 1:colcon.colcon_core.environment:checking '/home/adi673/test_ws/install/articubot_one/bin'
[11.687s] INFO:colcon.colcon_core.shell:Creating package script '/home/adi673/test_ws/install/articubot_one/share/articubot_one/package.ps1'
[11.688s] INFO:colcon.colcon_core.shell:Creating package descriptor '/home/adi673/test_ws/install/articubot_one/share/articubot_one/package.dsv'
[11.688s] INFO:colcon.colcon_core.shell:Creating package script '/home/adi673/test_ws/install/articubot_one/share/articubot_one/package.sh'
[11.689s] INFO:colcon.colcon_core.shell:Creating package script '/home/adi673/test_ws/install/articubot_one/share/articubot_one/package.bash'
[11.690s] INFO:colcon.colcon_core.shell:Creating package script '/home/adi673/test_ws/install/articubot_one/share/articubot_one/package.zsh'
[11.691s] Level 1:colcon.colcon_core.environment:create_file_with_runtime_dependencies(/home/adi673/test_ws/install/articubot_one/share/colcon-core/packages/articubot_one)
[11.780s] Level 1:colcon.colcon_core.environment:create_environment_scripts_only(articubot_one)
[11.821s] Level 1:colcon.colcon_core.environment:checking '/home/adi673/test_ws/install/articubot_one' for CMake module files
[11.822s] Level 1:colcon.colcon_core.environment:checking '/home/adi673/test_ws/install/articubot_one' for CMake config files
[11.823s] Level 1:colcon.colcon_core.shell:create_environment_hook('articubot_one', 'cmake_prefix_path')
[11.861s] INFO:colcon.colcon_core.shell:Creating environment hook '/home/adi673/test_ws/install/articubot_one/share/articubot_one/hook/cmake_prefix_path.ps1'
[11.862s] INFO:colcon.colcon_core.shell:Creating environment descriptor '/home/adi673/test_ws/install/articubot_one/share/articubot_one/hook/cmake_prefix_path.dsv'
[11.863s] INFO:colcon.colcon_core.shell:Creating environment hook '/home/adi673/test_ws/install/articubot_one/share/articubot_one/hook/cmake_prefix_path.sh'
[11.865s] Level 1:colcon.colcon_core.environment:checking '/home/adi673/test_ws/install/articubot_one/bin'
[11.865s] Level 1:colcon.colcon_core.environment:checking '/home/adi673/test_ws/install/articubot_one/lib/pkgconfig/articubot_one.pc'
[11.866s] Level 1:colcon.colcon_core.environment:checking '/home/adi673/test_ws/install/articubot_one/lib/python3.10/site-packages'
[11.866s] Level 1:colcon.colcon_core.environment:checking '/home/adi673/test_ws/install/articubot_one/bin'
[11.904s] INFO:colcon.colcon_core.shell:Creating package script '/home/adi673/test_ws/install/articubot_one/share/articubot_one/package.ps1'
[11.906s] INFO:colcon.colcon_core.shell:Creating package descriptor '/home/adi673/test_ws/install/articubot_one/share/articubot_one/package.dsv'
[11.907s] INFO:colcon.colcon_core.shell:Creating package script '/home/adi673/test_ws/install/articubot_one/share/articubot_one/package.sh'
[11.908s] INFO:colcon.colcon_core.shell:Creating package script '/home/adi673/test_ws/install/articubot_one/share/articubot_one/package.bash'
[11.909s] INFO:colcon.colcon_core.shell:Creating package script '/home/adi673/test_ws/install/articubot_one/share/articubot_one/package.zsh'
[11.910s] Level 1:colcon.colcon_core.environment:create_file_with_runtime_dependencies(/home/adi673/test_ws/install/articubot_one/share/colcon-core/packages/articubot_one)
[11.911s] DEBUG:colcon.colcon_parallel_executor.executor.parallel:closing loop
[11.912s] DEBUG:colcon.colcon_parallel_executor.executor.parallel:loop closed
[11.912s] DEBUG:colcon.colcon_parallel_executor.executor.parallel:run_until_complete finished with '0'
[11.912s] DEBUG:colcon.colcon_core.event_reactor:joining thread
[12.071s] INFO:colcon.colcon_core.plugin_system:Skipping extension 'colcon_notification.desktop_notification.terminal_notifier': Not used on non-Darwin systems
[12.072s] INFO:colcon.colcon_core.plugin_system:Skipping extension 'colcon_notification.desktop_notification.win32': Not used on non-Windows systems
[12.072s] INFO:colcon.colcon_notification.desktop_notification:Sending desktop notification using 'notify2'
[12.107s] DEBUG:colcon.colcon_core.event_reactor:joined thread
[12.149s] INFO:colcon.colcon_core.shell:Creating prefix script '/home/adi673/test_ws/install/local_setup.ps1'
[12.151s] INFO:colcon.colcon_core.shell:Creating prefix util module '/home/adi673/test_ws/install/_local_setup_util_ps1.py'
[12.155s] INFO:colcon.colcon_core.shell:Creating prefix chain script '/home/adi673/test_ws/install/setup.ps1'
[12.199s] INFO:colcon.colcon_core.shell:Creating prefix script '/home/adi673/test_ws/install/local_setup.sh'
[12.201s] INFO:colcon.colcon_core.shell:Creating prefix util module '/home/adi673/test_ws/install/_local_setup_util_sh.py'
[12.203s] INFO:colcon.colcon_core.shell:Creating prefix chain script '/home/adi673/test_ws/install/setup.sh'
[12.244s] INFO:colcon.colcon_core.shell:Creating prefix script '/home/adi673/test_ws/install/local_setup.bash'
[12.246s] INFO:colcon.colcon_core.shell:Creating prefix chain script '/home/adi673/test_ws/install/setup.bash'
[12.290s] INFO:colcon.colcon_core.shell:Creating prefix script '/home/adi673/test_ws/install/local_setup.zsh'
[12.291s] INFO:colcon.colcon_core.shell:Creating prefix chain script '/home/adi673/test_ws/install/setup.zsh'
