[0.304s] Invoking command in '/home/adi673/test_ws/build/my_robo_chassis': CMAKE_PREFIX_PATH=${CMAKE_PREFIX_PATH}:/opt/ros/humble /usr/bin/cmake --build /home/adi673/test_ws/build/my_robo_chassis -- -j4 -l4
[0.399s] Invoked command in '/home/adi673/test_ws/build/my_robo_chassis' returned '0': CMAKE_PREFIX_PATH=${CMAKE_PREFIX_PATH}:/opt/ros/humble /usr/bin/cmake --build /home/adi673/test_ws/build/my_robo_chassis -- -j4 -l4
[0.471s] Invoking command in '/home/adi673/test_ws/build/my_robo_chassis': CMAKE_PREFIX_PATH=${CMAKE_PREFIX_PATH}:/opt/ros/humble /usr/bin/cmake --install /home/adi673/test_ws/build/my_robo_chassis
[0.492s] -- Install configuration: ""
[0.494s] -- Execute custom install script
[0.495s] -- Up-to-date symlink: /home/adi673/test_ws/install/my_robo_chassis/share/my_robo_chassis/config/my_test_env/model.config
[0.495s] -- Up-to-date symlink: /home/adi673/test_ws/install/my_robo_chassis/share/my_robo_chassis/config/my_test_env/model.sdf
[0.496s] -- Up-to-date symlink: /home/adi673/test_ws/install/my_robo_chassis/share/my_robo_chassis/config/my_world.world/model.config
[0.498s] -- Up-to-date symlink: /home/adi673/test_ws/install/my_robo_chassis/share/my_robo_chassis/config/my_world.world/model.sdf
[0.499s] -- Up-to-date symlink: /home/adi673/test_ws/install/my_robo_chassis/share/my_robo_chassis/description/gazebo_control.xacro
[0.499s] -- Up-to-date symlink: /home/adi673/test_ws/install/my_robo_chassis/share/my_robo_chassis/description/inertial_macros.xacro
[0.499s] -- Symlinking: /home/adi673/test_ws/install/my_robo_chassis/share/my_robo_chassis/description/lidar.xacro
[0.522s] -- Up-to-date symlink: /home/adi673/test_ws/install/my_robo_chassis/share/my_robo_chassis/description/robot.urdf.xacro
[0.522s] -- Up-to-date symlink: /home/adi673/test_ws/install/my_robo_chassis/share/my_robo_chassis/description/robot_core.xacro
[0.523s] -- Up-to-date symlink: /home/adi673/test_ws/install/my_robo_chassis/share/my_robo_chassis/launch/launch_sim.launch.py
[0.524s] -- Up-to-date symlink: /home/adi673/test_ws/install/my_robo_chassis/share/my_robo_chassis/launch/rsp.launch.py
[0.524s] -- Up-to-date symlink: /home/adi673/test_ws/install/my_robo_chassis/share/my_robo_chassis/launch/start_ur_world_launch.py
[0.525s] -- Up-to-date symlink: /home/adi673/test_ws/install/my_robo_chassis/share/my_robo_chassis/worlds/empty.world
[0.525s] -- Up-to-date symlink: /home/adi673/test_ws/install/my_robo_chassis/share/my_robo_chassis/worlds/obstacles.world
[0.526s] -- Up-to-date symlink: /home/adi673/test_ws/install/my_robo_chassis/share/my_robo_chassis/worlds/test_world1.world
[0.526s] -- Up-to-date symlink: /home/adi673/test_ws/install/my_robo_chassis/share/ament_index/resource_index/package_run_dependencies/my_robo_chassis
[0.527s] -- Up-to-date symlink: /home/adi673/test_ws/install/my_robo_chassis/share/ament_index/resource_index/parent_prefix_path/my_robo_chassis
[0.527s] -- Up-to-date symlink: /home/adi673/test_ws/install/my_robo_chassis/share/my_robo_chassis/environment/ament_prefix_path.sh
[0.528s] -- Up-to-date symlink: /home/adi673/test_ws/install/my_robo_chassis/share/my_robo_chassis/environment/ament_prefix_path.dsv
[0.528s] -- Up-to-date symlink: /home/adi673/test_ws/install/my_robo_chassis/share/my_robo_chassis/environment/path.sh
[0.528s] -- Up-to-date symlink: /home/adi673/test_ws/install/my_robo_chassis/share/my_robo_chassis/environment/path.dsv
[0.529s] -- Up-to-date symlink: /home/adi673/test_ws/install/my_robo_chassis/share/my_robo_chassis/local_setup.bash
[0.530s] -- Up-to-date symlink: /home/adi673/test_ws/install/my_robo_chassis/share/my_robo_chassis/local_setup.sh
[0.533s] -- Up-to-date symlink: /home/adi673/test_ws/install/my_robo_chassis/share/my_robo_chassis/local_setup.zsh
[0.534s] -- Up-to-date symlink: /home/adi673/test_ws/install/my_robo_chassis/share/my_robo_chassis/local_setup.dsv
[0.535s] -- Symlinking: /home/adi673/test_ws/install/my_robo_chassis/share/my_robo_chassis/package.dsv
[0.554s] -- Up-to-date symlink: /home/adi673/test_ws/install/my_robo_chassis/share/ament_index/resource_index/packages/my_robo_chassis
[0.558s] -- Up-to-date symlink: /home/adi673/test_ws/install/my_robo_chassis/share/my_robo_chassis/cmake/my_robo_chassisConfig.cmake
[0.558s] -- Up-to-date symlink: /home/adi673/test_ws/install/my_robo_chassis/share/my_robo_chassis/cmake/my_robo_chassisConfig-version.cmake
[0.558s] -- Up-to-date symlink: /home/adi673/test_ws/install/my_robo_chassis/share/my_robo_chassis/package.xml
[0.684s] Invoked command in '/home/adi673/test_ws/build/my_robo_chassis' returned '0': CMAKE_PREFIX_PATH=${CMAKE_PREFIX_PATH}:/opt/ros/humble /usr/bin/cmake --install /home/adi673/test_ws/build/my_robo_chassis
