[2.557s] DEBUG:colcon:Command line arguments: ['/usr/bin/colcon', 'build']
[2.557s] DEBUG:colcon:Parsed command line arguments: Namespace(log_base=None, log_level=None, verb_name='build', build_base='build', install_base='install', merge_install=False, symlink_install=False, test_result_base=None, continue_on_error=False, executor='parallel', parallel_workers=4, event_handlers=None, ignore_user_meta=False, metas=['./colcon.meta'], base_paths=['.'], packages_ignore=None, packages_ignore_regex=None, paths=None, packages_up_to=None, packages_up_to_regex=None, packages_above=None, packages_above_and_dependencies=None, packages_above_depth=None, packages_select_by_dep=None, packages_skip_by_dep=None, packages_skip_up_to=None, packages_select_build_failed=False, packages_skip_build_finished=False, packages_select_test_failures=False, packages_skip_test_passed=False, packages_select=None, packages_skip=None, packages_select_regex=None, packages_skip_regex=None, packages_start=None, packages_end=None, allow_overriding=[], cmake_args=None, cmake_target=None, cmake_target_skip_unavailable=False, cmake_clean_cache=False, cmake_clean_first=False, cmake_force_configure=False, ament_cmake_args=None, catkin_cmake_args=None, catkin_skip_building_tests=False, verb_parser=<colcon_defaults.argument_parser.defaults.DefaultArgumentsDecorator object at 0x7fabad2e8250>, verb_extension=<colcon_core.verb.build.BuildVerb object at 0x7fabad2ea440>, main=<bound method BuildVerb.main of <colcon_core.verb.build.BuildVerb object at 0x7fabad2ea440>>)
[2.733s] Level 1:colcon.colcon_core.package_discovery:discover_packages(colcon_meta) check parameters
[2.733s] Level 1:colcon.colcon_core.package_discovery:discover_packages(recursive) check parameters
[2.733s] Level 1:colcon.colcon_core.package_discovery:discover_packages(ignore) check parameters
[2.733s] Level 1:colcon.colcon_core.package_discovery:discover_packages(path) check parameters
[2.734s] Level 1:colcon.colcon_core.package_discovery:discover_packages(colcon_meta) discover
[2.734s] Level 1:colcon.colcon_core.package_discovery:discover_packages(recursive) discover
[2.734s] INFO:colcon.colcon_core.package_discovery:Crawling recursively for packages in '/home/adi673/test_ws'
[2.735s] Level 1:colcon.colcon_core.package_identification:_identify(.) by extensions ['ignore', 'ignore_ament_install']
[2.735s] Level 1:colcon.colcon_core.package_identification:_identify(.) by extension 'ignore'
[2.735s] Level 1:colcon.colcon_core.package_identification:_identify(.) by extension 'ignore_ament_install'
[2.735s] Level 1:colcon.colcon_core.package_identification:_identify(.) by extensions ['colcon_pkg']
[2.735s] Level 1:colcon.colcon_core.package_identification:_identify(.) by extension 'colcon_pkg'
[2.736s] Level 1:colcon.colcon_core.package_identification:_identify(.) by extensions ['colcon_meta']
[2.736s] Level 1:colcon.colcon_core.package_identification:_identify(.) by extension 'colcon_meta'
[2.736s] Level 1:colcon.colcon_core.package_identification:_identify(.) by extensions ['ros']
[2.736s] Level 1:colcon.colcon_core.package_identification:_identify(.) by extension 'ros'
[2.903s] Level 1:colcon.colcon_core.package_identification:_identify(.) by extensions ['cmake', 'python']
[2.903s] Level 1:colcon.colcon_core.package_identification:_identify(.) by extension 'cmake'
[2.904s] Level 1:colcon.colcon_core.package_identification:_identify(.) by extension 'python'
[2.904s] Level 1:colcon.colcon_core.package_identification:_identify(.) by extensions ['python_setup_py']
[2.904s] Level 1:colcon.colcon_core.package_identification:_identify(.) by extension 'python_setup_py'
[2.905s] Level 1:colcon.colcon_core.package_identification:_identify(build) by extensions ['ignore', 'ignore_ament_install']
[2.905s] Level 1:colcon.colcon_core.package_identification:_identify(build) by extension 'ignore'
[2.905s] Level 1:colcon.colcon_core.package_identification:_identify(build) ignored
[2.906s] Level 1:colcon.colcon_core.package_identification:_identify(install) by extensions ['ignore', 'ignore_ament_install']
[2.906s] Level 1:colcon.colcon_core.package_identification:_identify(install) by extension 'ignore'
[2.907s] Level 1:colcon.colcon_core.package_identification:_identify(install) ignored
[2.908s] Level 1:colcon.colcon_core.package_identification:_identify(log) by extensions ['ignore', 'ignore_ament_install']
[2.910s] Level 1:colcon.colcon_core.package_identification:_identify(log) by extension 'ignore'
[2.911s] Level 1:colcon.colcon_core.package_identification:_identify(log) ignored
[2.911s] Level 1:colcon.colcon_core.package_identification:_identify(src) by extensions ['ignore', 'ignore_ament_install']
[2.912s] Level 1:colcon.colcon_core.package_identification:_identify(src) by extension 'ignore'
[2.912s] Level 1:colcon.colcon_core.package_identification:_identify(src) by extension 'ignore_ament_install'
[2.913s] Level 1:colcon.colcon_core.package_identification:_identify(src) by extensions ['colcon_pkg']
[2.913s] Level 1:colcon.colcon_core.package_identification:_identify(src) by extension 'colcon_pkg'
[2.913s] Level 1:colcon.colcon_core.package_identification:_identify(src) by extensions ['colcon_meta']
[2.914s] Level 1:colcon.colcon_core.package_identification:_identify(src) by extension 'colcon_meta'
[2.914s] Level 1:colcon.colcon_core.package_identification:_identify(src) by extensions ['ros']
[2.914s] Level 1:colcon.colcon_core.package_identification:_identify(src) by extension 'ros'
[2.914s] Level 1:colcon.colcon_core.package_identification:_identify(src) by extensions ['cmake', 'python']
[2.915s] Level 1:colcon.colcon_core.package_identification:_identify(src) by extension 'cmake'
[2.916s] Level 1:colcon.colcon_core.package_identification:_identify(src) by extension 'python'
[2.916s] Level 1:colcon.colcon_core.package_identification:_identify(src) by extensions ['python_setup_py']
[2.916s] Level 1:colcon.colcon_core.package_identification:_identify(src) by extension 'python_setup_py'
[2.917s] Level 1:colcon.colcon_core.package_identification:_identify(src/articubot_one) by extensions ['ignore', 'ignore_ament_install']
[2.918s] Level 1:colcon.colcon_core.package_identification:_identify(src/articubot_one) by extension 'ignore'
[2.919s] Level 1:colcon.colcon_core.package_identification:_identify(src/articubot_one) by extension 'ignore_ament_install'
[2.919s] Level 1:colcon.colcon_core.package_identification:_identify(src/articubot_one) by extensions ['colcon_pkg']
[2.919s] Level 1:colcon.colcon_core.package_identification:_identify(src/articubot_one) by extension 'colcon_pkg'
[2.919s] Level 1:colcon.colcon_core.package_identification:_identify(src/articubot_one) by extensions ['colcon_meta']
[2.920s] Level 1:colcon.colcon_core.package_identification:_identify(src/articubot_one) by extension 'colcon_meta'
[2.920s] Level 1:colcon.colcon_core.package_identification:_identify(src/articubot_one) by extensions ['ros']
[2.920s] Level 1:colcon.colcon_core.package_identification:_identify(src/articubot_one) by extension 'ros'
[2.931s] DEBUG:colcon.colcon_core.package_identification:Package 'src/articubot_one' with type 'ros.ament_cmake' and name 'articubot_one'
[2.932s] Level 1:colcon.colcon_core.package_identification:_identify(src/my_robo_chassis) by extensions ['ignore', 'ignore_ament_install']
[2.933s] Level 1:colcon.colcon_core.package_identification:_identify(src/my_robo_chassis) by extension 'ignore'
[2.933s] Level 1:colcon.colcon_core.package_identification:_identify(src/my_robo_chassis) by extension 'ignore_ament_install'
[2.933s] Level 1:colcon.colcon_core.package_identification:_identify(src/my_robo_chassis) by extensions ['colcon_pkg']
[2.933s] Level 1:colcon.colcon_core.package_identification:_identify(src/my_robo_chassis) by extension 'colcon_pkg'
[2.934s] Level 1:colcon.colcon_core.package_identification:_identify(src/my_robo_chassis) by extensions ['colcon_meta']
[2.934s] Level 1:colcon.colcon_core.package_identification:_identify(src/my_robo_chassis) by extension 'colcon_meta'
[2.935s] Level 1:colcon.colcon_core.package_identification:_identify(src/my_robo_chassis) by extensions ['ros']
[2.935s] Level 1:colcon.colcon_core.package_identification:_identify(src/my_robo_chassis) by extension 'ros'
[2.937s] DEBUG:colcon.colcon_core.package_identification:Package 'src/my_robo_chassis' with type 'ros.ament_cmake' and name 'my_robo_chassis'
[2.938s] Level 1:colcon.colcon_core.package_discovery:discover_packages(recursive) using defaults
[2.938s] Level 1:colcon.colcon_core.package_discovery:discover_packages(ignore) discover
[2.938s] Level 1:colcon.colcon_core.package_discovery:discover_packages(ignore) using defaults
[2.938s] Level 1:colcon.colcon_core.package_discovery:discover_packages(path) discover
[2.938s] Level 1:colcon.colcon_core.package_discovery:discover_packages(path) using defaults
[3.471s] Level 1:colcon.colcon_core.package_discovery:discover_packages(prefix_path) check parameters
[3.471s] Level 1:colcon.colcon_core.package_discovery:discover_packages(prefix_path) discover
[3.657s] DEBUG:colcon.colcon_installed_package_information.package_discovery:Found 2 installed packages in /home/adi673/test_ws/install
[3.737s] DEBUG:colcon.colcon_installed_package_information.package_discovery:Found 3 installed packages in /home/adi673/gazebo2/install
[3.819s] DEBUG:colcon.colcon_installed_package_information.package_discovery:Found 1 installed packages in /home/adi673/ws/install
[3.903s] DEBUG:colcon.colcon_installed_package_information.package_discovery:Found 11 installed packages in /home/adi673/colcon_ws/install
[3.958s] DEBUG:colcon.colcon_installed_package_information.package_discovery:Found 397 installed packages in /opt/ros/humble
[3.964s] Level 1:colcon.colcon_core.package_discovery:discover_packages(prefix_path) using defaults
[4.589s] Level 5:colcon.colcon_core.verb:set package 'articubot_one' build argument 'cmake_args' from command line to 'None'
[4.589s] Level 5:colcon.colcon_core.verb:set package 'articubot_one' build argument 'cmake_target' from command line to 'None'
[4.589s] Level 5:colcon.colcon_core.verb:set package 'articubot_one' build argument 'cmake_target_skip_unavailable' from command line to 'False'
[4.589s] Level 5:colcon.colcon_core.verb:set package 'articubot_one' build argument 'cmake_clean_cache' from command line to 'False'
[4.589s] Level 5:colcon.colcon_core.verb:set package 'articubot_one' build argument 'cmake_clean_first' from command line to 'False'
[4.589s] Level 5:colcon.colcon_core.verb:set package 'articubot_one' build argument 'cmake_force_configure' from command line to 'False'
[4.589s] Level 5:colcon.colcon_core.verb:set package 'articubot_one' build argument 'ament_cmake_args' from command line to 'None'
[4.590s] Level 5:colcon.colcon_core.verb:set package 'articubot_one' build argument 'catkin_cmake_args' from command line to 'None'
[4.590s] Level 5:colcon.colcon_core.verb:set package 'articubot_one' build argument 'catkin_skip_building_tests' from command line to 'False'
[4.590s] DEBUG:colcon.colcon_core.verb:Building package 'articubot_one' with the following arguments: {'ament_cmake_args': None, 'build_base': '/home/adi673/test_ws/build/articubot_one', 'catkin_cmake_args': None, 'catkin_skip_building_tests': False, 'cmake_args': None, 'cmake_clean_cache': False, 'cmake_clean_first': False, 'cmake_force_configure': False, 'cmake_target': None, 'cmake_target_skip_unavailable': False, 'install_base': '/home/adi673/test_ws/install/articubot_one', 'merge_install': False, 'path': '/home/adi673/test_ws/src/articubot_one', 'symlink_install': False, 'test_result_base': None}
[4.647s] Level 5:colcon.colcon_core.verb:set package 'my_robo_chassis' build argument 'cmake_args' from command line to 'None'
[4.648s] Level 5:colcon.colcon_core.verb:set package 'my_robo_chassis' build argument 'cmake_target' from command line to 'None'
[4.648s] Level 5:colcon.colcon_core.verb:set package 'my_robo_chassis' build argument 'cmake_target_skip_unavailable' from command line to 'False'
[4.648s] Level 5:colcon.colcon_core.verb:set package 'my_robo_chassis' build argument 'cmake_clean_cache' from command line to 'False'
[4.648s] Level 5:colcon.colcon_core.verb:set package 'my_robo_chassis' build argument 'cmake_clean_first' from command line to 'False'
[4.648s] Level 5:colcon.colcon_core.verb:set package 'my_robo_chassis' build argument 'cmake_force_configure' from command line to 'False'
[4.648s] Level 5:colcon.colcon_core.verb:set package 'my_robo_chassis' build argument 'ament_cmake_args' from command line to 'None'
[4.648s] Level 5:colcon.colcon_core.verb:set package 'my_robo_chassis' build argument 'catkin_cmake_args' from command line to 'None'
[4.648s] Level 5:colcon.colcon_core.verb:set package 'my_robo_chassis' build argument 'catkin_skip_building_tests' from command line to 'False'
[4.648s] DEBUG:colcon.colcon_core.verb:Building package 'my_robo_chassis' with the following arguments: {'ament_cmake_args': None, 'build_base': '/home/adi673/test_ws/build/my_robo_chassis', 'catkin_cmake_args': None, 'catkin_skip_building_tests': False, 'cmake_args': None, 'cmake_clean_cache': False, 'cmake_clean_first': False, 'cmake_force_configure': False, 'cmake_target': None, 'cmake_target_skip_unavailable': False, 'install_base': '/home/adi673/test_ws/install/my_robo_chassis', 'merge_install': False, 'path': '/home/adi673/test_ws/src/my_robo_chassis', 'symlink_install': False, 'test_result_base': None}
[4.699s] INFO:colcon.colcon_core.executor:Executing jobs using 'parallel' executor
[4.753s] DEBUG:colcon.colcon_parallel_executor.executor.parallel:run_until_complete
[4.754s] INFO:colcon.colcon_ros.task.ament_cmake.build:Building ROS package in '/home/adi673/test_ws/src/articubot_one' with build type 'ament_cmake'
[4.754s] INFO:colcon.colcon_cmake.task.cmake.build:Building CMake package in '/home/adi673/test_ws/src/articubot_one'
[4.815s] INFO:colcon.colcon_core.plugin_system:Skipping extension 'colcon_core.shell.bat': Not used on non-Windows systems
[4.816s] INFO:colcon.colcon_core.shell:Skip shell extension 'powershell' for command environment: Not usable outside of PowerShell
[4.816s] DEBUG:colcon.colcon_core.shell:Skip shell extension 'dsv' for command environment
[5.155s] INFO:colcon.colcon_ros.task.ament_cmake.build:Building ROS package in '/home/adi673/test_ws/src/my_robo_chassis' with build type 'ament_cmake'
[5.155s] INFO:colcon.colcon_cmake.task.cmake.build:Building CMake package in '/home/adi673/test_ws/src/my_robo_chassis'
[5.217s] INFO:colcon.colcon_core.shell:Skip shell extension 'powershell' for command environment: Not usable outside of PowerShell
[5.217s] DEBUG:colcon.colcon_core.shell:Skip shell extension 'dsv' for command environment
[5.547s] DEBUG:colcon.colcon_core.event_handler.log_command:Invoking command in '/home/adi673/test_ws/build/articubot_one': CMAKE_PREFIX_PATH=${CMAKE_PREFIX_PATH}:/home/adi673/test_ws/install/my_robo_chassis:/opt/ros/humble /usr/bin/cmake --build /home/adi673/test_ws/build/articubot_one -- -j4 -l4
[5.559s] DEBUG:colcon.colcon_core.event_handler.log_command:Invoking command in '/home/adi673/test_ws/build/my_robo_chassis': CMAKE_PREFIX_PATH=${CMAKE_PREFIX_PATH}:/home/adi673/test_ws/install/my_robo_chassis:/opt/ros/humble /usr/bin/cmake --build /home/adi673/test_ws/build/my_robo_chassis -- -j4 -l4
[5.666s] DEBUG:colcon.colcon_core.event_handler.log_command:Invoked command in '/home/adi673/test_ws/build/articubot_one' returned '0': CMAKE_PREFIX_PATH=${CMAKE_PREFIX_PATH}:/home/adi673/test_ws/install/my_robo_chassis:/opt/ros/humble /usr/bin/cmake --build /home/adi673/test_ws/build/articubot_one -- -j4 -l4
[5.682s] DEBUG:colcon.colcon_core.event_handler.log_command:Invoked command in '/home/adi673/test_ws/build/my_robo_chassis' returned '0': CMAKE_PREFIX_PATH=${CMAKE_PREFIX_PATH}:/home/adi673/test_ws/install/my_robo_chassis:/opt/ros/humble /usr/bin/cmake --build /home/adi673/test_ws/build/my_robo_chassis -- -j4 -l4
[5.781s] DEBUG:colcon.colcon_core.event_handler.log_command:Invoking command in '/home/adi673/test_ws/build/articubot_one': CMAKE_PREFIX_PATH=${CMAKE_PREFIX_PATH}:/home/adi673/test_ws/install/my_robo_chassis:/opt/ros/humble /usr/bin/cmake --install /home/adi673/test_ws/build/articubot_one
[5.790s] DEBUG:colcon.colcon_core.event_handler.log_command:Invoking command in '/home/adi673/test_ws/build/my_robo_chassis': CMAKE_PREFIX_PATH=${CMAKE_PREFIX_PATH}:/home/adi673/test_ws/install/my_robo_chassis:/opt/ros/humble /usr/bin/cmake --install /home/adi673/test_ws/build/my_robo_chassis
[5.851s] Level 1:colcon.colcon_core.environment:create_environment_scripts_only(my_robo_chassis)
[5.865s] DEBUG:colcon.colcon_core.event_handler.log_command:Invoked command in '/home/adi673/test_ws/build/my_robo_chassis' returned '0': CMAKE_PREFIX_PATH=${CMAKE_PREFIX_PATH}:/home/adi673/test_ws/install/my_robo_chassis:/opt/ros/humble /usr/bin/cmake --install /home/adi673/test_ws/build/my_robo_chassis
[5.927s] Level 1:colcon.colcon_core.environment:checking '/home/adi673/test_ws/install/my_robo_chassis' for CMake module files
[5.928s] Level 1:colcon.colcon_core.environment:checking '/home/adi673/test_ws/install/my_robo_chassis' for CMake config files
[5.929s] Level 1:colcon.colcon_core.shell:create_environment_hook('my_robo_chassis', 'cmake_prefix_path')
[5.978s] INFO:colcon.colcon_core.shell:Creating environment hook '/home/adi673/test_ws/install/my_robo_chassis/share/my_robo_chassis/hook/cmake_prefix_path.ps1'
[5.980s] INFO:colcon.colcon_core.shell:Creating environment descriptor '/home/adi673/test_ws/install/my_robo_chassis/share/my_robo_chassis/hook/cmake_prefix_path.dsv'
[5.981s] INFO:colcon.colcon_core.shell:Creating environment hook '/home/adi673/test_ws/install/my_robo_chassis/share/my_robo_chassis/hook/cmake_prefix_path.sh'
[5.983s] Level 1:colcon.colcon_core.environment:checking '/home/adi673/test_ws/install/my_robo_chassis/lib'
[5.984s] Level 1:colcon.colcon_core.environment:checking '/home/adi673/test_ws/install/my_robo_chassis/bin'
[5.984s] Level 1:colcon.colcon_core.environment:checking '/home/adi673/test_ws/install/my_robo_chassis/lib/pkgconfig/my_robo_chassis.pc'
[5.984s] Level 1:colcon.colcon_core.environment:checking '/home/adi673/test_ws/install/my_robo_chassis/lib/python3.10/site-packages'
[5.984s] Level 1:colcon.colcon_core.shell:create_environment_hook('my_robo_chassis', 'pythonpath')
[6.029s] INFO:colcon.colcon_core.shell:Creating environment hook '/home/adi673/test_ws/install/my_robo_chassis/share/my_robo_chassis/hook/pythonpath.ps1'
[6.030s] INFO:colcon.colcon_core.shell:Creating environment descriptor '/home/adi673/test_ws/install/my_robo_chassis/share/my_robo_chassis/hook/pythonpath.dsv'
[6.031s] INFO:colcon.colcon_core.shell:Creating environment hook '/home/adi673/test_ws/install/my_robo_chassis/share/my_robo_chassis/hook/pythonpath.sh'
[6.032s] Level 1:colcon.colcon_core.environment:checking '/home/adi673/test_ws/install/my_robo_chassis/bin'
[6.081s] INFO:colcon.colcon_core.shell:Creating package script '/home/adi673/test_ws/install/my_robo_chassis/share/my_robo_chassis/package.ps1'
[6.085s] INFO:colcon.colcon_core.shell:Creating package descriptor '/home/adi673/test_ws/install/my_robo_chassis/share/my_robo_chassis/package.dsv'
[6.088s] INFO:colcon.colcon_core.shell:Creating package script '/home/adi673/test_ws/install/my_robo_chassis/share/my_robo_chassis/package.sh'
[6.091s] INFO:colcon.colcon_core.shell:Creating package script '/home/adi673/test_ws/install/my_robo_chassis/share/my_robo_chassis/package.bash'
[6.096s] INFO:colcon.colcon_core.shell:Creating package script '/home/adi673/test_ws/install/my_robo_chassis/share/my_robo_chassis/package.zsh'
[6.099s] Level 1:colcon.colcon_core.environment:create_file_with_runtime_dependencies(/home/adi673/test_ws/install/my_robo_chassis/share/colcon-core/packages/my_robo_chassis)
[6.112s] Level 1:colcon.colcon_core.environment:create_environment_scripts_only(articubot_one)
[6.114s] DEBUG:colcon.colcon_core.event_handler.log_command:Invoked command in '/home/adi673/test_ws/build/articubot_one' returned '0': CMAKE_PREFIX_PATH=${CMAKE_PREFIX_PATH}:/home/adi673/test_ws/install/my_robo_chassis:/opt/ros/humble /usr/bin/cmake --install /home/adi673/test_ws/build/articubot_one
[6.183s] Level 1:colcon.colcon_core.environment:checking '/home/adi673/test_ws/install/articubot_one' for CMake module files
[6.184s] Level 1:colcon.colcon_core.environment:checking '/home/adi673/test_ws/install/articubot_one' for CMake config files
[6.185s] Level 1:colcon.colcon_core.shell:create_environment_hook('articubot_one', 'cmake_prefix_path')
[6.249s] INFO:colcon.colcon_core.shell:Creating environment hook '/home/adi673/test_ws/install/articubot_one/share/articubot_one/hook/cmake_prefix_path.ps1'
[6.251s] INFO:colcon.colcon_core.shell:Creating environment descriptor '/home/adi673/test_ws/install/articubot_one/share/articubot_one/hook/cmake_prefix_path.dsv'
[6.252s] INFO:colcon.colcon_core.shell:Creating environment hook '/home/adi673/test_ws/install/articubot_one/share/articubot_one/hook/cmake_prefix_path.sh'
[6.253s] Level 1:colcon.colcon_core.environment:checking '/home/adi673/test_ws/install/articubot_one/bin'
[6.253s] Level 1:colcon.colcon_core.environment:checking '/home/adi673/test_ws/install/articubot_one/lib/pkgconfig/articubot_one.pc'
[6.254s] Level 1:colcon.colcon_core.environment:checking '/home/adi673/test_ws/install/articubot_one/lib/python3.10/site-packages'
[6.254s] Level 1:colcon.colcon_core.environment:checking '/home/adi673/test_ws/install/articubot_one/bin'
[6.321s] INFO:colcon.colcon_core.shell:Creating package script '/home/adi673/test_ws/install/articubot_one/share/articubot_one/package.ps1'
[6.324s] INFO:colcon.colcon_core.shell:Creating package descriptor '/home/adi673/test_ws/install/articubot_one/share/articubot_one/package.dsv'
[6.327s] INFO:colcon.colcon_core.shell:Creating package script '/home/adi673/test_ws/install/articubot_one/share/articubot_one/package.sh'
[6.329s] INFO:colcon.colcon_core.shell:Creating package script '/home/adi673/test_ws/install/articubot_one/share/articubot_one/package.bash'
[6.330s] INFO:colcon.colcon_core.shell:Creating package script '/home/adi673/test_ws/install/articubot_one/share/articubot_one/package.zsh'
[6.332s] Level 1:colcon.colcon_core.environment:create_file_with_runtime_dependencies(/home/adi673/test_ws/install/articubot_one/share/colcon-core/packages/articubot_one)
[6.397s] Level 1:colcon.colcon_core.environment:create_environment_scripts_only(my_robo_chassis)
[6.457s] Level 1:colcon.colcon_core.environment:checking '/home/adi673/test_ws/install/my_robo_chassis' for CMake module files
[6.459s] Level 1:colcon.colcon_core.environment:checking '/home/adi673/test_ws/install/my_robo_chassis' for CMake config files
[6.460s] Level 1:colcon.colcon_core.shell:create_environment_hook('my_robo_chassis', 'cmake_prefix_path')
[6.516s] INFO:colcon.colcon_core.shell:Creating environment hook '/home/adi673/test_ws/install/my_robo_chassis/share/my_robo_chassis/hook/cmake_prefix_path.ps1'
[6.517s] INFO:colcon.colcon_core.shell:Creating environment descriptor '/home/adi673/test_ws/install/my_robo_chassis/share/my_robo_chassis/hook/cmake_prefix_path.dsv'
[6.519s] INFO:colcon.colcon_core.shell:Creating environment hook '/home/adi673/test_ws/install/my_robo_chassis/share/my_robo_chassis/hook/cmake_prefix_path.sh'
[6.520s] Level 1:colcon.colcon_core.environment:checking '/home/adi673/test_ws/install/my_robo_chassis/lib'
[6.521s] Level 1:colcon.colcon_core.environment:checking '/home/adi673/test_ws/install/my_robo_chassis/bin'
[6.521s] Level 1:colcon.colcon_core.environment:checking '/home/adi673/test_ws/install/my_robo_chassis/lib/pkgconfig/my_robo_chassis.pc'
[6.521s] Level 1:colcon.colcon_core.environment:checking '/home/adi673/test_ws/install/my_robo_chassis/lib/python3.10/site-packages'
[6.522s] Level 1:colcon.colcon_core.shell:create_environment_hook('my_robo_chassis', 'pythonpath')
[6.569s] INFO:colcon.colcon_core.shell:Creating environment hook '/home/adi673/test_ws/install/my_robo_chassis/share/my_robo_chassis/hook/pythonpath.ps1'
[6.571s] INFO:colcon.colcon_core.shell:Creating environment descriptor '/home/adi673/test_ws/install/my_robo_chassis/share/my_robo_chassis/hook/pythonpath.dsv'
[6.573s] INFO:colcon.colcon_core.shell:Creating environment hook '/home/adi673/test_ws/install/my_robo_chassis/share/my_robo_chassis/hook/pythonpath.sh'
[6.576s] Level 1:colcon.colcon_core.environment:checking '/home/adi673/test_ws/install/my_robo_chassis/bin'
[6.620s] INFO:colcon.colcon_core.shell:Creating package script '/home/adi673/test_ws/install/my_robo_chassis/share/my_robo_chassis/package.ps1'
[6.622s] INFO:colcon.colcon_core.shell:Creating package descriptor '/home/adi673/test_ws/install/my_robo_chassis/share/my_robo_chassis/package.dsv'
[6.625s] INFO:colcon.colcon_core.shell:Creating package script '/home/adi673/test_ws/install/my_robo_chassis/share/my_robo_chassis/package.sh'
[6.628s] INFO:colcon.colcon_core.shell:Creating package script '/home/adi673/test_ws/install/my_robo_chassis/share/my_robo_chassis/package.bash'
[6.629s] INFO:colcon.colcon_core.shell:Creating package script '/home/adi673/test_ws/install/my_robo_chassis/share/my_robo_chassis/package.zsh'
[6.630s] Level 1:colcon.colcon_core.environment:create_file_with_runtime_dependencies(/home/adi673/test_ws/install/my_robo_chassis/share/colcon-core/packages/my_robo_chassis)
[6.689s] Level 1:colcon.colcon_core.environment:create_environment_scripts_only(articubot_one)
[6.749s] Level 1:colcon.colcon_core.environment:checking '/home/adi673/test_ws/install/articubot_one' for CMake module files
[6.750s] Level 1:colcon.colcon_core.environment:checking '/home/adi673/test_ws/install/articubot_one' for CMake config files
[6.751s] Level 1:colcon.colcon_core.shell:create_environment_hook('articubot_one', 'cmake_prefix_path')
[6.794s] INFO:colcon.colcon_core.shell:Creating environment hook '/home/adi673/test_ws/install/articubot_one/share/articubot_one/hook/cmake_prefix_path.ps1'
[6.795s] INFO:colcon.colcon_core.shell:Creating environment descriptor '/home/adi673/test_ws/install/articubot_one/share/articubot_one/hook/cmake_prefix_path.dsv'
[6.797s] INFO:colcon.colcon_core.shell:Creating environment hook '/home/adi673/test_ws/install/articubot_one/share/articubot_one/hook/cmake_prefix_path.sh'
[6.799s] Level 1:colcon.colcon_core.environment:checking '/home/adi673/test_ws/install/articubot_one/bin'
[6.799s] Level 1:colcon.colcon_core.environment:checking '/home/adi673/test_ws/install/articubot_one/lib/pkgconfig/articubot_one.pc'
[6.800s] Level 1:colcon.colcon_core.environment:checking '/home/adi673/test_ws/install/articubot_one/lib/python3.10/site-packages'
[6.800s] Level 1:colcon.colcon_core.environment:checking '/home/adi673/test_ws/install/articubot_one/bin'
[6.850s] INFO:colcon.colcon_core.shell:Creating package script '/home/adi673/test_ws/install/articubot_one/share/articubot_one/package.ps1'
[6.852s] INFO:colcon.colcon_core.shell:Creating package descriptor '/home/adi673/test_ws/install/articubot_one/share/articubot_one/package.dsv'
[6.853s] INFO:colcon.colcon_core.shell:Creating package script '/home/adi673/test_ws/install/articubot_one/share/articubot_one/package.sh'
[6.854s] INFO:colcon.colcon_core.shell:Creating package script '/home/adi673/test_ws/install/articubot_one/share/articubot_one/package.bash'
[6.856s] INFO:colcon.colcon_core.shell:Creating package script '/home/adi673/test_ws/install/articubot_one/share/articubot_one/package.zsh'
[6.858s] Level 1:colcon.colcon_core.environment:create_file_with_runtime_dependencies(/home/adi673/test_ws/install/articubot_one/share/colcon-core/packages/articubot_one)
[6.860s] DEBUG:colcon.colcon_parallel_executor.executor.parallel:closing loop
[6.860s] DEBUG:colcon.colcon_parallel_executor.executor.parallel:loop closed
[6.860s] DEBUG:colcon.colcon_parallel_executor.executor.parallel:run_until_complete finished with '0'
[6.860s] DEBUG:colcon.colcon_core.event_reactor:joining thread
[6.919s] INFO:colcon.colcon_core.plugin_system:Skipping extension 'colcon_notification.desktop_notification.terminal_notifier': Not used on non-Darwin systems
[6.919s] INFO:colcon.colcon_core.plugin_system:Skipping extension 'colcon_notification.desktop_notification.win32': Not used on non-Windows systems
[6.920s] INFO:colcon.colcon_notification.desktop_notification:Sending desktop notification using 'notify2'
[6.952s] DEBUG:colcon.colcon_core.event_reactor:joined thread
[7.028s] INFO:colcon.colcon_core.shell:Creating prefix script '/home/adi673/test_ws/install/local_setup.ps1'
[7.033s] INFO:colcon.colcon_core.shell:Creating prefix util module '/home/adi673/test_ws/install/_local_setup_util_ps1.py'
[7.040s] INFO:colcon.colcon_core.shell:Creating prefix chain script '/home/adi673/test_ws/install/setup.ps1'
[7.168s] INFO:colcon.colcon_core.shell:Creating prefix script '/home/adi673/test_ws/install/local_setup.sh'
[7.170s] INFO:colcon.colcon_core.shell:Creating prefix util module '/home/adi673/test_ws/install/_local_setup_util_sh.py'
[7.176s] INFO:colcon.colcon_core.shell:Creating prefix chain script '/home/adi673/test_ws/install/setup.sh'
[7.267s] INFO:colcon.colcon_core.shell:Creating prefix script '/home/adi673/test_ws/install/local_setup.bash'
[7.270s] INFO:colcon.colcon_core.shell:Creating prefix chain script '/home/adi673/test_ws/install/setup.bash'
[7.336s] INFO:colcon.colcon_core.shell:Creating prefix script '/home/adi673/test_ws/install/local_setup.zsh'
[7.338s] INFO:colcon.colcon_core.shell:Creating prefix chain script '/home/adi673/test_ws/install/setup.zsh'
