[0.330s] Invoking command in '/home/adi673/test_ws/build/my_robo_chassis': CMAKE_PREFIX_PATH=${CMAKE_PREFIX_PATH}:/home/adi673/test_ws/install/my_robo_chassis:/opt/ros/humble /usr/bin/cmake --build /home/adi673/test_ws/build/my_robo_chassis -- -j4 -l4
[0.429s] Invoked command in '/home/adi673/test_ws/build/my_robo_chassis' returned '0': CMAKE_PREFIX_PATH=${CMAKE_PREFIX_PATH}:/home/adi673/test_ws/install/my_robo_chassis:/opt/ros/humble /usr/bin/cmake --build /home/adi673/test_ws/build/my_robo_chassis -- -j4 -l4
[0.507s] Invoking command in '/home/adi673/test_ws/build/my_robo_chassis': CMAKE_PREFIX_PATH=${CMAKE_PREFIX_PATH}:/home/adi673/test_ws/install/my_robo_chassis:/opt/ros/humble /usr/bin/cmake --install /home/adi673/test_ws/build/my_robo_chassis
[0.529s] -- Install configuration: ""
[0.529s] -- Up-to-date: /home/adi673/test_ws/install/my_robo_chassis/share/my_robo_chassis/config
[0.529s] -- Up-to-date: /home/adi673/test_ws/install/my_robo_chassis/share/my_robo_chassis/config/gaz_ros2_ctl_use_sim.yaml
[0.530s] -- Up-to-date: /home/adi673/test_ws/install/my_robo_chassis/share/my_robo_chassis/config/twist_mux.yaml
[0.531s] -- Up-to-date: /home/adi673/test_ws/install/my_robo_chassis/share/my_robo_chassis/config/gazebo_params.yaml
[0.532s] -- Up-to-date: /home/adi673/test_ws/install/my_robo_chassis/share/my_robo_chassis/config/joystick.yaml
[0.538s] -- Up-to-date: /home/adi673/test_ws/install/my_robo_chassis/share/my_robo_chassis/config/view_bot.rviz
[0.538s] -- Up-to-date: /home/adi673/test_ws/install/my_robo_chassis/share/my_robo_chassis/config/nav2_params.yaml
[0.539s] -- Up-to-date: /home/adi673/test_ws/install/my_robo_chassis/share/my_robo_chassis/config/drive_bot.rviz
[0.539s] -- Up-to-date: /home/adi673/test_ws/install/my_robo_chassis/share/my_robo_chassis/config/mapper_params_online_async.yaml
[0.539s] -- Up-to-date: /home/adi673/test_ws/install/my_robo_chassis/share/my_robo_chassis/config/my_controllers.yaml
[0.540s] -- Up-to-date: /home/adi673/test_ws/install/my_robo_chassis/share/my_robo_chassis/config/main.rviz
[0.540s] -- Up-to-date: /home/adi673/test_ws/install/my_robo_chassis/share/my_robo_chassis/config/map.rviz
[0.540s] -- Up-to-date: /home/adi673/test_ws/install/my_robo_chassis/share/my_robo_chassis/config/empty.yaml
[0.541s] -- Up-to-date: /home/adi673/test_ws/install/my_robo_chassis/share/my_robo_chassis/config/ball_tracker_params_robot.yaml
[0.541s] -- Up-to-date: /home/adi673/test_ws/install/my_robo_chassis/share/my_robo_chassis/config/ball_tracker_params_sim.yaml
[0.542s] -- Up-to-date: /home/adi673/test_ws/install/my_robo_chassis/share/my_robo_chassis/description
[0.542s] -- Up-to-date: /home/adi673/test_ws/install/my_robo_chassis/share/my_robo_chassis/description/robot_core.xacro
[0.542s] -- Installing: /home/adi673/test_ws/install/my_robo_chassis/share/my_robo_chassis/description/robot.urdf.xacro
[0.543s] -- Up-to-date: /home/adi673/test_ws/install/my_robo_chassis/share/my_robo_chassis/launch
[0.543s] -- Up-to-date: /home/adi673/test_ws/install/my_robo_chassis/share/my_robo_chassis/launch/rsp.launch.py
[0.544s] -- Up-to-date: /home/adi673/test_ws/install/my_robo_chassis/share/my_robo_chassis/worlds
[0.544s] -- Up-to-date: /home/adi673/test_ws/install/my_robo_chassis/share/my_robo_chassis/worlds/empty.world
[0.544s] -- Up-to-date: /home/adi673/test_ws/install/my_robo_chassis/share/my_robo_chassis/worlds/obstacles.world
[0.545s] -- Up-to-date: /home/adi673/test_ws/install/my_robo_chassis/share/ament_index/resource_index/package_run_dependencies/my_robo_chassis
[0.546s] -- Up-to-date: /home/adi673/test_ws/install/my_robo_chassis/share/ament_index/resource_index/parent_prefix_path/my_robo_chassis
[0.546s] -- Up-to-date: /home/adi673/test_ws/install/my_robo_chassis/share/my_robo_chassis/environment/ament_prefix_path.sh
[0.546s] -- Up-to-date: /home/adi673/test_ws/install/my_robo_chassis/share/my_robo_chassis/environment/ament_prefix_path.dsv
[0.547s] -- Up-to-date: /home/adi673/test_ws/install/my_robo_chassis/share/my_robo_chassis/environment/path.sh
[0.547s] -- Up-to-date: /home/adi673/test_ws/install/my_robo_chassis/share/my_robo_chassis/environment/path.dsv
[0.548s] -- Up-to-date: /home/adi673/test_ws/install/my_robo_chassis/share/my_robo_chassis/local_setup.bash
[0.548s] -- Up-to-date: /home/adi673/test_ws/install/my_robo_chassis/share/my_robo_chassis/local_setup.sh
[0.551s] -- Up-to-date: /home/adi673/test_ws/install/my_robo_chassis/share/my_robo_chassis/local_setup.zsh
[0.551s] -- Up-to-date: /home/adi673/test_ws/install/my_robo_chassis/share/my_robo_chassis/local_setup.dsv
[0.553s] -- Installing: /home/adi673/test_ws/install/my_robo_chassis/share/my_robo_chassis/package.dsv
[0.553s] -- Up-to-date: /home/adi673/test_ws/install/my_robo_chassis/share/ament_index/resource_index/packages/my_robo_chassis
[0.554s] -- Up-to-date: /home/adi673/test_ws/install/my_robo_chassis/share/my_robo_chassis/cmake/my_robo_chassisConfig.cmake
[0.555s] -- Up-to-date: /home/adi673/test_ws/install/my_robo_chassis/share/my_robo_chassis/cmake/my_robo_chassisConfig-version.cmake
[0.555s] -- Up-to-date: /home/adi673/test_ws/install/my_robo_chassis/share/my_robo_chassis/package.xml
[0.561s] Invoked command in '/home/adi673/test_ws/build/my_robo_chassis' returned '0': CMAKE_PREFIX_PATH=${CMAKE_PREFIX_PATH}:/home/adi673/test_ws/install/my_robo_chassis:/opt/ros/humble /usr/bin/cmake --install /home/adi673/test_ws/build/my_robo_chassis
