[1.539s] DEBUG:colcon:Command line arguments: ['/usr/bin/colcon', 'build']
[1.539s] DEBUG:colcon:Parsed command line arguments: Namespace(log_base=None, log_level=None, verb_name='build', build_base='build', install_base='install', merge_install=False, symlink_install=False, test_result_base=None, continue_on_error=False, executor='parallel', parallel_workers=4, event_handlers=None, ignore_user_meta=False, metas=['./colcon.meta'], base_paths=['.'], packages_ignore=None, packages_ignore_regex=None, paths=None, packages_up_to=None, packages_up_to_regex=None, packages_above=None, packages_above_and_dependencies=None, packages_above_depth=None, packages_select_by_dep=None, packages_skip_by_dep=None, packages_skip_up_to=None, packages_select_build_failed=False, packages_skip_build_finished=False, packages_select_test_failures=False, packages_skip_test_passed=False, packages_select=None, packages_skip=None, packages_select_regex=None, packages_skip_regex=None, packages_start=None, packages_end=None, allow_overriding=[], cmake_args=None, cmake_target=None, cmake_target_skip_unavailable=False, cmake_clean_cache=False, cmake_clean_first=False, cmake_force_configure=False, ament_cmake_args=None, catkin_cmake_args=None, catkin_skip_building_tests=False, verb_parser=<colcon_defaults.argument_parser.defaults.DefaultArgumentsDecorator object at 0x7fce04addde0>, verb_extension=<colcon_core.verb.build.BuildVerb object at 0x7fce04add270>, main=<bound method BuildVerb.main of <colcon_core.verb.build.BuildVerb object at 0x7fce04add270>>)
[1.609s] Level 1:colcon.colcon_core.package_discovery:discover_packages(colcon_meta) check parameters
[1.609s] Level 1:colcon.colcon_core.package_discovery:discover_packages(recursive) check parameters
[1.609s] Level 1:colcon.colcon_core.package_discovery:discover_packages(ignore) check parameters
[1.609s] Level 1:colcon.colcon_core.package_discovery:discover_packages(path) check parameters
[1.609s] Level 1:colcon.colcon_core.package_discovery:discover_packages(colcon_meta) discover
[1.610s] Level 1:colcon.colcon_core.package_discovery:discover_packages(recursive) discover
[1.610s] INFO:colcon.colcon_core.package_discovery:Crawling recursively for packages in '/home/adi673/test_ws'
[1.610s] Level 1:colcon.colcon_core.package_identification:_identify(.) by extensions ['ignore', 'ignore_ament_install']
[1.610s] Level 1:colcon.colcon_core.package_identification:_identify(.) by extension 'ignore'
[1.610s] Level 1:colcon.colcon_core.package_identification:_identify(.) by extension 'ignore_ament_install'
[1.610s] Level 1:colcon.colcon_core.package_identification:_identify(.) by extensions ['colcon_pkg']
[1.610s] Level 1:colcon.colcon_core.package_identification:_identify(.) by extension 'colcon_pkg'
[1.610s] Level 1:colcon.colcon_core.package_identification:_identify(.) by extensions ['colcon_meta']
[1.610s] Level 1:colcon.colcon_core.package_identification:_identify(.) by extension 'colcon_meta'
[1.610s] Level 1:colcon.colcon_core.package_identification:_identify(.) by extensions ['ros']
[1.610s] Level 1:colcon.colcon_core.package_identification:_identify(.) by extension 'ros'
[1.625s] Level 1:colcon.colcon_core.package_identification:_identify(.) by extensions ['cmake', 'python']
[1.625s] Level 1:colcon.colcon_core.package_identification:_identify(.) by extension 'cmake'
[1.625s] Level 1:colcon.colcon_core.package_identification:_identify(.) by extension 'python'
[1.625s] Level 1:colcon.colcon_core.package_identification:_identify(.) by extensions ['python_setup_py']
[1.625s] Level 1:colcon.colcon_core.package_identification:_identify(.) by extension 'python_setup_py'
[1.626s] Level 1:colcon.colcon_core.package_identification:_identify(build) by extensions ['ignore', 'ignore_ament_install']
[1.626s] Level 1:colcon.colcon_core.package_identification:_identify(build) by extension 'ignore'
[1.626s] Level 1:colcon.colcon_core.package_identification:_identify(build) ignored
[1.626s] Level 1:colcon.colcon_core.package_identification:_identify(install) by extensions ['ignore', 'ignore_ament_install']
[1.626s] Level 1:colcon.colcon_core.package_identification:_identify(install) by extension 'ignore'
[1.626s] Level 1:colcon.colcon_core.package_identification:_identify(install) ignored
[1.626s] Level 1:colcon.colcon_core.package_identification:_identify(log) by extensions ['ignore', 'ignore_ament_install']
[1.626s] Level 1:colcon.colcon_core.package_identification:_identify(log) by extension 'ignore'
[1.626s] Level 1:colcon.colcon_core.package_identification:_identify(log) ignored
[1.627s] Level 1:colcon.colcon_core.package_identification:_identify(src) by extensions ['ignore', 'ignore_ament_install']
[1.627s] Level 1:colcon.colcon_core.package_identification:_identify(src) by extension 'ignore'
[1.627s] Level 1:colcon.colcon_core.package_identification:_identify(src) by extension 'ignore_ament_install'
[1.627s] Level 1:colcon.colcon_core.package_identification:_identify(src) by extensions ['colcon_pkg']
[1.627s] Level 1:colcon.colcon_core.package_identification:_identify(src) by extension 'colcon_pkg'
[1.627s] Level 1:colcon.colcon_core.package_identification:_identify(src) by extensions ['colcon_meta']
[1.627s] Level 1:colcon.colcon_core.package_identification:_identify(src) by extension 'colcon_meta'
[1.627s] Level 1:colcon.colcon_core.package_identification:_identify(src) by extensions ['ros']
[1.627s] Level 1:colcon.colcon_core.package_identification:_identify(src) by extension 'ros'
[1.627s] Level 1:colcon.colcon_core.package_identification:_identify(src) by extensions ['cmake', 'python']
[1.627s] Level 1:colcon.colcon_core.package_identification:_identify(src) by extension 'cmake'
[1.627s] Level 1:colcon.colcon_core.package_identification:_identify(src) by extension 'python'
[1.627s] Level 1:colcon.colcon_core.package_identification:_identify(src) by extensions ['python_setup_py']
[1.627s] Level 1:colcon.colcon_core.package_identification:_identify(src) by extension 'python_setup_py'
[1.627s] Level 1:colcon.colcon_core.package_identification:_identify(src/articubot_one) by extensions ['ignore', 'ignore_ament_install']
[1.628s] Level 1:colcon.colcon_core.package_identification:_identify(src/articubot_one) by extension 'ignore'
[1.628s] Level 1:colcon.colcon_core.package_identification:_identify(src/articubot_one) by extension 'ignore_ament_install'
[1.628s] Level 1:colcon.colcon_core.package_identification:_identify(src/articubot_one) by extensions ['colcon_pkg']
[1.628s] Level 1:colcon.colcon_core.package_identification:_identify(src/articubot_one) by extension 'colcon_pkg'
[1.628s] Level 1:colcon.colcon_core.package_identification:_identify(src/articubot_one) by extensions ['colcon_meta']
[1.628s] Level 1:colcon.colcon_core.package_identification:_identify(src/articubot_one) by extension 'colcon_meta'
[1.628s] Level 1:colcon.colcon_core.package_identification:_identify(src/articubot_one) by extensions ['ros']
[1.628s] Level 1:colcon.colcon_core.package_identification:_identify(src/articubot_one) by extension 'ros'
[1.631s] DEBUG:colcon.colcon_core.package_identification:Package 'src/articubot_one' with type 'ros.ament_cmake' and name 'articubot_one'
[1.631s] Level 1:colcon.colcon_core.package_identification:_identify(src/my_robo_chassis) by extensions ['ignore', 'ignore_ament_install']
[1.631s] Level 1:colcon.colcon_core.package_identification:_identify(src/my_robo_chassis) by extension 'ignore'
[1.632s] Level 1:colcon.colcon_core.package_identification:_identify(src/my_robo_chassis) by extension 'ignore_ament_install'
[1.632s] Level 1:colcon.colcon_core.package_identification:_identify(src/my_robo_chassis) by extensions ['colcon_pkg']
[1.632s] Level 1:colcon.colcon_core.package_identification:_identify(src/my_robo_chassis) by extension 'colcon_pkg'
[1.632s] Level 1:colcon.colcon_core.package_identification:_identify(src/my_robo_chassis) by extensions ['colcon_meta']
[1.632s] Level 1:colcon.colcon_core.package_identification:_identify(src/my_robo_chassis) by extension 'colcon_meta'
[1.632s] Level 1:colcon.colcon_core.package_identification:_identify(src/my_robo_chassis) by extensions ['ros']
[1.632s] Level 1:colcon.colcon_core.package_identification:_identify(src/my_robo_chassis) by extension 'ros'
[1.632s] DEBUG:colcon.colcon_core.package_identification:Package 'src/my_robo_chassis' with type 'ros.ament_cmake' and name 'my_robo_chassis'
[1.633s] Level 1:colcon.colcon_core.package_discovery:discover_packages(recursive) using defaults
[1.633s] Level 1:colcon.colcon_core.package_discovery:discover_packages(ignore) discover
[1.633s] Level 1:colcon.colcon_core.package_discovery:discover_packages(ignore) using defaults
[1.633s] Level 1:colcon.colcon_core.package_discovery:discover_packages(path) discover
[1.633s] Level 1:colcon.colcon_core.package_discovery:discover_packages(path) using defaults
[1.769s] Level 1:colcon.colcon_core.package_discovery:discover_packages(prefix_path) check parameters
[1.769s] Level 1:colcon.colcon_core.package_discovery:discover_packages(prefix_path) discover
[1.818s] DEBUG:colcon.colcon_installed_package_information.package_discovery:Found 2 installed packages in /home/adi673/test_ws/install
[1.842s] DEBUG:colcon.colcon_installed_package_information.package_discovery:Found 3 installed packages in /home/adi673/gazebo2/install
[1.865s] DEBUG:colcon.colcon_installed_package_information.package_discovery:Found 1 installed packages in /home/adi673/ws/install
[1.907s] DEBUG:colcon.colcon_installed_package_information.package_discovery:Found 11 installed packages in /home/adi673/colcon_ws/install
[1.931s] DEBUG:colcon.colcon_installed_package_information.package_discovery:Found 397 installed packages in /opt/ros/humble
[1.934s] Level 1:colcon.colcon_core.package_discovery:discover_packages(prefix_path) using defaults
[2.087s] Level 5:colcon.colcon_core.verb:set package 'articubot_one' build argument 'cmake_args' from command line to 'None'
[2.087s] Level 5:colcon.colcon_core.verb:set package 'articubot_one' build argument 'cmake_target' from command line to 'None'
[2.087s] Level 5:colcon.colcon_core.verb:set package 'articubot_one' build argument 'cmake_target_skip_unavailable' from command line to 'False'
[2.087s] Level 5:colcon.colcon_core.verb:set package 'articubot_one' build argument 'cmake_clean_cache' from command line to 'False'
[2.087s] Level 5:colcon.colcon_core.verb:set package 'articubot_one' build argument 'cmake_clean_first' from command line to 'False'
[2.087s] Level 5:colcon.colcon_core.verb:set package 'articubot_one' build argument 'cmake_force_configure' from command line to 'False'
[2.087s] Level 5:colcon.colcon_core.verb:set package 'articubot_one' build argument 'ament_cmake_args' from command line to 'None'
[2.087s] Level 5:colcon.colcon_core.verb:set package 'articubot_one' build argument 'catkin_cmake_args' from command line to 'None'
[2.087s] Level 5:colcon.colcon_core.verb:set package 'articubot_one' build argument 'catkin_skip_building_tests' from command line to 'False'
[2.087s] DEBUG:colcon.colcon_core.verb:Building package 'articubot_one' with the following arguments: {'ament_cmake_args': None, 'build_base': '/home/adi673/test_ws/build/articubot_one', 'catkin_cmake_args': None, 'catkin_skip_building_tests': False, 'cmake_args': None, 'cmake_clean_cache': False, 'cmake_clean_first': False, 'cmake_force_configure': False, 'cmake_target': None, 'cmake_target_skip_unavailable': False, 'install_base': '/home/adi673/test_ws/install/articubot_one', 'merge_install': False, 'path': '/home/adi673/test_ws/src/articubot_one', 'symlink_install': False, 'test_result_base': None}
[2.112s] Level 5:colcon.colcon_core.verb:set package 'my_robo_chassis' build argument 'cmake_args' from command line to 'None'
[2.112s] Level 5:colcon.colcon_core.verb:set package 'my_robo_chassis' build argument 'cmake_target' from command line to 'None'
[2.112s] Level 5:colcon.colcon_core.verb:set package 'my_robo_chassis' build argument 'cmake_target_skip_unavailable' from command line to 'False'
[2.112s] Level 5:colcon.colcon_core.verb:set package 'my_robo_chassis' build argument 'cmake_clean_cache' from command line to 'False'
[2.112s] Level 5:colcon.colcon_core.verb:set package 'my_robo_chassis' build argument 'cmake_clean_first' from command line to 'False'
[2.112s] Level 5:colcon.colcon_core.verb:set package 'my_robo_chassis' build argument 'cmake_force_configure' from command line to 'False'
[2.112s] Level 5:colcon.colcon_core.verb:set package 'my_robo_chassis' build argument 'ament_cmake_args' from command line to 'None'
[2.112s] Level 5:colcon.colcon_core.verb:set package 'my_robo_chassis' build argument 'catkin_cmake_args' from command line to 'None'
[2.112s] Level 5:colcon.colcon_core.verb:set package 'my_robo_chassis' build argument 'catkin_skip_building_tests' from command line to 'False'
[2.112s] DEBUG:colcon.colcon_core.verb:Building package 'my_robo_chassis' with the following arguments: {'ament_cmake_args': None, 'build_base': '/home/adi673/test_ws/build/my_robo_chassis', 'catkin_cmake_args': None, 'catkin_skip_building_tests': False, 'cmake_args': None, 'cmake_clean_cache': False, 'cmake_clean_first': False, 'cmake_force_configure': False, 'cmake_target': None, 'cmake_target_skip_unavailable': False, 'install_base': '/home/adi673/test_ws/install/my_robo_chassis', 'merge_install': False, 'path': '/home/adi673/test_ws/src/my_robo_chassis', 'symlink_install': False, 'test_result_base': None}
[2.142s] INFO:colcon.colcon_core.executor:Executing jobs using 'parallel' executor
[2.170s] DEBUG:colcon.colcon_parallel_executor.executor.parallel:run_until_complete
[2.170s] INFO:colcon.colcon_ros.task.ament_cmake.build:Building ROS package in '/home/adi673/test_ws/src/articubot_one' with build type 'ament_cmake'
[2.171s] INFO:colcon.colcon_cmake.task.cmake.build:Building CMake package in '/home/adi673/test_ws/src/articubot_one'
[2.221s] INFO:colcon.colcon_core.plugin_system:Skipping extension 'colcon_core.shell.bat': Not used on non-Windows systems
[2.222s] INFO:colcon.colcon_core.shell:Skip shell extension 'powershell' for command environment: Not usable outside of PowerShell
[2.222s] DEBUG:colcon.colcon_core.shell:Skip shell extension 'dsv' for command environment
[2.439s] INFO:colcon.colcon_ros.task.ament_cmake.build:Building ROS package in '/home/adi673/test_ws/src/my_robo_chassis' with build type 'ament_cmake'
[2.439s] INFO:colcon.colcon_cmake.task.cmake.build:Building CMake package in '/home/adi673/test_ws/src/my_robo_chassis'
[2.476s] INFO:colcon.colcon_core.shell:Skip shell extension 'powershell' for command environment: Not usable outside of PowerShell
[2.476s] DEBUG:colcon.colcon_core.shell:Skip shell extension 'dsv' for command environment
[2.643s] DEBUG:colcon.colcon_core.event_handler.log_command:Invoking command in '/home/adi673/test_ws/build/articubot_one': CMAKE_PREFIX_PATH=${CMAKE_PREFIX_PATH}:/opt/ros/humble /usr/bin/cmake --build /home/adi673/test_ws/build/articubot_one -- -j4 -l4
[2.655s] DEBUG:colcon.colcon_core.event_handler.log_command:Invoking command in '/home/adi673/test_ws/build/my_robo_chassis': CMAKE_PREFIX_PATH=${CMAKE_PREFIX_PATH}:/opt/ros/humble /usr/bin/cmake --build /home/adi673/test_ws/build/my_robo_chassis -- -j4 -l4
[2.729s] DEBUG:colcon.colcon_core.event_handler.log_command:Invoked command in '/home/adi673/test_ws/build/articubot_one' returned '0': CMAKE_PREFIX_PATH=${CMAKE_PREFIX_PATH}:/opt/ros/humble /usr/bin/cmake --build /home/adi673/test_ws/build/articubot_one -- -j4 -l4
[2.739s] DEBUG:colcon.colcon_core.event_handler.log_command:Invoked command in '/home/adi673/test_ws/build/my_robo_chassis' returned '0': CMAKE_PREFIX_PATH=${CMAKE_PREFIX_PATH}:/opt/ros/humble /usr/bin/cmake --build /home/adi673/test_ws/build/my_robo_chassis -- -j4 -l4
[2.790s] DEBUG:colcon.colcon_core.event_handler.log_command:Invoking command in '/home/adi673/test_ws/build/articubot_one': CMAKE_PREFIX_PATH=${CMAKE_PREFIX_PATH}:/opt/ros/humble /usr/bin/cmake --install /home/adi673/test_ws/build/articubot_one
[2.796s] DEBUG:colcon.colcon_core.event_handler.log_command:Invoking command in '/home/adi673/test_ws/build/my_robo_chassis': CMAKE_PREFIX_PATH=${CMAKE_PREFIX_PATH}:/opt/ros/humble /usr/bin/cmake --install /home/adi673/test_ws/build/my_robo_chassis
[2.839s] Level 1:colcon.colcon_core.environment:create_environment_scripts_only(articubot_one)
[2.840s] DEBUG:colcon.colcon_core.event_handler.log_command:Invoked command in '/home/adi673/test_ws/build/articubot_one' returned '0': CMAKE_PREFIX_PATH=${CMAKE_PREFIX_PATH}:/opt/ros/humble /usr/bin/cmake --install /home/adi673/test_ws/build/articubot_one
[2.871s] Level 1:colcon.colcon_core.environment:checking '/home/adi673/test_ws/install/articubot_one' for CMake module files
[2.872s] Level 1:colcon.colcon_core.environment:checking '/home/adi673/test_ws/install/articubot_one' for CMake config files
[2.873s] Level 1:colcon.colcon_core.shell:create_environment_hook('articubot_one', 'cmake_prefix_path')
[2.898s] INFO:colcon.colcon_core.shell:Creating environment hook '/home/adi673/test_ws/install/articubot_one/share/articubot_one/hook/cmake_prefix_path.ps1'
[2.900s] INFO:colcon.colcon_core.shell:Creating environment descriptor '/home/adi673/test_ws/install/articubot_one/share/articubot_one/hook/cmake_prefix_path.dsv'
[2.900s] INFO:colcon.colcon_core.shell:Creating environment hook '/home/adi673/test_ws/install/articubot_one/share/articubot_one/hook/cmake_prefix_path.sh'
[2.902s] Level 1:colcon.colcon_core.environment:checking '/home/adi673/test_ws/install/articubot_one/bin'
[2.902s] Level 1:colcon.colcon_core.environment:checking '/home/adi673/test_ws/install/articubot_one/lib/pkgconfig/articubot_one.pc'
[2.902s] Level 1:colcon.colcon_core.environment:checking '/home/adi673/test_ws/install/articubot_one/lib/python3.10/site-packages'
[2.903s] Level 1:colcon.colcon_core.environment:checking '/home/adi673/test_ws/install/articubot_one/bin'
[2.942s] INFO:colcon.colcon_core.shell:Creating package script '/home/adi673/test_ws/install/articubot_one/share/articubot_one/package.ps1'
[2.945s] INFO:colcon.colcon_core.shell:Creating package descriptor '/home/adi673/test_ws/install/articubot_one/share/articubot_one/package.dsv'
[2.946s] INFO:colcon.colcon_core.shell:Creating package script '/home/adi673/test_ws/install/articubot_one/share/articubot_one/package.sh'
[2.948s] INFO:colcon.colcon_core.shell:Creating package script '/home/adi673/test_ws/install/articubot_one/share/articubot_one/package.bash'
[2.950s] INFO:colcon.colcon_core.shell:Creating package script '/home/adi673/test_ws/install/articubot_one/share/articubot_one/package.zsh'
[2.951s] Level 1:colcon.colcon_core.environment:create_file_with_runtime_dependencies(/home/adi673/test_ws/install/articubot_one/share/colcon-core/packages/articubot_one)
[2.955s] Level 1:colcon.colcon_core.environment:create_environment_scripts_only(my_robo_chassis)
[2.956s] DEBUG:colcon.colcon_core.event_handler.log_command:Invoked command in '/home/adi673/test_ws/build/my_robo_chassis' returned '0': CMAKE_PREFIX_PATH=${CMAKE_PREFIX_PATH}:/opt/ros/humble /usr/bin/cmake --install /home/adi673/test_ws/build/my_robo_chassis
[2.999s] Level 1:colcon.colcon_core.environment:checking '/home/adi673/test_ws/install/my_robo_chassis' for CMake module files
[3.000s] Level 1:colcon.colcon_core.environment:checking '/home/adi673/test_ws/install/my_robo_chassis' for CMake config files
[3.000s] Level 1:colcon.colcon_core.shell:create_environment_hook('my_robo_chassis', 'cmake_prefix_path')
[3.038s] INFO:colcon.colcon_core.shell:Creating environment hook '/home/adi673/test_ws/install/my_robo_chassis/share/my_robo_chassis/hook/cmake_prefix_path.ps1'
[3.039s] INFO:colcon.colcon_core.shell:Creating environment descriptor '/home/adi673/test_ws/install/my_robo_chassis/share/my_robo_chassis/hook/cmake_prefix_path.dsv'
[3.040s] INFO:colcon.colcon_core.shell:Creating environment hook '/home/adi673/test_ws/install/my_robo_chassis/share/my_robo_chassis/hook/cmake_prefix_path.sh'
[3.042s] Level 1:colcon.colcon_core.environment:checking '/home/adi673/test_ws/install/my_robo_chassis/lib'
[3.042s] Level 1:colcon.colcon_core.environment:checking '/home/adi673/test_ws/install/my_robo_chassis/bin'
[3.042s] Level 1:colcon.colcon_core.environment:checking '/home/adi673/test_ws/install/my_robo_chassis/lib/pkgconfig/my_robo_chassis.pc'
[3.042s] Level 1:colcon.colcon_core.environment:checking '/home/adi673/test_ws/install/my_robo_chassis/lib/python3.10/site-packages'
[3.042s] Level 1:colcon.colcon_core.shell:create_environment_hook('my_robo_chassis', 'pythonpath')
[3.066s] INFO:colcon.colcon_core.shell:Creating environment hook '/home/adi673/test_ws/install/my_robo_chassis/share/my_robo_chassis/hook/pythonpath.ps1'
[3.067s] INFO:colcon.colcon_core.shell:Creating environment descriptor '/home/adi673/test_ws/install/my_robo_chassis/share/my_robo_chassis/hook/pythonpath.dsv'
[3.067s] INFO:colcon.colcon_core.shell:Creating environment hook '/home/adi673/test_ws/install/my_robo_chassis/share/my_robo_chassis/hook/pythonpath.sh'
[3.068s] Level 1:colcon.colcon_core.environment:checking '/home/adi673/test_ws/install/my_robo_chassis/bin'
[3.093s] INFO:colcon.colcon_core.shell:Creating package script '/home/adi673/test_ws/install/my_robo_chassis/share/my_robo_chassis/package.ps1'
[3.094s] INFO:colcon.colcon_core.shell:Creating package descriptor '/home/adi673/test_ws/install/my_robo_chassis/share/my_robo_chassis/package.dsv'
[3.095s] INFO:colcon.colcon_core.shell:Creating package script '/home/adi673/test_ws/install/my_robo_chassis/share/my_robo_chassis/package.sh'
[3.096s] INFO:colcon.colcon_core.shell:Creating package script '/home/adi673/test_ws/install/my_robo_chassis/share/my_robo_chassis/package.bash'
[3.096s] INFO:colcon.colcon_core.shell:Creating package script '/home/adi673/test_ws/install/my_robo_chassis/share/my_robo_chassis/package.zsh'
[3.097s] Level 1:colcon.colcon_core.environment:create_file_with_runtime_dependencies(/home/adi673/test_ws/install/my_robo_chassis/share/colcon-core/packages/my_robo_chassis)
[3.136s] Level 1:colcon.colcon_core.environment:create_environment_scripts_only(articubot_one)
[3.170s] Level 1:colcon.colcon_core.environment:checking '/home/adi673/test_ws/install/articubot_one' for CMake module files
[3.170s] Level 1:colcon.colcon_core.environment:checking '/home/adi673/test_ws/install/articubot_one' for CMake config files
[3.171s] Level 1:colcon.colcon_core.shell:create_environment_hook('articubot_one', 'cmake_prefix_path')
[3.196s] INFO:colcon.colcon_core.shell:Creating environment hook '/home/adi673/test_ws/install/articubot_one/share/articubot_one/hook/cmake_prefix_path.ps1'
[3.197s] INFO:colcon.colcon_core.shell:Creating environment descriptor '/home/adi673/test_ws/install/articubot_one/share/articubot_one/hook/cmake_prefix_path.dsv'
[3.197s] INFO:colcon.colcon_core.shell:Creating environment hook '/home/adi673/test_ws/install/articubot_one/share/articubot_one/hook/cmake_prefix_path.sh'
[3.198s] Level 1:colcon.colcon_core.environment:checking '/home/adi673/test_ws/install/articubot_one/bin'
[3.198s] Level 1:colcon.colcon_core.environment:checking '/home/adi673/test_ws/install/articubot_one/lib/pkgconfig/articubot_one.pc'
[3.199s] Level 1:colcon.colcon_core.environment:checking '/home/adi673/test_ws/install/articubot_one/lib/python3.10/site-packages'
[3.199s] Level 1:colcon.colcon_core.environment:checking '/home/adi673/test_ws/install/articubot_one/bin'
[3.225s] INFO:colcon.colcon_core.shell:Creating package script '/home/adi673/test_ws/install/articubot_one/share/articubot_one/package.ps1'
[3.226s] INFO:colcon.colcon_core.shell:Creating package descriptor '/home/adi673/test_ws/install/articubot_one/share/articubot_one/package.dsv'
[3.228s] INFO:colcon.colcon_core.shell:Creating package script '/home/adi673/test_ws/install/articubot_one/share/articubot_one/package.sh'
[3.229s] INFO:colcon.colcon_core.shell:Creating package script '/home/adi673/test_ws/install/articubot_one/share/articubot_one/package.bash'
[3.229s] INFO:colcon.colcon_core.shell:Creating package script '/home/adi673/test_ws/install/articubot_one/share/articubot_one/package.zsh'
[3.230s] Level 1:colcon.colcon_core.environment:create_file_with_runtime_dependencies(/home/adi673/test_ws/install/articubot_one/share/colcon-core/packages/articubot_one)
[3.259s] Level 1:colcon.colcon_core.environment:create_environment_scripts_only(my_robo_chassis)
[3.286s] Level 1:colcon.colcon_core.environment:checking '/home/adi673/test_ws/install/my_robo_chassis' for CMake module files
[3.287s] Level 1:colcon.colcon_core.environment:checking '/home/adi673/test_ws/install/my_robo_chassis' for CMake config files
[3.287s] Level 1:colcon.colcon_core.shell:create_environment_hook('my_robo_chassis', 'cmake_prefix_path')
[3.324s] INFO:colcon.colcon_core.shell:Creating environment hook '/home/adi673/test_ws/install/my_robo_chassis/share/my_robo_chassis/hook/cmake_prefix_path.ps1'
[3.326s] INFO:colcon.colcon_core.shell:Creating environment descriptor '/home/adi673/test_ws/install/my_robo_chassis/share/my_robo_chassis/hook/cmake_prefix_path.dsv'
[3.327s] INFO:colcon.colcon_core.shell:Creating environment hook '/home/adi673/test_ws/install/my_robo_chassis/share/my_robo_chassis/hook/cmake_prefix_path.sh'
[3.328s] Level 1:colcon.colcon_core.environment:checking '/home/adi673/test_ws/install/my_robo_chassis/lib'
[3.328s] Level 1:colcon.colcon_core.environment:checking '/home/adi673/test_ws/install/my_robo_chassis/bin'
[3.328s] Level 1:colcon.colcon_core.environment:checking '/home/adi673/test_ws/install/my_robo_chassis/lib/pkgconfig/my_robo_chassis.pc'
[3.329s] Level 1:colcon.colcon_core.environment:checking '/home/adi673/test_ws/install/my_robo_chassis/lib/python3.10/site-packages'
[3.329s] Level 1:colcon.colcon_core.shell:create_environment_hook('my_robo_chassis', 'pythonpath')
[3.361s] INFO:colcon.colcon_core.shell:Creating environment hook '/home/adi673/test_ws/install/my_robo_chassis/share/my_robo_chassis/hook/pythonpath.ps1'
[3.362s] INFO:colcon.colcon_core.shell:Creating environment descriptor '/home/adi673/test_ws/install/my_robo_chassis/share/my_robo_chassis/hook/pythonpath.dsv'
[3.362s] INFO:colcon.colcon_core.shell:Creating environment hook '/home/adi673/test_ws/install/my_robo_chassis/share/my_robo_chassis/hook/pythonpath.sh'
[3.363s] Level 1:colcon.colcon_core.environment:checking '/home/adi673/test_ws/install/my_robo_chassis/bin'
[3.390s] INFO:colcon.colcon_core.shell:Creating package script '/home/adi673/test_ws/install/my_robo_chassis/share/my_robo_chassis/package.ps1'
[3.392s] INFO:colcon.colcon_core.shell:Creating package descriptor '/home/adi673/test_ws/install/my_robo_chassis/share/my_robo_chassis/package.dsv'
[3.393s] INFO:colcon.colcon_core.shell:Creating package script '/home/adi673/test_ws/install/my_robo_chassis/share/my_robo_chassis/package.sh'
[3.394s] INFO:colcon.colcon_core.shell:Creating package script '/home/adi673/test_ws/install/my_robo_chassis/share/my_robo_chassis/package.bash'
[3.395s] INFO:colcon.colcon_core.shell:Creating package script '/home/adi673/test_ws/install/my_robo_chassis/share/my_robo_chassis/package.zsh'
[3.396s] Level 1:colcon.colcon_core.environment:create_file_with_runtime_dependencies(/home/adi673/test_ws/install/my_robo_chassis/share/colcon-core/packages/my_robo_chassis)
[3.397s] DEBUG:colcon.colcon_parallel_executor.executor.parallel:closing loop
[3.398s] DEBUG:colcon.colcon_parallel_executor.executor.parallel:loop closed
[3.398s] DEBUG:colcon.colcon_parallel_executor.executor.parallel:run_until_complete finished with '0'
[3.398s] DEBUG:colcon.colcon_core.event_reactor:joining thread
[3.445s] INFO:colcon.colcon_core.plugin_system:Skipping extension 'colcon_notification.desktop_notification.terminal_notifier': Not used on non-Darwin systems
[3.445s] INFO:colcon.colcon_core.plugin_system:Skipping extension 'colcon_notification.desktop_notification.win32': Not used on non-Windows systems
[3.445s] INFO:colcon.colcon_notification.desktop_notification:Sending desktop notification using 'notify2'
[3.471s] DEBUG:colcon.colcon_core.event_reactor:joined thread
[3.503s] INFO:colcon.colcon_core.shell:Creating prefix script '/home/adi673/test_ws/install/local_setup.ps1'
[3.505s] INFO:colcon.colcon_core.shell:Creating prefix util module '/home/adi673/test_ws/install/_local_setup_util_ps1.py'
[3.508s] INFO:colcon.colcon_core.shell:Creating prefix chain script '/home/adi673/test_ws/install/setup.ps1'
[3.538s] INFO:colcon.colcon_core.shell:Creating prefix script '/home/adi673/test_ws/install/local_setup.sh'
[3.540s] INFO:colcon.colcon_core.shell:Creating prefix util module '/home/adi673/test_ws/install/_local_setup_util_sh.py'
[3.541s] INFO:colcon.colcon_core.shell:Creating prefix chain script '/home/adi673/test_ws/install/setup.sh'
[3.568s] INFO:colcon.colcon_core.shell:Creating prefix script '/home/adi673/test_ws/install/local_setup.bash'
[3.570s] INFO:colcon.colcon_core.shell:Creating prefix chain script '/home/adi673/test_ws/install/setup.bash'
[3.597s] INFO:colcon.colcon_core.shell:Creating prefix script '/home/adi673/test_ws/install/local_setup.zsh'
[3.598s] INFO:colcon.colcon_core.shell:Creating prefix chain script '/home/adi673/test_ws/install/setup.zsh'
